[16391:16391:1028/233518.600151:INFO:CONSOLE(8551)] "observer method `collapsedChange_` not defined", source: https://www.youtube.com/s/desktop/82ad98a4/jsbin/desktop_polymer_inlined_html_polymer_flags.vflset/desktop_polymer_inlined_html_polymer_flags.js (8551)
[16391:16391:1028/233519.095852:INFO:CONSOLE(1)] "get returns [object Object] /settings undefined", source: chrome-extension://kbbgjcgdcibilpahljnlejefcehbljnd/background.js (1)
[16391:16391:1028/233519.120541:INFO:CONSOLE(36)] "yttrex version 1.4.2", source: chrome-extension://kbbgjcgdcibilpahljnlejefcehbljnd/app.js (36)
[16391:16391:1028/233519.120866:INFO:CONSOLE(36)] "[object Object]", source: chrome-extension://kbbgjcgdcibilpahljnlejefcehbljnd/app.js (36)
[16391:16391:1028/233519.126041:INFO:CONSOLE(1)] "get returns [object Object] local [object Object]", source: chrome-extension://kbbgjcgdcibilpahljnlejefcehbljnd/background.js (1)
[16391:16391:1028/233519.126113:INFO:CONSOLE(27)] "sending back from userLookup local [object Object]", source: chrome-extension://kbbgjcgdcibilpahljnlejefcehbljnd/background.js (27)
[16391:16391:1028/233519.182642:INFO:CONSOLE(36)] "app.js gets [object Object] from localLookup", source: chrome-extension://kbbgjcgdcibilpahljnlejefcehbljnd/app.js (36)
[16391:16391:1028/233521.991419:INFO:CONSOLE(0)] "The resource https://r4---sn-45nufxc-4jve.googlevideo.com/generate_204?conn2 was preloaded using link preload but not used within a few seconds from the window's load event. Please make sure it has an appropriate `as` value and it is preloaded intentionally.", source: https://www.youtube.com/watch?v=qaM80BjvLuA (0)
[16391:16391:1028/233521.991594:INFO:CONSOLE(0)] "The resource https://i.ytimg.com/generate_204 was preloaded using link preload but not used within a few seconds from the window's load event. Please make sure it has an appropriate `as` value and it is preloaded intentionally.", source: https://www.youtube.com/watch?v=qaM80BjvLuA (0)
[16391:16391:1028/233521.991696:INFO:CONSOLE(0)] "The resource https://r4---sn-45nufxc-4jve.googlevideo.com/generate_204 was preloaded using link preload but not used within a few seconds from the window's load event. Please make sure it has an appropriate `as` value and it is preloaded intentionally.", source: https://www.youtube.com/watch?v=qaM80BjvLuA (0)
[16391:16391:1028/233523.193632:INFO:CONSOLE(35)] "channel  extra metadata found: 0 {}", source: chrome-extension://kbbgjcgdcibilpahljnlejefcehbljnd/app.js (35)
[16391:16391:1028/233523.195490:INFO:CONSOLE(35)] "newInfo [object Object]", source: chrome-extension://kbbgjcgdcibilpahljnlejefcehbljnd/app.js (35)
[16391:16391:1028/233523.199427:INFO:CONSOLE(35)] "title [object Object] extra metadata found: 1 {"innerTitle":1}", source: chrome-extension://kbbgjcgdcibilpahljnlejefcehbljnd/app.js (35)
[16391:16391:1028/233523.200117:INFO:CONSOLE(35)] "newInfo [object Object]", source: chrome-extension://kbbgjcgdcibilpahljnlejefcehbljnd/app.js (35)
[16391:16391:1028/233523.204015:INFO:CONSOLE(35)] "over ["What does the first plant on the moon look like？InfoShoppingWatch laterShareCopy link"]", source: chrome-extension://kbbgjcgdcibilpahljnlejefcehbljnd/app.js (35)
[16391:16391:1028/233523.204354:INFO:CONSOLE(35)] "over  extra metadata found: 0 {}", source: chrome-extension://kbbgjcgdcibilpahljnlejefcehbljnd/app.js (35)
[16391:16391:1028/233523.204912:INFO:CONSOLE(35)] "newInfo [object Object]", source: chrome-extension://kbbgjcgdcibilpahljnlejefcehbljnd/app.js (35)
[16391:16391:1028/233523.219674:INFO:CONSOLE(35)] "selector Label, mineExtraMetadata calls extendLabel over 122", source: chrome-extension://kbbgjcgdcibilpahljnlejefcehbljnd/app.js (35)
[16391:16391:1028/233523.222219:INFO:CONSOLE(35)] "label [object Object],[object Object] extra metadata found: 2 {"number":2}", source: chrome-extension://kbbgjcgdcibilpahljnlejefcehbljnd/app.js (35)
[16391:16391:1028/233523.223017:INFO:CONSOLE(35)] "newInfo [object Object]", source: chrome-extension://kbbgjcgdcibilpahljnlejefcehbljnd/app.js (35)
[16391:16391:1028/233523.223583:INFO:CONSOLE(36)] "changeMonitor ["channel","title","over","label"]", source: chrome-extension://kbbgjcgdcibilpahljnlejefcehbljnd/app.js (36)
[16391:16391:1028/233528.222271:INFO:CONSOLE(35)] "newVideo [object Object]", source: chrome-extension://kbbgjcgdcibilpahljnlejefcehbljnd/app.js (35)
[16391:16391:1028/233528.223739:INFO:CONSOLE(36)] "-> 1 new href+content sent, selector ytd-app Wed Oct 28 2020 23:35:28 GMT+0100 (Central European Standard Time) size 243626 243626", source: chrome-extension://kbbgjcgdcibilpahljnlejefcehbljnd/app.js (36)
[16391:16391:1028/233531.192075:INFO:CONSOLE(35)] "channel  extra metadata found: 0 {}", source: chrome-extension://kbbgjcgdcibilpahljnlejefcehbljnd/app.js (35)
[16391:16391:1028/233531.194168:INFO:CONSOLE(35)] "newInfo [object Object]", source: chrome-extension://kbbgjcgdcibilpahljnlejefcehbljnd/app.js (35)
[16391:16391:1028/233531.196219:INFO:CONSOLE(35)] "title [object Object] extra metadata found: 1 {"innerTitle":1}", source: chrome-extension://kbbgjcgdcibilpahljnlejefcehbljnd/app.js (35)
[16391:16391:1028/233531.198037:INFO:CONSOLE(35)] "newInfo [object Object]", source: chrome-extension://kbbgjcgdcibilpahljnlejefcehbljnd/app.js (35)
[16391:16391:1028/233531.202315:INFO:CONSOLE(35)] "over ["What does the first plant on the moon look like？InfoShoppingWatch laterShareCopy link"]", source: chrome-extension://kbbgjcgdcibilpahljnlejefcehbljnd/app.js (35)
[16391:16391:1028/233531.203055:INFO:CONSOLE(35)] "over  extra metadata found: 0 {}", source: chrome-extension://kbbgjcgdcibilpahljnlejefcehbljnd/app.js (35)
[16391:16391:1028/233531.204481:INFO:CONSOLE(35)] "newInfo [object Object]", source: chrome-extension://kbbgjcgdcibilpahljnlejefcehbljnd/app.js (35)
[16391:16391:1028/233531.216688:INFO:CONSOLE(35)] "selector Label, mineExtraMetadata calls extendLabel over 122", source: chrome-extension://kbbgjcgdcibilpahljnlejefcehbljnd/app.js (35)
[16391:16391:1028/233531.220794:INFO:CONSOLE(35)] "label [object Object],[object Object] extra metadata found: 2 {"number":2}", source: chrome-extension://kbbgjcgdcibilpahljnlejefcehbljnd/app.js (35)
[16391:16391:1028/233531.221801:INFO:CONSOLE(35)] "newInfo [object Object]", source: chrome-extension://kbbgjcgdcibilpahljnlejefcehbljnd/app.js (35)
[16391:16391:1028/233531.222617:INFO:CONSOLE(36)] "changeMonitor ["channel","title","over","label"]", source: chrome-extension://kbbgjcgdcibilpahljnlejefcehbljnd/app.js (36)
[16391:16391:1028/233535.212280:INFO:CONSOLE(35)] "selector Label, mineExtraMetadata calls extendLabel over 122", source: chrome-extension://kbbgjcgdcibilpahljnlejefcehbljnd/app.js (35)
[16391:16391:1028/233535.215392:INFO:CONSOLE(35)] "label [object Object],[object Object] extra metadata found: 2 {"number":2}", source: chrome-extension://kbbgjcgdcibilpahljnlejefcehbljnd/app.js (35)
[16391:16391:1028/233535.216347:INFO:CONSOLE(35)] "newInfo [object Object]", source: chrome-extension://kbbgjcgdcibilpahljnlejefcehbljnd/app.js (35)
[16391:16391:1028/233535.219807:INFO:CONSOLE(36)] "changeMonitor ["label"]", source: chrome-extension://kbbgjcgdcibilpahljnlejefcehbljnd/app.js (36)
[16391:16391:1028/233537.241382:INFO:CONSOLE(35)] "newVideo [object Object]", source: chrome-extension://kbbgjcgdcibilpahljnlejefcehbljnd/app.js (35)
[16391:16391:1028/233537.241534:INFO:CONSOLE(36)] "-> 2 new href+content sent, selector ytd-app Wed Oct 28 2020 23:35:37 GMT+0100 (Central European Standard Time) size 243600 243626,243600", source: chrome-extension://kbbgjcgdcibilpahljnlejefcehbljnd/app.js (36)
[16391:16391:1028/233537.396848:INFO:CONSOLE(35)] "sync tot (11/11) {"info":9,"video":2} with 1 randomUUID(s) with 1 randomUUID(s)", source: chrome-extension://kbbgjcgdcibilpahljnlejefcehbljnd/app.js (35)
[16391:16391:1028/233537.438500:INFO:CONSOLE(35)] "windowUnload undefined", source: chrome-extension://kbbgjcgdcibilpahljnlejefcehbljnd/app.js (35)
[16391:16391:1028/233537.853686:WARNING:pref_notifier_impl.cc(40)] Pref observer for media_router.cast_allow_all_ips found at shutdown.
