[7983:7983:1106/055506.313837:INFO:CONSOLE(8567)] "observer method `collapsedChange_` not defined", source: https://www.youtube.com/s/desktop/62ddf1de/jsbin/desktop_polymer_inlined_html_polymer_flags.vflset/desktop_polymer_inlined_html_polymer_flags.js (8567)
[7983:7983:1106/055509.386735:INFO:CONSOLE(1)] "get returns [object Object] /settings undefined", source: chrome-extension://kbbgjcgdcibilpahljnlejefcehbljnd/background.js (1)
[7983:7983:1106/055509.720762:INFO:CONSOLE(36)] "yttrex version 1.4.2", source: chrome-extension://kbbgjcgdcibilpahljnlejefcehbljnd/app.js (36)
[7983:7983:1106/055509.725037:INFO:CONSOLE(36)] "[object Object]", source: chrome-extension://kbbgjcgdcibilpahljnlejefcehbljnd/app.js (36)
[7983:7983:1106/055509.745883:INFO:CONSOLE(1)] "get returns [object Object] local [object Object]", source: chrome-extension://kbbgjcgdcibilpahljnlejefcehbljnd/background.js (1)
[7983:7983:1106/055509.745943:INFO:CONSOLE(27)] "sending back from userLookup local [object Object]", source: chrome-extension://kbbgjcgdcibilpahljnlejefcehbljnd/background.js (27)
[7983:7983:1106/055510.173346:INFO:CONSOLE(36)] "app.js gets [object Object] from localLookup", source: chrome-extension://kbbgjcgdcibilpahljnlejefcehbljnd/app.js (36)
[7983:7983:1106/055515.555092:INFO:CONSOLE(35)] "channel  extra metadata found: 0 {}", source: chrome-extension://kbbgjcgdcibilpahljnlejefcehbljnd/app.js (35)
[7983:7983:1106/055515.595379:INFO:CONSOLE(35)] "newInfo [object Object]", source: chrome-extension://kbbgjcgdcibilpahljnlejefcehbljnd/app.js (35)
[7983:7983:1106/055515.645817:INFO:CONSOLE(35)] "title [object Object] extra metadata found: 1 {"innerTitle":1}", source: chrome-extension://kbbgjcgdcibilpahljnlejefcehbljnd/app.js (35)
[7983:7983:1106/055515.651402:INFO:CONSOLE(35)] "newInfo [object Object]", source: chrome-extension://kbbgjcgdcibilpahljnlejefcehbljnd/app.js (35)
[7983:7983:1106/055515.723947:INFO:CONSOLE(35)] "over ["\"All we want to do is to ensure that these elections are free and fair\"Watch laterShareCopy linkInfoShopping"]", source: chrome-extension://kbbgjcgdcibilpahljnlejefcehbljnd/app.js (35)
[7983:7983:1106/055515.732882:INFO:CONSOLE(35)] "over  extra metadata found: 0 {}", source: chrome-extension://kbbgjcgdcibilpahljnlejefcehbljnd/app.js (35)
[7983:7983:1106/055515.736804:INFO:CONSOLE(35)] "newInfo [object Object]", source: chrome-extension://kbbgjcgdcibilpahljnlejefcehbljnd/app.js (35)
[7983:7983:1106/055515.875314:INFO:CONSOLE(35)] "selector Label, mineExtraMetadata calls extendLabel over 96", source: chrome-extension://kbbgjcgdcibilpahljnlejefcehbljnd/app.js (35)
[7983:7983:1106/055515.897254:INFO:CONSOLE(35)] "label [object Object],[object Object] extra metadata found: 2 {"number":2}", source: chrome-extension://kbbgjcgdcibilpahljnlejefcehbljnd/app.js (35)
[7983:7983:1106/055515.907681:INFO:CONSOLE(35)] "newInfo [object Object]", source: chrome-extension://kbbgjcgdcibilpahljnlejefcehbljnd/app.js (35)
[7983:7983:1106/055515.910217:INFO:CONSOLE(36)] "changeMonitor ["channel","title","over","label"]", source: chrome-extension://kbbgjcgdcibilpahljnlejefcehbljnd/app.js (36)
[7983:7983:1106/055516.762763:INFO:CONSOLE(0)] "The resource https://r7---sn-45nufxc-hm2l.googlevideo.com/generate_204 was preloaded using link preload but not used within a few seconds from the window's load event. Please make sure it has an appropriate `as` value and it is preloaded intentionally.", source: https://www.youtube.com/watch?v=dkSmHICG41I (0)
[7983:7983:1106/055516.776060:INFO:CONSOLE(0)] "The resource https://i.ytimg.com/generate_204 was preloaded using link preload but not used within a few seconds from the window's load event. Please make sure it has an appropriate `as` value and it is preloaded intentionally.", source: https://www.youtube.com/watch?v=dkSmHICG41I (0)
[7983:7983:1106/055516.776600:INFO:CONSOLE(0)] "The resource https://r7---sn-45nufxc-hm2l.googlevideo.com/generate_204?conn2 was preloaded using link preload but not used within a few seconds from the window's load event. Please make sure it has an appropriate `as` value and it is preloaded intentionally.", source: https://www.youtube.com/watch?v=dkSmHICG41I (0)
[7983:7983:1106/055520.621373:INFO:CONSOLE(35)] "selector Label, mineExtraMetadata calls extendLabel over 100", source: chrome-extension://kbbgjcgdcibilpahljnlejefcehbljnd/app.js (35)
[7983:7983:1106/055520.626378:INFO:CONSOLE(35)] "label [object Object],[object Object] extra metadata found: 2 {"number":2}", source: chrome-extension://kbbgjcgdcibilpahljnlejefcehbljnd/app.js (35)
[7983:7983:1106/055520.632577:INFO:CONSOLE(35)] "newInfo [object Object]", source: chrome-extension://kbbgjcgdcibilpahljnlejefcehbljnd/app.js (35)
[7983:7983:1106/055520.636578:INFO:CONSOLE(36)] "changeMonitor ["label"]", source: chrome-extension://kbbgjcgdcibilpahljnlejefcehbljnd/app.js (36)
[7983:7983:1106/055521.001965:INFO:CONSOLE(35)] "newVideo [object Object]", source: chrome-extension://kbbgjcgdcibilpahljnlejefcehbljnd/app.js (35)
[7983:7983:1106/055521.003073:INFO:CONSOLE(36)] "-> 1 new href+content sent, selector ytd-app Fri Nov 06 2020 05:55:21 GMT+0100 (Central European Standard Time) size 221193 221193", source: chrome-extension://kbbgjcgdcibilpahljnlejefcehbljnd/app.js (36)
[7983:7983:1106/055522.518261:INFO:CONSOLE(35)] "channel  extra metadata found: 0 {}", source: chrome-extension://kbbgjcgdcibilpahljnlejefcehbljnd/app.js (35)
[7983:7983:1106/055522.525705:INFO:CONSOLE(35)] "newInfo [object Object]", source: chrome-extension://kbbgjcgdcibilpahljnlejefcehbljnd/app.js (35)
[7983:7983:1106/055522.574123:INFO:CONSOLE(35)] "title [object Object] extra metadata found: 1 {"innerTitle":1}", source: chrome-extension://kbbgjcgdcibilpahljnlejefcehbljnd/app.js (35)
[7983:7983:1106/055522.576028:INFO:CONSOLE(35)] "newInfo [object Object]", source: chrome-extension://kbbgjcgdcibilpahljnlejefcehbljnd/app.js (35)
[7983:7983:1106/055522.591388:INFO:CONSOLE(35)] "over ["\"All we want to do is to ensure that these elections are free and fair\"Watch laterShareCopy linkInfoShopping"]", source: chrome-extension://kbbgjcgdcibilpahljnlejefcehbljnd/app.js (35)
[7983:7983:1106/055522.626989:INFO:CONSOLE(35)] "over  extra metadata found: 0 {}", source: chrome-extension://kbbgjcgdcibilpahljnlejefcehbljnd/app.js (35)
[7983:7983:1106/055522.629219:INFO:CONSOLE(35)] "newInfo [object Object]", source: chrome-extension://kbbgjcgdcibilpahljnlejefcehbljnd/app.js (35)
[7983:7983:1106/055522.886826:INFO:CONSOLE(35)] "selector Label, mineExtraMetadata calls extendLabel over 100", source: chrome-extension://kbbgjcgdcibilpahljnlejefcehbljnd/app.js (35)
[7983:7983:1106/055522.938428:INFO:CONSOLE(35)] "label [object Object],[object Object] extra metadata found: 2 {"number":2}", source: chrome-extension://kbbgjcgdcibilpahljnlejefcehbljnd/app.js (35)
[7983:7983:1106/055522.940812:INFO:CONSOLE(35)] "newInfo [object Object]", source: chrome-extension://kbbgjcgdcibilpahljnlejefcehbljnd/app.js (35)
[7983:7983:1106/055522.942531:INFO:CONSOLE(36)] "changeMonitor ["channel","title","over","label"]", source: chrome-extension://kbbgjcgdcibilpahljnlejefcehbljnd/app.js (36)
[7983:7983:1106/055526.491517:INFO:CONSOLE(35)] "selector Label, mineExtraMetadata calls extendLabel over 102", source: chrome-extension://kbbgjcgdcibilpahljnlejefcehbljnd/app.js (35)
[7983:7983:1106/055526.559753:INFO:CONSOLE(35)] "label [object Object],[object Object] extra metadata found: 2 {"number":2}", source: chrome-extension://kbbgjcgdcibilpahljnlejefcehbljnd/app.js (35)
[7983:7983:1106/055526.605023:INFO:CONSOLE(35)] "newInfo [object Object]", source: chrome-extension://kbbgjcgdcibilpahljnlejefcehbljnd/app.js (35)
[7983:7983:1106/055526.618886:INFO:CONSOLE(36)] "changeMonitor ["label"]", source: chrome-extension://kbbgjcgdcibilpahljnlejefcehbljnd/app.js (36)
[7983:7983:1106/055529.069673:INFO:CONSOLE(35)] "newVideo [object Object]", source: chrome-extension://kbbgjcgdcibilpahljnlejefcehbljnd/app.js (35)
[7983:7983:1106/055529.071095:INFO:CONSOLE(36)] "-> 2 new href+content sent, selector ytd-app Fri Nov 06 2020 05:55:29 GMT+0100 (Central European Standard Time) size 225107 221193,225107", source: chrome-extension://kbbgjcgdcibilpahljnlejefcehbljnd/app.js (36)
[7983:7983:1106/055530.287131:INFO:CONSOLE(35)] "sync tot (12/12) {"info":10,"video":2} with 1 randomUUID(s) with 1 randomUUID(s)", source: chrome-extension://kbbgjcgdcibilpahljnlejefcehbljnd/app.js (35)
[7983:7983:1106/055532.375663:INFO:CONSOLE(1)] "get returns [object Object] local [object Object]", source: chrome-extension://kbbgjcgdcibilpahljnlejefcehbljnd/background.js (1)
[7983:7983:1106/055534.483583:INFO:CONSOLE(35)] "selector Label, mineExtraMetadata calls extendLabel over 103", source: chrome-extension://kbbgjcgdcibilpahljnlejefcehbljnd/app.js (35)
[7983:7983:1106/055534.509628:INFO:CONSOLE(35)] "label [object Object],[object Object] extra metadata found: 2 {"number":2}", source: chrome-extension://kbbgjcgdcibilpahljnlejefcehbljnd/app.js (35)
[7983:7983:1106/055534.524400:INFO:CONSOLE(35)] "newInfo [object Object]", source: chrome-extension://kbbgjcgdcibilpahljnlejefcehbljnd/app.js (35)
[7983:7983:1106/055534.530839:INFO:CONSOLE(36)] "changeMonitor ["label"]", source: chrome-extension://kbbgjcgdcibilpahljnlejefcehbljnd/app.js (36)
[7983:7983:1106/055537.315982:INFO:CONSOLE(35)] "newVideo [object Object]", source: chrome-extension://kbbgjcgdcibilpahljnlejefcehbljnd/app.js (35)
[7983:7983:1106/055537.340107:INFO:CONSOLE(36)] "-> 3 new href+content sent, selector ytd-app Fri Nov 06 2020 05:55:37 GMT+0100 (Central European Standard Time) size 235658 221193,225107,235658", source: chrome-extension://kbbgjcgdcibilpahljnlejefcehbljnd/app.js (36)
[7983:7983:1106/055538.354035:INFO:CONSOLE(35)] "selector Label, mineExtraMetadata calls extendLabel over 109", source: chrome-extension://kbbgjcgdcibilpahljnlejefcehbljnd/app.js (35)
[7983:7983:1106/055538.357702:INFO:CONSOLE(35)] "label [object Object],[object Object] extra metadata found: 2 {"number":2}", source: chrome-extension://kbbgjcgdcibilpahljnlejefcehbljnd/app.js (35)
[7983:7983:1106/055538.369718:INFO:CONSOLE(35)] "newInfo [object Object]", source: chrome-extension://kbbgjcgdcibilpahljnlejefcehbljnd/app.js (35)
[7983:7983:1106/055538.375080:INFO:CONSOLE(36)] "changeMonitor ["label"]", source: chrome-extension://kbbgjcgdcibilpahljnlejefcehbljnd/app.js (36)
[7983:7983:1106/055538.617301:INFO:CONSOLE(35)] "syncResponse [object Object]", source: chrome-extension://kbbgjcgdcibilpahljnlejefcehbljnd/app.js (35)
[9430:10101:1106/055539.918402:WARNING:sync_reader.cc(171)] ASR: No room in socket buffer.: Broken pipe (32)
[7983:7983:1106/055542.305233:INFO:CONSOLE(35)] "over ["\"All we want to do is to ensure that these elections are free and fair\"Watch laterShareCopy linkInfoShopping"]", source: chrome-extension://kbbgjcgdcibilpahljnlejefcehbljnd/app.js (35)
[7983:7983:1106/055542.314840:INFO:CONSOLE(35)] "over  extra metadata found: 0 {}", source: chrome-extension://kbbgjcgdcibilpahljnlejefcehbljnd/app.js (35)
[7983:7983:1106/055542.327778:INFO:CONSOLE(35)] "newInfo [object Object]", source: chrome-extension://kbbgjcgdcibilpahljnlejefcehbljnd/app.js (35)
[7983:7983:1106/055542.511523:INFO:CONSOLE(35)] "selector Label, mineExtraMetadata calls extendLabel over 112", source: chrome-extension://kbbgjcgdcibilpahljnlejefcehbljnd/app.js (35)
[7983:7983:1106/055542.517695:INFO:CONSOLE(35)] "label [object Object],[object Object] extra metadata found: 2 {"number":2}", source: chrome-extension://kbbgjcgdcibilpahljnlejefcehbljnd/app.js (35)
[7983:7983:1106/055542.558341:INFO:CONSOLE(35)] "newInfo [object Object]", source: chrome-extension://kbbgjcgdcibilpahljnlejefcehbljnd/app.js (35)
[7983:7983:1106/055542.563828:INFO:CONSOLE(36)] "changeMonitor ["over","label"]", source: chrome-extension://kbbgjcgdcibilpahljnlejefcehbljnd/app.js (36)
[7983:7983:1106/055546.230504:INFO:CONSOLE(35)] "over ["\"All we want to do is to ensure that these elections are free and fair\"Watch laterShareCopy linkInfoShopping"]", source: chrome-extension://kbbgjcgdcibilpahljnlejefcehbljnd/app.js (35)
[7983:7983:1106/055546.231321:INFO:CONSOLE(35)] "over  extra metadata found: 0 {}", source: chrome-extension://kbbgjcgdcibilpahljnlejefcehbljnd/app.js (35)
[7983:7983:1106/055546.231850:INFO:CONSOLE(35)] "newInfo [object Object]", source: chrome-extension://kbbgjcgdcibilpahljnlejefcehbljnd/app.js (35)
[7983:7983:1106/055546.496592:INFO:CONSOLE(35)] "selector Label, mineExtraMetadata calls extendLabel over 115", source: chrome-extension://kbbgjcgdcibilpahljnlejefcehbljnd/app.js (35)
[7983:7983:1106/055546.509975:INFO:CONSOLE(35)] "label [object Object],[object Object] extra metadata found: 2 {"number":2}", source: chrome-extension://kbbgjcgdcibilpahljnlejefcehbljnd/app.js (35)
[7983:7983:1106/055546.518382:INFO:CONSOLE(35)] "newInfo [object Object]", source: chrome-extension://kbbgjcgdcibilpahljnlejefcehbljnd/app.js (35)
[7983:7983:1106/055546.526937:INFO:CONSOLE(36)] "changeMonitor ["over","label"]", source: chrome-extension://kbbgjcgdcibilpahljnlejefcehbljnd/app.js (36)
[7983:7983:1106/055546.686749:INFO:CONSOLE(35)] "newVideo [object Object]", source: chrome-extension://kbbgjcgdcibilpahljnlejefcehbljnd/app.js (35)
[7983:7983:1106/055546.715337:INFO:CONSOLE(36)] "-> 4 new href+content sent, selector ytd-app Fri Nov 06 2020 05:55:46 GMT+0100 (Central European Standard Time) size 241787 221193,225107,235658,241787", source: chrome-extension://kbbgjcgdcibilpahljnlejefcehbljnd/app.js (36)
[7983:7983:1106/055549.738038:INFO:CONSOLE(35)] "sync tot (8/20) {"info":6,"video":2} with 1 randomUUID(s) with 1 randomUUID(s)", source: chrome-extension://kbbgjcgdcibilpahljnlejefcehbljnd/app.js (35)
[7983:7983:1106/055550.035010:INFO:CONSOLE(1)] "get returns [object Object] local [object Object]", source: chrome-extension://kbbgjcgdcibilpahljnlejefcehbljnd/background.js (1)
[7983:7983:1106/055553.261634:INFO:CONSOLE(35)] "syncResponse [object Object]", source: chrome-extension://kbbgjcgdcibilpahljnlejefcehbljnd/app.js (35)
[7983:7983:1106/055558.337572:INFO:CONSOLE(35)] "selector Label, mineExtraMetadata calls extendLabel over 128", source: chrome-extension://kbbgjcgdcibilpahljnlejefcehbljnd/app.js (35)
[7983:7983:1106/055558.340413:INFO:CONSOLE(35)] "label [object Object],[object Object],[object Object] extra metadata found: 3 {"number":3}", source: chrome-extension://kbbgjcgdcibilpahljnlejefcehbljnd/app.js (35)
[7983:7983:1106/055558.341917:INFO:CONSOLE(35)] "newInfo [object Object]", source: chrome-extension://kbbgjcgdcibilpahljnlejefcehbljnd/app.js (35)
[7983:7983:1106/055558.343887:INFO:CONSOLE(36)] "changeMonitor ["label"]", source: chrome-extension://kbbgjcgdcibilpahljnlejefcehbljnd/app.js (36)
[7983:7983:1106/055607.046760:INFO:CONSOLE(35)] "over ["\"All we want to do is to ensure that these elections are free and fair\"Watch laterShareCopy linkInfoShopping"]", source: chrome-extension://kbbgjcgdcibilpahljnlejefcehbljnd/app.js (35)
[7983:7983:1106/055607.048267:INFO:CONSOLE(35)] "over  extra metadata found: 0 {}", source: chrome-extension://kbbgjcgdcibilpahljnlejefcehbljnd/app.js (35)
[7983:7983:1106/055607.050497:INFO:CONSOLE(35)] "newInfo [object Object]", source: chrome-extension://kbbgjcgdcibilpahljnlejefcehbljnd/app.js (35)
[7983:7983:1106/055607.274996:INFO:CONSOLE(35)] "selector Label, mineExtraMetadata calls extendLabel over 127", source: chrome-extension://kbbgjcgdcibilpahljnlejefcehbljnd/app.js (35)
[7983:7983:1106/055607.281605:INFO:CONSOLE(35)] "label [object Object],[object Object],[object Object] extra metadata found: 3 {"number":3}", source: chrome-extension://kbbgjcgdcibilpahljnlejefcehbljnd/app.js (35)
[7983:7983:1106/055607.286721:INFO:CONSOLE(35)] "newInfo [object Object]", source: chrome-extension://kbbgjcgdcibilpahljnlejefcehbljnd/app.js (35)
[7983:7983:1106/055607.299168:INFO:CONSOLE(36)] "changeMonitor ["over","label"]", source: chrome-extension://kbbgjcgdcibilpahljnlejefcehbljnd/app.js (36)
[7983:7983:1106/055609.762390:INFO:CONSOLE(35)] "sync tot (3/23) {"info":3} with 1 randomUUID(s) with 1 randomUUID(s)", source: chrome-extension://kbbgjcgdcibilpahljnlejefcehbljnd/app.js (35)
[7983:7983:1106/055610.426306:INFO:CONSOLE(35)] "windowUnload undefined", source: chrome-extension://kbbgjcgdcibilpahljnlejefcehbljnd/app.js (35)
[7983:7983:1106/055610.894517:INFO:CONSOLE(35)] "selector Label, mineExtraMetadata calls extendLabel over 127", source: chrome-extension://kbbgjcgdcibilpahljnlejefcehbljnd/app.js (35)
[7983:7983:1106/055610.927129:INFO:CONSOLE(35)] "label [object Object],[object Object],[object Object] extra metadata found: 3 {"number":3}", source: chrome-extension://kbbgjcgdcibilpahljnlejefcehbljnd/app.js (35)
[7983:7983:1106/055610.939524:INFO:CONSOLE(35)] "newInfo [object Object]", source: chrome-extension://kbbgjcgdcibilpahljnlejefcehbljnd/app.js (35)
[7983:7983:1106/055610.946119:INFO:CONSOLE(36)] "changeMonitor ["label"]", source: chrome-extension://kbbgjcgdcibilpahljnlejefcehbljnd/app.js (36)
[7983:7983:1106/055611.156413:INFO:CONSOLE(1)] "get returns [object Object] local [object Object]", source: chrome-extension://kbbgjcgdcibilpahljnlejefcehbljnd/background.js (1)
[9430:10101:1106/055611.158752:WARNING:sync_reader.cc(171)] ASR: No room in socket buffer.: Broken pipe (32)
[7983:7983:1106/055628.292011:INFO:CONSOLE(1)] "get returns [object Object] /settings undefined", source: chrome-extension://kbbgjcgdcibilpahljnlejefcehbljnd/background.js (1)
[7983:7983:1106/055631.401505:INFO:CONSOLE(8567)] "observer method `collapsedChange_` not defined", source: https://www.youtube.com/s/desktop/62ddf1de/jsbin/desktop_polymer_inlined_html_polymer_flags.vflset/desktop_polymer_inlined_html_polymer_flags.js (8567)
[7983:7983:1106/055635.376045:INFO:CONSOLE(36)] "yttrex version 1.4.2", source: chrome-extension://kbbgjcgdcibilpahljnlejefcehbljnd/app.js (36)
[7983:7983:1106/055635.376155:INFO:CONSOLE(36)] "[object Object]", source: chrome-extension://kbbgjcgdcibilpahljnlejefcehbljnd/app.js (36)
[7983:7983:1106/055635.385844:INFO:CONSOLE(1)] "get returns [object Object] local [object Object]", source: chrome-extension://kbbgjcgdcibilpahljnlejefcehbljnd/background.js (1)
[7983:7983:1106/055635.385908:INFO:CONSOLE(27)] "sending back from userLookup local [object Object]", source: chrome-extension://kbbgjcgdcibilpahljnlejefcehbljnd/background.js (27)
[7983:7983:1106/055636.040324:INFO:CONSOLE(36)] "app.js gets [object Object] from localLookup", source: chrome-extension://kbbgjcgdcibilpahljnlejefcehbljnd/app.js (36)
[7983:7983:1106/055640.468836:INFO:CONSOLE(35)] "channel  extra metadata found: 0 {}", source: chrome-extension://kbbgjcgdcibilpahljnlejefcehbljnd/app.js (35)
[7983:7983:1106/055640.479678:INFO:CONSOLE(35)] "newInfo [object Object]", source: chrome-extension://kbbgjcgdcibilpahljnlejefcehbljnd/app.js (35)
[7983:7983:1106/055640.486566:INFO:CONSOLE(35)] "title [object Object] extra metadata found: 1 {"innerTitle":1}", source: chrome-extension://kbbgjcgdcibilpahljnlejefcehbljnd/app.js (35)
[7983:7983:1106/055640.511513:INFO:CONSOLE(35)] "newInfo [object Object]", source: chrome-extension://kbbgjcgdcibilpahljnlejefcehbljnd/app.js (35)
[7983:7983:1106/055640.539347:INFO:CONSOLE(35)] "over ["Gutfeld on the media and pollsters getting it wrongWatch laterShareCopy linkInfoShopping"]", source: chrome-extension://kbbgjcgdcibilpahljnlejefcehbljnd/app.js (35)
[7983:7983:1106/055640.554002:INFO:CONSOLE(35)] "over  extra metadata found: 0 {}", source: chrome-extension://kbbgjcgdcibilpahljnlejefcehbljnd/app.js (35)
[7983:7983:1106/055640.555601:INFO:CONSOLE(35)] "newInfo [object Object]", source: chrome-extension://kbbgjcgdcibilpahljnlejefcehbljnd/app.js (35)
[7983:7983:1106/055640.737767:INFO:CONSOLE(35)] "selector Label, mineExtraMetadata calls extendLabel over 91", source: chrome-extension://kbbgjcgdcibilpahljnlejefcehbljnd/app.js (35)
[7983:7983:1106/055640.769824:INFO:CONSOLE(35)] "label [object Object],[object Object] extra metadata found: 2 {"number":2}", source: chrome-extension://kbbgjcgdcibilpahljnlejefcehbljnd/app.js (35)
[7983:7983:1106/055640.783549:INFO:CONSOLE(35)] "newInfo [object Object]", source: chrome-extension://kbbgjcgdcibilpahljnlejefcehbljnd/app.js (35)
[7983:7983:1106/055640.790750:INFO:CONSOLE(36)] "changeMonitor ["channel","title","over","label"]", source: chrome-extension://kbbgjcgdcibilpahljnlejefcehbljnd/app.js (36)
[7983:7983:1106/055645.141292:INFO:CONSOLE(35)] "selector Label, mineExtraMetadata calls extendLabel over 101", source: chrome-extension://kbbgjcgdcibilpahljnlejefcehbljnd/app.js (35)
[7983:7983:1106/055645.164149:INFO:CONSOLE(35)] "label [object Object],[object Object] extra metadata found: 2 {"number":2}", source: chrome-extension://kbbgjcgdcibilpahljnlejefcehbljnd/app.js (35)
[7983:7983:1106/055645.167493:INFO:CONSOLE(35)] "newInfo [object Object]", source: chrome-extension://kbbgjcgdcibilpahljnlejefcehbljnd/app.js (35)
[7983:7983:1106/055645.182461:INFO:CONSOLE(36)] "changeMonitor ["label"]", source: chrome-extension://kbbgjcgdcibilpahljnlejefcehbljnd/app.js (36)
[7983:7983:1106/055645.224414:INFO:CONSOLE(0)] "The resource https://i.ytimg.com/generate_204 was preloaded using link preload but not used within a few seconds from the window's load event. Please make sure it has an appropriate `as` value and it is preloaded intentionally.", source: https://www.youtube.com/watch?v=V7eTUV8sCqk (0)
[7983:7983:1106/055645.229652:INFO:CONSOLE(0)] "The resource https://r5---sn-45nufxc-4jve.googlevideo.com/generate_204?conn2 was preloaded using link preload but not used within a few seconds from the window's load event. Please make sure it has an appropriate `as` value and it is preloaded intentionally.", source: https://www.youtube.com/watch?v=V7eTUV8sCqk (0)
[7983:7983:1106/055645.231178:INFO:CONSOLE(0)] "The resource https://r5---sn-45nufxc-4jve.googlevideo.com/generate_204 was preloaded using link preload but not used within a few seconds from the window's load event. Please make sure it has an appropriate `as` value and it is preloaded intentionally.", source: https://www.youtube.com/watch?v=V7eTUV8sCqk (0)
[7983:7983:1106/055645.288362:INFO:CONSOLE(35)] "newVideo [object Object]", source: chrome-extension://kbbgjcgdcibilpahljnlejefcehbljnd/app.js (35)
[7983:7983:1106/055645.306249:INFO:CONSOLE(36)] "-> 1 new href+content sent, selector ytd-app Fri Nov 06 2020 05:56:45 GMT+0100 (Central European Standard Time) size 237053 237053", source: chrome-extension://kbbgjcgdcibilpahljnlejefcehbljnd/app.js (36)
[7983:7983:1106/055648.392996:INFO:CONSOLE(35)] "channel  extra metadata found: 0 {}", source: chrome-extension://kbbgjcgdcibilpahljnlejefcehbljnd/app.js (35)
[7983:7983:1106/055648.404107:INFO:CONSOLE(35)] "newInfo [object Object]", source: chrome-extension://kbbgjcgdcibilpahljnlejefcehbljnd/app.js (35)
[7983:7983:1106/055648.422102:INFO:CONSOLE(35)] "title [object Object] extra metadata found: 1 {"innerTitle":1}", source: chrome-extension://kbbgjcgdcibilpahljnlejefcehbljnd/app.js (35)
[7983:7983:1106/055648.432444:INFO:CONSOLE(35)] "newInfo [object Object]", source: chrome-extension://kbbgjcgdcibilpahljnlejefcehbljnd/app.js (35)
[7983:7983:1106/055648.462456:INFO:CONSOLE(35)] "over ["Gutfeld on the media and pollsters getting it wrongWatch laterShareCopy linkInfoShopping"]", source: chrome-extension://kbbgjcgdcibilpahljnlejefcehbljnd/app.js (35)
[7983:7983:1106/055648.467877:INFO:CONSOLE(35)] "over  extra metadata found: 0 {}", source: chrome-extension://kbbgjcgdcibilpahljnlejefcehbljnd/app.js (35)
[7983:7983:1106/055648.469661:INFO:CONSOLE(35)] "newInfo [object Object]", source: chrome-extension://kbbgjcgdcibilpahljnlejefcehbljnd/app.js (35)
[7983:7983:1106/055648.574319:INFO:CONSOLE(35)] "selector Label, mineExtraMetadata calls extendLabel over 105", source: chrome-extension://kbbgjcgdcibilpahljnlejefcehbljnd/app.js (35)
[7983:7983:1106/055648.594427:INFO:CONSOLE(35)] "label [object Object],[object Object] extra metadata found: 2 {"number":2}", source: chrome-extension://kbbgjcgdcibilpahljnlejefcehbljnd/app.js (35)
[7983:7983:1106/055648.613335:INFO:CONSOLE(35)] "newInfo [object Object]", source: chrome-extension://kbbgjcgdcibilpahljnlejefcehbljnd/app.js (35)
[7983:7983:1106/055648.614830:INFO:CONSOLE(36)] "changeMonitor ["channel","title","over","label"]", source: chrome-extension://kbbgjcgdcibilpahljnlejefcehbljnd/app.js (36)
[7983:7983:1106/055652.176586:INFO:CONSOLE(35)] "selector Label, mineExtraMetadata calls extendLabel over 112", source: chrome-extension://kbbgjcgdcibilpahljnlejefcehbljnd/app.js (35)
[7983:7983:1106/055652.216782:INFO:CONSOLE(35)] "label [object Object],[object Object] extra metadata found: 2 {"number":2}", source: chrome-extension://kbbgjcgdcibilpahljnlejefcehbljnd/app.js (35)
[7983:7983:1106/055652.232400:INFO:CONSOLE(35)] "newInfo [object Object]", source: chrome-extension://kbbgjcgdcibilpahljnlejefcehbljnd/app.js (35)
[7983:7983:1106/055652.238087:INFO:CONSOLE(36)] "changeMonitor ["label"]", source: chrome-extension://kbbgjcgdcibilpahljnlejefcehbljnd/app.js (36)
[7983:7983:1106/055654.147500:INFO:CONSOLE(35)] "newVideo [object Object]", source: chrome-extension://kbbgjcgdcibilpahljnlejefcehbljnd/app.js (35)
[7983:7983:1106/055654.178822:INFO:CONSOLE(36)] "-> 2 new href+content sent, selector ytd-app Fri Nov 06 2020 05:56:54 GMT+0100 (Central European Standard Time) size 257360 237053,257360", source: chrome-extension://kbbgjcgdcibilpahljnlejefcehbljnd/app.js (36)
[7983:7983:1106/055655.385846:INFO:CONSOLE(35)] "sync tot (12/12) {"info":10,"video":2} with 1 randomUUID(s) with 1 randomUUID(s)", source: chrome-extension://kbbgjcgdcibilpahljnlejefcehbljnd/app.js (35)
[7983:7983:1106/055656.219853:INFO:CONSOLE(35)] "selector Label, mineExtraMetadata calls extendLabel over 118", source: chrome-extension://kbbgjcgdcibilpahljnlejefcehbljnd/app.js (35)
[7983:7983:1106/055656.239058:INFO:CONSOLE(35)] "label [object Object],[object Object] extra metadata found: 2 {"number":2}", source: chrome-extension://kbbgjcgdcibilpahljnlejefcehbljnd/app.js (35)
[7983:7983:1106/055656.250111:INFO:CONSOLE(35)] "newInfo [object Object]", source: chrome-extension://kbbgjcgdcibilpahljnlejefcehbljnd/app.js (35)
[7983:7983:1106/055656.259500:INFO:CONSOLE(36)] "changeMonitor ["label"]", source: chrome-extension://kbbgjcgdcibilpahljnlejefcehbljnd/app.js (36)
[7983:7983:1106/055656.276350:INFO:CONSOLE(1)] "get returns [object Object] local [object Object]", source: chrome-extension://kbbgjcgdcibilpahljnlejefcehbljnd/background.js (1)
[7983:7983:1106/055658.945231:INFO:CONSOLE(35)] "syncResponse [object Object]", source: chrome-extension://kbbgjcgdcibilpahljnlejefcehbljnd/app.js (35)
[7983:7983:1106/055700.129392:INFO:CONSOLE(35)] "over ["Gutfeld on the media and pollsters getting it wrongWatch laterShareCopy linkInfoShopping"]", source: chrome-extension://kbbgjcgdcibilpahljnlejefcehbljnd/app.js (35)
[7983:7983:1106/055700.131208:INFO:CONSOLE(35)] "over  extra metadata found: 0 {}", source: chrome-extension://kbbgjcgdcibilpahljnlejefcehbljnd/app.js (35)
[7983:7983:1106/055700.137603:INFO:CONSOLE(35)] "newInfo [object Object]", source: chrome-extension://kbbgjcgdcibilpahljnlejefcehbljnd/app.js (35)
[7983:7983:1106/055700.245034:INFO:CONSOLE(35)] "selector Label, mineExtraMetadata calls extendLabel over 118", source: chrome-extension://kbbgjcgdcibilpahljnlejefcehbljnd/app.js (35)
[7983:7983:1106/055700.267070:INFO:CONSOLE(35)] "label [object Object],[object Object] extra metadata found: 2 {"number":2}", source: chrome-extension://kbbgjcgdcibilpahljnlejefcehbljnd/app.js (35)
[7983:7983:1106/055700.268162:INFO:CONSOLE(35)] "newInfo [object Object]", source: chrome-extension://kbbgjcgdcibilpahljnlejefcehbljnd/app.js (35)
[7983:7983:1106/055700.296702:INFO:CONSOLE(36)] "changeMonitor ["over","label"]", source: chrome-extension://kbbgjcgdcibilpahljnlejefcehbljnd/app.js (36)
[7983:7983:1106/055703.086733:INFO:CONSOLE(35)] "newVideo [object Object]", source: chrome-extension://kbbgjcgdcibilpahljnlejefcehbljnd/app.js (35)
[7983:7983:1106/055703.089086:INFO:CONSOLE(36)] "-> 3 new href+content sent, selector ytd-app Fri Nov 06 2020 05:57:03 GMT+0100 (Central European Standard Time) size 258720 237053,257360,258720", source: chrome-extension://kbbgjcgdcibilpahljnlejefcehbljnd/app.js (36)
[7983:7983:1106/055715.379818:INFO:CONSOLE(35)] "sync tot (4/16) {"info":3,"video":1} with 1 randomUUID(s) with 1 randomUUID(s)", source: chrome-extension://kbbgjcgdcibilpahljnlejefcehbljnd/app.js (35)
[7983:7983:1106/055716.004447:INFO:CONSOLE(1)] "get returns [object Object] local [object Object]", source: chrome-extension://kbbgjcgdcibilpahljnlejefcehbljnd/background.js (1)
[7983:7983:1106/055717.686281:INFO:CONSOLE(35)] "syncResponse [object Object]", source: chrome-extension://kbbgjcgdcibilpahljnlejefcehbljnd/app.js (35)
[7983:7983:1106/060304.143550:INFO:CONSOLE(35)] "selector Label, mineExtraMetadata calls extendLabel over 118", source: chrome-extension://kbbgjcgdcibilpahljnlejefcehbljnd/app.js (35)
[7983:7983:1106/060304.168627:INFO:CONSOLE(35)] "label [object Object],[object Object] extra metadata found: 2 {"number":2}", source: chrome-extension://kbbgjcgdcibilpahljnlejefcehbljnd/app.js (35)
[7983:7983:1106/060304.174985:INFO:CONSOLE(35)] "newInfo [object Object]", source: chrome-extension://kbbgjcgdcibilpahljnlejefcehbljnd/app.js (35)
[7983:7983:1106/060304.178278:INFO:CONSOLE(36)] "changeMonitor ["label"]", source: chrome-extension://kbbgjcgdcibilpahljnlejefcehbljnd/app.js (36)
[7983:7983:1106/060312.202461:INFO:CONSOLE(35)] "selector Label, mineExtraMetadata calls extendLabel over 131", source: chrome-extension://kbbgjcgdcibilpahljnlejefcehbljnd/app.js (35)
[7983:7983:1106/060312.206609:INFO:CONSOLE(35)] "label [object Object],[object Object],[object Object] extra metadata found: 3 {"number":3}", source: chrome-extension://kbbgjcgdcibilpahljnlejefcehbljnd/app.js (35)
[7983:7983:1106/060312.209540:INFO:CONSOLE(35)] "newInfo [object Object]", source: chrome-extension://kbbgjcgdcibilpahljnlejefcehbljnd/app.js (35)
[7983:7983:1106/060312.211280:INFO:CONSOLE(36)] "changeMonitor ["label"]", source: chrome-extension://kbbgjcgdcibilpahljnlejefcehbljnd/app.js (36)
[7983:7983:1106/060315.376360:INFO:CONSOLE(35)] "sync tot (2/18) {"info":2} with 1 randomUUID(s) with 1 randomUUID(s)", source: chrome-extension://kbbgjcgdcibilpahljnlejefcehbljnd/app.js (35)
[7983:7983:1106/060315.884521:INFO:CONSOLE(1)] "get returns [object Object] local [object Object]", source: chrome-extension://kbbgjcgdcibilpahljnlejefcehbljnd/background.js (1)
[7983:7983:1106/060316.793589:INFO:CONSOLE(35)] "syncResponse [object Object]", source: chrome-extension://kbbgjcgdcibilpahljnlejefcehbljnd/app.js (35)
[7983:7983:1106/060324.121291:INFO:CONSOLE(35)] "over ["Gutfeld on the media and pollsters getting it wrongWatch laterShareCopy linkInfoShopping"]", source: chrome-extension://kbbgjcgdcibilpahljnlejefcehbljnd/app.js (35)
[7983:7983:1106/060324.126083:INFO:CONSOLE(35)] "over  extra metadata found: 0 {}", source: chrome-extension://kbbgjcgdcibilpahljnlejefcehbljnd/app.js (35)
[7983:7983:1106/060324.127771:INFO:CONSOLE(35)] "newInfo [object Object]", source: chrome-extension://kbbgjcgdcibilpahljnlejefcehbljnd/app.js (35)
[7983:7983:1106/060324.207707:INFO:CONSOLE(35)] "selector Label, mineExtraMetadata calls extendLabel over 130", source: chrome-extension://kbbgjcgdcibilpahljnlejefcehbljnd/app.js (35)
[7983:7983:1106/060324.225503:INFO:CONSOLE(35)] "label [object Object],[object Object],[object Object] extra metadata found: 3 {"number":3}", source: chrome-extension://kbbgjcgdcibilpahljnlejefcehbljnd/app.js (35)
[7983:7983:1106/060324.231038:INFO:CONSOLE(35)] "newInfo [object Object]", source: chrome-extension://kbbgjcgdcibilpahljnlejefcehbljnd/app.js (35)
[7983:7983:1106/060324.232694:INFO:CONSOLE(36)] "changeMonitor ["over","label"]", source: chrome-extension://kbbgjcgdcibilpahljnlejefcehbljnd/app.js (36)
[7983:7983:1106/060328.158275:INFO:CONSOLE(35)] "selector Label, mineExtraMetadata calls extendLabel over 130", source: chrome-extension://kbbgjcgdcibilpahljnlejefcehbljnd/app.js (35)
[7983:7983:1106/060328.201626:INFO:CONSOLE(35)] "label [object Object],[object Object],[object Object] extra metadata found: 3 {"number":3}", source: chrome-extension://kbbgjcgdcibilpahljnlejefcehbljnd/app.js (35)
[7983:7983:1106/060328.215282:INFO:CONSOLE(35)] "newInfo [object Object]", source: chrome-extension://kbbgjcgdcibilpahljnlejefcehbljnd/app.js (35)
[7983:7983:1106/060328.221612:INFO:CONSOLE(36)] "changeMonitor ["label"]", source: chrome-extension://kbbgjcgdcibilpahljnlejefcehbljnd/app.js (36)
[7983:7983:1106/060330.849000:INFO:CONSOLE(35)] "newVideo [object Object]", source: chrome-extension://kbbgjcgdcibilpahljnlejefcehbljnd/app.js (35)
[7983:7983:1106/060330.851795:INFO:CONSOLE(36)] "-> 1 new href+content sent, selector ytd-app Fri Nov 06 2020 06:03:30 GMT+0100 (Central European Standard Time) size 258628 258628", source: chrome-extension://kbbgjcgdcibilpahljnlejefcehbljnd/app.js (36)
[7983:7983:1106/060332.505233:INFO:CONSOLE(35)] "channel  extra metadata found: 0 {}", source: chrome-extension://kbbgjcgdcibilpahljnlejefcehbljnd/app.js (35)
[7983:7983:1106/060332.533035:INFO:CONSOLE(35)] "newInfo [object Object]", source: chrome-extension://kbbgjcgdcibilpahljnlejefcehbljnd/app.js (35)
[7983:7983:1106/060332.535768:INFO:CONSOLE(35)] "title [object Object] extra metadata found: 1 {"innerTitle":1}", source: chrome-extension://kbbgjcgdcibilpahljnlejefcehbljnd/app.js (35)
[7983:7983:1106/060332.577448:INFO:CONSOLE(35)] "newInfo [object Object]", source: chrome-extension://kbbgjcgdcibilpahljnlejefcehbljnd/app.js (35)
[7983:7983:1106/060332.583446:INFO:CONSOLE(35)] "over ["Greg Gutfeld: Trump broke the system, the mold, the media and pollstersWatch laterShareCopy linkInfoShopping"]", source: chrome-extension://kbbgjcgdcibilpahljnlejefcehbljnd/app.js (35)
[7983:7983:1106/060332.583981:INFO:CONSOLE(35)] "over  extra metadata found: 0 {}", source: chrome-extension://kbbgjcgdcibilpahljnlejefcehbljnd/app.js (35)
[7983:7983:1106/060332.585139:INFO:CONSOLE(35)] "newInfo [object Object]", source: chrome-extension://kbbgjcgdcibilpahljnlejefcehbljnd/app.js (35)
[7983:7983:1106/060332.753989:INFO:CONSOLE(35)] "selector Label, mineExtraMetadata calls extendLabel over 118", source: chrome-extension://kbbgjcgdcibilpahljnlejefcehbljnd/app.js (35)
[7983:7983:1106/060332.791873:INFO:CONSOLE(35)] "label [object Object],[object Object] extra metadata found: 2 {"number":2}", source: chrome-extension://kbbgjcgdcibilpahljnlejefcehbljnd/app.js (35)
[7983:7983:1106/060332.792238:INFO:CONSOLE(35)] "newInfo [object Object]", source: chrome-extension://kbbgjcgdcibilpahljnlejefcehbljnd/app.js (35)
[7983:7983:1106/060332.792343:INFO:CONSOLE(36)] "changeMonitor ["channel","title","over","label"]", source: chrome-extension://kbbgjcgdcibilpahljnlejefcehbljnd/app.js (36)
[7983:7983:1106/060336.085797:INFO:CONSOLE(35)] "sync tot (8/26) {"info":7,"video":1} with 2 randomUUID(s) with 2 randomUUID(s)", source: chrome-extension://kbbgjcgdcibilpahljnlejefcehbljnd/app.js (35)
[7983:7983:1106/060336.449246:INFO:CONSOLE(35)] "over ["Greg Gutfeld: Trump broke the system, the mold, the media and pollstersWatch laterShareCopy linkInfoShopping"]", source: chrome-extension://kbbgjcgdcibilpahljnlejefcehbljnd/app.js (35)
[7983:7983:1106/060336.456440:INFO:CONSOLE(35)] "over  extra metadata found: 0 {}", source: chrome-extension://kbbgjcgdcibilpahljnlejefcehbljnd/app.js (35)
[7983:7983:1106/060336.457847:INFO:CONSOLE(35)] "newInfo [object Object]", source: chrome-extension://kbbgjcgdcibilpahljnlejefcehbljnd/app.js (35)
[7983:7983:1106/060336.890749:INFO:CONSOLE(35)] "selector Label, mineExtraMetadata calls extendLabel over 118", source: chrome-extension://kbbgjcgdcibilpahljnlejefcehbljnd/app.js (35)
[7983:7983:1106/060336.909167:INFO:CONSOLE(1)] "get returns [object Object] local [object Object]", source: chrome-extension://kbbgjcgdcibilpahljnlejefcehbljnd/background.js (1)
[7983:7983:1106/060336.918351:INFO:CONSOLE(35)] "label [object Object],[object Object] extra metadata found: 2 {"number":2}", source: chrome-extension://kbbgjcgdcibilpahljnlejefcehbljnd/app.js (35)
[7983:7983:1106/060336.945293:INFO:CONSOLE(35)] "newInfo [object Object]", source: chrome-extension://kbbgjcgdcibilpahljnlejefcehbljnd/app.js (35)
[7983:7983:1106/060336.973032:INFO:CONSOLE(36)] "changeMonitor ["over","label"]", source: chrome-extension://kbbgjcgdcibilpahljnlejefcehbljnd/app.js (36)
[7983:7983:1106/060339.395651:INFO:CONSOLE(35)] "syncResponse [object Object]", source: chrome-extension://kbbgjcgdcibilpahljnlejefcehbljnd/app.js (35)
[7983:7983:1106/060342.636746:INFO:CONSOLE(35)] "selector Label, mineExtraMetadata calls extendLabel over 120", source: chrome-extension://kbbgjcgdcibilpahljnlejefcehbljnd/app.js (35)
[7983:7983:1106/060342.650466:INFO:CONSOLE(35)] "label [object Object],[object Object] extra metadata found: 2 {"number":2}", source: chrome-extension://kbbgjcgdcibilpahljnlejefcehbljnd/app.js (35)
[7983:7983:1106/060342.663438:INFO:CONSOLE(35)] "newInfo [object Object]", source: chrome-extension://kbbgjcgdcibilpahljnlejefcehbljnd/app.js (35)
[7983:7983:1106/060342.674875:INFO:CONSOLE(36)] "changeMonitor ["label"]", source: chrome-extension://kbbgjcgdcibilpahljnlejefcehbljnd/app.js (36)
[7983:7983:1106/060344.750398:INFO:CONSOLE(35)] "selector Label, mineExtraMetadata calls extendLabel over 119", source: chrome-extension://kbbgjcgdcibilpahljnlejefcehbljnd/app.js (35)
[7983:7983:1106/060344.776462:INFO:CONSOLE(35)] "label [object Object],[object Object] extra metadata found: 2 {"number":2}", source: chrome-extension://kbbgjcgdcibilpahljnlejefcehbljnd/app.js (35)
[7983:7983:1106/060344.786630:INFO:CONSOLE(35)] "newInfo [object Object]", source: chrome-extension://kbbgjcgdcibilpahljnlejefcehbljnd/app.js (35)
[7983:7983:1106/060344.789475:INFO:CONSOLE(36)] "changeMonitor ["label"]", source: chrome-extension://kbbgjcgdcibilpahljnlejefcehbljnd/app.js (36)
[7983:7983:1106/060348.212530:INFO:CONSOLE(35)] "selector Label, mineExtraMetadata calls extendLabel over 119", source: chrome-extension://kbbgjcgdcibilpahljnlejefcehbljnd/app.js (35)
[7983:7983:1106/060348.221328:INFO:CONSOLE(35)] "label [object Object],[object Object] extra metadata found: 2 {"number":2}", source: chrome-extension://kbbgjcgdcibilpahljnlejefcehbljnd/app.js (35)
[7983:7983:1106/060348.225675:INFO:CONSOLE(35)] "newInfo [object Object]", source: chrome-extension://kbbgjcgdcibilpahljnlejefcehbljnd/app.js (35)
[7983:7983:1106/060348.229245:INFO:CONSOLE(36)] "changeMonitor ["label"]", source: chrome-extension://kbbgjcgdcibilpahljnlejefcehbljnd/app.js (36)
[7983:7983:1106/060355.375294:INFO:CONSOLE(35)] "sync tot (5/31) {"info":5} with 1 randomUUID(s) with 1 randomUUID(s)", source: chrome-extension://kbbgjcgdcibilpahljnlejefcehbljnd/app.js (35)
[7983:7983:1106/060356.075036:INFO:CONSOLE(1)] "get returns [object Object] local [object Object]", source: chrome-extension://kbbgjcgdcibilpahljnlejefcehbljnd/background.js (1)
[7983:7983:1106/060358.173617:INFO:CONSOLE(35)] "syncResponse [object Object]", source: chrome-extension://kbbgjcgdcibilpahljnlejefcehbljnd/app.js (35)
[7983:7983:1106/060528.130023:INFO:CONSOLE(35)] "selector Label, mineExtraMetadata calls extendLabel over 119", source: chrome-extension://kbbgjcgdcibilpahljnlejefcehbljnd/app.js (35)
[7983:7983:1106/060528.152451:INFO:CONSOLE(35)] "label [object Object],[object Object] extra metadata found: 2 {"number":2}", source: chrome-extension://kbbgjcgdcibilpahljnlejefcehbljnd/app.js (35)
[7983:7983:1106/060528.152577:INFO:CONSOLE(35)] "newInfo [object Object]", source: chrome-extension://kbbgjcgdcibilpahljnlejefcehbljnd/app.js (35)
[7983:7983:1106/060528.160696:INFO:CONSOLE(36)] "changeMonitor ["label"]", source: chrome-extension://kbbgjcgdcibilpahljnlejefcehbljnd/app.js (36)
[7983:7983:1106/060535.384939:INFO:CONSOLE(35)] "sync tot (1/32) {"info":1} with 1 randomUUID(s) with 1 randomUUID(s)", source: chrome-extension://kbbgjcgdcibilpahljnlejefcehbljnd/app.js (35)
[7983:7983:1106/060536.328612:INFO:CONSOLE(1)] "get returns [object Object] local [object Object]", source: chrome-extension://kbbgjcgdcibilpahljnlejefcehbljnd/background.js (1)
[7983:7983:1106/060537.961159:INFO:CONSOLE(35)] "syncResponse [object Object]", source: chrome-extension://kbbgjcgdcibilpahljnlejefcehbljnd/app.js (35)
[7983:7983:1106/060540.212831:INFO:CONSOLE(35)] "selector Label, mineExtraMetadata calls extendLabel over 132", source: chrome-extension://kbbgjcgdcibilpahljnlejefcehbljnd/app.js (35)
[7983:7983:1106/060540.236872:INFO:CONSOLE(35)] "label [object Object],[object Object],[object Object] extra metadata found: 3 {"number":3}", source: chrome-extension://kbbgjcgdcibilpahljnlejefcehbljnd/app.js (35)
[7983:7983:1106/060540.237678:INFO:CONSOLE(35)] "newInfo [object Object]", source: chrome-extension://kbbgjcgdcibilpahljnlejefcehbljnd/app.js (35)
[7983:7983:1106/060540.247202:INFO:CONSOLE(36)] "changeMonitor ["label"]", source: chrome-extension://kbbgjcgdcibilpahljnlejefcehbljnd/app.js (36)
[7983:7983:1106/060548.080758:INFO:CONSOLE(35)] "over ["Greg Gutfeld: Trump broke the system, the mold, the media and pollstersWatch laterShareCopy linkInfoShopping"]", source: chrome-extension://kbbgjcgdcibilpahljnlejefcehbljnd/app.js (35)
[7983:7983:1106/060548.081251:INFO:CONSOLE(35)] "over  extra metadata found: 0 {}", source: chrome-extension://kbbgjcgdcibilpahljnlejefcehbljnd/app.js (35)
[7983:7983:1106/060548.082165:INFO:CONSOLE(35)] "newInfo [object Object]", source: chrome-extension://kbbgjcgdcibilpahljnlejefcehbljnd/app.js (35)
[7983:7983:1106/060548.102167:INFO:CONSOLE(35)] "selector Label, mineExtraMetadata calls extendLabel over 131", source: chrome-extension://kbbgjcgdcibilpahljnlejefcehbljnd/app.js (35)
[7983:7983:1106/060548.103859:INFO:CONSOLE(35)] "label [object Object],[object Object],[object Object] extra metadata found: 3 {"number":3}", source: chrome-extension://kbbgjcgdcibilpahljnlejefcehbljnd/app.js (35)
[7983:7983:1106/060548.104575:INFO:CONSOLE(35)] "newInfo [object Object]", source: chrome-extension://kbbgjcgdcibilpahljnlejefcehbljnd/app.js (35)
[7983:7983:1106/060548.104962:INFO:CONSOLE(36)] "changeMonitor ["over","label"]", source: chrome-extension://kbbgjcgdcibilpahljnlejefcehbljnd/app.js (36)
[7983:7983:1106/060552.127486:INFO:CONSOLE(35)] "selector Label, mineExtraMetadata calls extendLabel over 131", source: chrome-extension://kbbgjcgdcibilpahljnlejefcehbljnd/app.js (35)
[7983:7983:1106/060552.131381:INFO:CONSOLE(35)] "label [object Object],[object Object],[object Object] extra metadata found: 3 {"number":3}", source: chrome-extension://kbbgjcgdcibilpahljnlejefcehbljnd/app.js (35)
[7983:7983:1106/060552.132630:INFO:CONSOLE(35)] "newInfo [object Object]", source: chrome-extension://kbbgjcgdcibilpahljnlejefcehbljnd/app.js (35)
[7983:7983:1106/060552.132879:INFO:CONSOLE(36)] "changeMonitor ["label"]", source: chrome-extension://kbbgjcgdcibilpahljnlejefcehbljnd/app.js (36)
[7983:7983:1106/060555.382905:INFO:CONSOLE(35)] "sync tot (4/36) {"info":4} with 1 randomUUID(s) with 1 randomUUID(s)", source: chrome-extension://kbbgjcgdcibilpahljnlejefcehbljnd/app.js (35)
[7983:7983:1106/060555.725456:INFO:CONSOLE(1)] "get returns [object Object] local [object Object]", source: chrome-extension://kbbgjcgdcibilpahljnlejefcehbljnd/background.js (1)
[9430:10496:1106/060555.862583:WARNING:sync_reader.cc(171)] ASR: No room in socket buffer.: Broken pipe (32)
[7983:7983:1106/060556.218372:INFO:CONSOLE(35)] "channel  extra metadata found: 0 {}", source: chrome-extension://kbbgjcgdcibilpahljnlejefcehbljnd/app.js (35)
[7983:7983:1106/060556.219655:INFO:CONSOLE(35)] "newInfo [object Object]", source: chrome-extension://kbbgjcgdcibilpahljnlejefcehbljnd/app.js (35)
[7983:7983:1106/060556.242635:INFO:CONSOLE(35)] "title [object Object] extra metadata found: 1 {"innerTitle":1}", source: chrome-extension://kbbgjcgdcibilpahljnlejefcehbljnd/app.js (35)
[7983:7983:1106/060556.243481:INFO:CONSOLE(35)] "newInfo [object Object]", source: chrome-extension://kbbgjcgdcibilpahljnlejefcehbljnd/app.js (35)
[7983:7983:1106/060556.258357:INFO:CONSOLE(35)] "over ["Trump delivers remarks as vote count continuesWatch laterShareCopy linkInfoShopping"]", source: chrome-extension://kbbgjcgdcibilpahljnlejefcehbljnd/app.js (35)
[7983:7983:1106/060556.260541:INFO:CONSOLE(35)] "over  extra metadata found: 0 {}", source: chrome-extension://kbbgjcgdcibilpahljnlejefcehbljnd/app.js (35)
[7983:7983:1106/060556.264664:INFO:CONSOLE(35)] "newInfo [object Object]", source: chrome-extension://kbbgjcgdcibilpahljnlejefcehbljnd/app.js (35)
[7983:7983:1106/060556.304761:INFO:CONSOLE(35)] "selector Label, mineExtraMetadata calls extendLabel over 115", source: chrome-extension://kbbgjcgdcibilpahljnlejefcehbljnd/app.js (35)
[7983:7983:1106/060556.321688:INFO:CONSOLE(35)] "label [object Object],[object Object] extra metadata found: 2 {"number":2}", source: chrome-extension://kbbgjcgdcibilpahljnlejefcehbljnd/app.js (35)
[7983:7983:1106/060556.326173:INFO:CONSOLE(35)] "newInfo [object Object]", source: chrome-extension://kbbgjcgdcibilpahljnlejefcehbljnd/app.js (35)
[7983:7983:1106/060556.327540:INFO:CONSOLE(36)] "changeMonitor ["channel","title","over","label"]", source: chrome-extension://kbbgjcgdcibilpahljnlejefcehbljnd/app.js (36)
[7983:7983:1106/060557.165551:INFO:CONSOLE(35)] "syncResponse [object Object]", source: chrome-extension://kbbgjcgdcibilpahljnlejefcehbljnd/app.js (35)
[7983:7983:1106/060600.118267:INFO:CONSOLE(35)] "over ["Trump delivers remarks as vote count continuesWatch laterShareCopy linkInfoShopping"]", source: chrome-extension://kbbgjcgdcibilpahljnlejefcehbljnd/app.js (35)
[7983:7983:1106/060600.122693:INFO:CONSOLE(35)] "over  extra metadata found: 0 {}", source: chrome-extension://kbbgjcgdcibilpahljnlejefcehbljnd/app.js (35)
[7983:7983:1106/060600.128796:INFO:CONSOLE(35)] "newInfo [object Object]", source: chrome-extension://kbbgjcgdcibilpahljnlejefcehbljnd/app.js (35)
[7983:7983:1106/060600.173521:INFO:CONSOLE(35)] "selector Label, mineExtraMetadata calls extendLabel over 115", source: chrome-extension://kbbgjcgdcibilpahljnlejefcehbljnd/app.js (35)
[7983:7983:1106/060600.190915:INFO:CONSOLE(35)] "label [object Object],[object Object] extra metadata found: 2 {"number":2}", source: chrome-extension://kbbgjcgdcibilpahljnlejefcehbljnd/app.js (35)
[7983:7983:1106/060600.195520:INFO:CONSOLE(35)] "newInfo [object Object]", source: chrome-extension://kbbgjcgdcibilpahljnlejefcehbljnd/app.js (35)
[7983:7983:1106/060600.199393:INFO:CONSOLE(36)] "changeMonitor ["over","label"]", source: chrome-extension://kbbgjcgdcibilpahljnlejefcehbljnd/app.js (36)
[7983:7983:1106/060603.262893:INFO:CONSOLE(35)] "newVideo [object Object]", source: chrome-extension://kbbgjcgdcibilpahljnlejefcehbljnd/app.js (35)
[7983:7983:1106/060603.287603:INFO:CONSOLE(36)] "-> 1 new href+content sent, selector ytd-app Fri Nov 06 2020 06:06:03 GMT+0100 (Central European Standard Time) size 253541 253541", source: chrome-extension://kbbgjcgdcibilpahljnlejefcehbljnd/app.js (36)
[7983:7983:1106/060604.077382:INFO:CONSOLE(35)] "channel  extra metadata found: 0 {}", source: chrome-extension://kbbgjcgdcibilpahljnlejefcehbljnd/app.js (35)
[7983:7983:1106/060604.081822:INFO:CONSOLE(35)] "newInfo [object Object]", source: chrome-extension://kbbgjcgdcibilpahljnlejefcehbljnd/app.js (35)
[7983:7983:1106/060604.084881:INFO:CONSOLE(35)] "title [object Object] extra metadata found: 1 {"innerTitle":1}", source: chrome-extension://kbbgjcgdcibilpahljnlejefcehbljnd/app.js (35)
[7983:7983:1106/060604.087301:INFO:CONSOLE(35)] "newInfo [object Object]", source: chrome-extension://kbbgjcgdcibilpahljnlejefcehbljnd/app.js (35)
[7983:7983:1106/060604.093691:INFO:CONSOLE(35)] "over ["Trump delivers remarks as vote count continuesWatch laterShareCopy linkInfoShopping"]", source: chrome-extension://kbbgjcgdcibilpahljnlejefcehbljnd/app.js (35)
[7983:7983:1106/060604.096177:INFO:CONSOLE(35)] "over  extra metadata found: 0 {}", source: chrome-extension://kbbgjcgdcibilpahljnlejefcehbljnd/app.js (35)
[7983:7983:1106/060604.103233:INFO:CONSOLE(35)] "newInfo [object Object]", source: chrome-extension://kbbgjcgdcibilpahljnlejefcehbljnd/app.js (35)
[7983:7983:1106/060604.155519:INFO:CONSOLE(35)] "selector Label, mineExtraMetadata calls extendLabel over 115", source: chrome-extension://kbbgjcgdcibilpahljnlejefcehbljnd/app.js (35)
[7983:7983:1106/060604.167276:INFO:CONSOLE(35)] "label [object Object],[object Object] extra metadata found: 2 {"number":2}", source: chrome-extension://kbbgjcgdcibilpahljnlejefcehbljnd/app.js (35)
[7983:7983:1106/060604.170258:INFO:CONSOLE(35)] "newInfo [object Object]", source: chrome-extension://kbbgjcgdcibilpahljnlejefcehbljnd/app.js (35)
[7983:7983:1106/060604.173709:INFO:CONSOLE(36)] "changeMonitor ["channel","title","over","label"]", source: chrome-extension://kbbgjcgdcibilpahljnlejefcehbljnd/app.js (36)
[7983:7983:1106/060615.380169:INFO:CONSOLE(35)] "sync tot (11/47) {"info":10,"video":1} with 2 randomUUID(s) with 2 randomUUID(s)", source: chrome-extension://kbbgjcgdcibilpahljnlejefcehbljnd/app.js (35)
[7983:7983:1106/060615.989871:INFO:CONSOLE(1)] "get returns [object Object] local [object Object]", source: chrome-extension://kbbgjcgdcibilpahljnlejefcehbljnd/background.js (1)
[7983:7983:1106/060617.662958:INFO:CONSOLE(35)] "syncResponse [object Object]", source: chrome-extension://kbbgjcgdcibilpahljnlejefcehbljnd/app.js (35)
[7983:7983:1106/060716.119315:INFO:CONSOLE(35)] "selector Label, mineExtraMetadata calls extendLabel over 115", source: chrome-extension://kbbgjcgdcibilpahljnlejefcehbljnd/app.js (35)
[7983:7983:1106/060716.145912:INFO:CONSOLE(35)] "label [object Object],[object Object] extra metadata found: 2 {"number":2}", source: chrome-extension://kbbgjcgdcibilpahljnlejefcehbljnd/app.js (35)
[7983:7983:1106/060716.151404:INFO:CONSOLE(35)] "newInfo [object Object]", source: chrome-extension://kbbgjcgdcibilpahljnlejefcehbljnd/app.js (35)
[7983:7983:1106/060716.159835:INFO:CONSOLE(36)] "changeMonitor ["label"]", source: chrome-extension://kbbgjcgdcibilpahljnlejefcehbljnd/app.js (36)
[7983:7983:1106/060720.414605:INFO:CONSOLE(35)] "selector Label, mineExtraMetadata calls extendLabel over 117", source: chrome-extension://kbbgjcgdcibilpahljnlejefcehbljnd/app.js (35)
[7983:7983:1106/060720.414771:INFO:CONSOLE(35)] "label [object Object],[object Object] extra metadata found: 2 {"number":2}", source: chrome-extension://kbbgjcgdcibilpahljnlejefcehbljnd/app.js (35)
[7983:7983:1106/060720.419822:INFO:CONSOLE(35)] "newInfo [object Object]", source: chrome-extension://kbbgjcgdcibilpahljnlejefcehbljnd/app.js (35)
[7983:7983:1106/060720.419961:INFO:CONSOLE(36)] "changeMonitor ["label"]", source: chrome-extension://kbbgjcgdcibilpahljnlejefcehbljnd/app.js (36)
[7983:7983:1106/060724.929589:INFO:CONSOLE(35)] "selector Label, mineExtraMetadata calls extendLabel over 115", source: chrome-extension://kbbgjcgdcibilpahljnlejefcehbljnd/app.js (35)
[7983:7983:1106/060724.967890:INFO:CONSOLE(35)] "label [object Object],[object Object] extra metadata found: 2 {"number":2}", source: chrome-extension://kbbgjcgdcibilpahljnlejefcehbljnd/app.js (35)
[7983:7983:1106/060724.974603:INFO:CONSOLE(35)] "newInfo [object Object]", source: chrome-extension://kbbgjcgdcibilpahljnlejefcehbljnd/app.js (35)
[7983:7983:1106/060724.981934:INFO:CONSOLE(36)] "changeMonitor ["label"]", source: chrome-extension://kbbgjcgdcibilpahljnlejefcehbljnd/app.js (36)
[7983:7983:1106/060728.376936:INFO:CONSOLE(35)] "selector Label, mineExtraMetadata calls extendLabel over 115", source: chrome-extension://kbbgjcgdcibilpahljnlejefcehbljnd/app.js (35)
[7983:7983:1106/060728.397635:INFO:CONSOLE(35)] "label [object Object],[object Object] extra metadata found: 2 {"number":2}", source: chrome-extension://kbbgjcgdcibilpahljnlejefcehbljnd/app.js (35)
[7983:7983:1106/060728.400649:INFO:CONSOLE(35)] "newInfo [object Object]", source: chrome-extension://kbbgjcgdcibilpahljnlejefcehbljnd/app.js (35)
[7983:7983:1106/060728.412358:INFO:CONSOLE(36)] "changeMonitor ["label"]", source: chrome-extension://kbbgjcgdcibilpahljnlejefcehbljnd/app.js (36)
[7983:7983:1106/060732.471971:INFO:CONSOLE(35)] "over ["Trump delivers remarks as vote count continuesWatch laterShareCopy linkInfoShopping"]", source: chrome-extension://kbbgjcgdcibilpahljnlejefcehbljnd/app.js (35)
[7983:7983:1106/060732.479584:INFO:CONSOLE(35)] "over  extra metadata found: 0 {}", source: chrome-extension://kbbgjcgdcibilpahljnlejefcehbljnd/app.js (35)
[7983:7983:1106/060732.500021:INFO:CONSOLE(35)] "newInfo [object Object]", source: chrome-extension://kbbgjcgdcibilpahljnlejefcehbljnd/app.js (35)
[7983:7983:1106/060732.660851:INFO:CONSOLE(35)] "selector Label, mineExtraMetadata calls extendLabel over 115", source: chrome-extension://kbbgjcgdcibilpahljnlejefcehbljnd/app.js (35)
[7983:7983:1106/060732.677757:INFO:CONSOLE(35)] "label [object Object],[object Object] extra metadata found: 2 {"number":2}", source: chrome-extension://kbbgjcgdcibilpahljnlejefcehbljnd/app.js (35)
[7983:7983:1106/060732.822433:INFO:CONSOLE(35)] "newInfo [object Object]", source: chrome-extension://kbbgjcgdcibilpahljnlejefcehbljnd/app.js (35)
[7983:7983:1106/060732.827199:INFO:CONSOLE(36)] "changeMonitor ["over","label"]", source: chrome-extension://kbbgjcgdcibilpahljnlejefcehbljnd/app.js (36)
[7983:7983:1106/060735.376431:INFO:CONSOLE(35)] "sync tot (6/53) {"info":6} with 1 randomUUID(s) with 1 randomUUID(s)", source: chrome-extension://kbbgjcgdcibilpahljnlejefcehbljnd/app.js (35)
[7983:7983:1106/060736.080968:INFO:CONSOLE(35)] "over ["Trump delivers remarks as vote count continuesWatch laterShareCopy linkInfoShopping"]", source: chrome-extension://kbbgjcgdcibilpahljnlejefcehbljnd/app.js (35)
[7983:7983:1106/060736.085176:INFO:CONSOLE(35)] "over  extra metadata found: 0 {}", source: chrome-extension://kbbgjcgdcibilpahljnlejefcehbljnd/app.js (35)
[7983:7983:1106/060736.089535:INFO:CONSOLE(35)] "newInfo [object Object]", source: chrome-extension://kbbgjcgdcibilpahljnlejefcehbljnd/app.js (35)
[7983:7983:1106/060736.176008:INFO:CONSOLE(35)] "selector Label, mineExtraMetadata calls extendLabel over 115", source: chrome-extension://kbbgjcgdcibilpahljnlejefcehbljnd/app.js (35)
[7983:7983:1106/060736.186580:INFO:CONSOLE(35)] "label [object Object],[object Object] extra metadata found: 2 {"number":2}", source: chrome-extension://kbbgjcgdcibilpahljnlejefcehbljnd/app.js (35)
[7983:7983:1106/060736.195549:INFO:CONSOLE(35)] "newInfo [object Object]", source: chrome-extension://kbbgjcgdcibilpahljnlejefcehbljnd/app.js (35)
[7983:7983:1106/060736.197161:INFO:CONSOLE(36)] "changeMonitor ["over","label"]", source: chrome-extension://kbbgjcgdcibilpahljnlejefcehbljnd/app.js (36)
[7983:7983:1106/060736.287637:INFO:CONSOLE(1)] "get returns [object Object] local [object Object]", source: chrome-extension://kbbgjcgdcibilpahljnlejefcehbljnd/background.js (1)
[7983:7983:1106/060738.380631:INFO:CONSOLE(35)] "syncResponse [object Object]", source: chrome-extension://kbbgjcgdcibilpahljnlejefcehbljnd/app.js (35)
[7983:7983:1106/060755.376822:INFO:CONSOLE(35)] "sync tot (2/55) {"info":2} with 1 randomUUID(s) with 1 randomUUID(s)", source: chrome-extension://kbbgjcgdcibilpahljnlejefcehbljnd/app.js (35)
[7983:7983:1106/060755.828320:INFO:CONSOLE(1)] "get returns [object Object] local [object Object]", source: chrome-extension://kbbgjcgdcibilpahljnlejefcehbljnd/background.js (1)
[7983:7983:1106/060756.681807:INFO:CONSOLE(35)] "syncResponse [object Object]", source: chrome-extension://kbbgjcgdcibilpahljnlejefcehbljnd/app.js (35)
[7983:7983:1106/060800.120174:INFO:CONSOLE(35)] "selector Label, mineExtraMetadata calls extendLabel over 118", source: chrome-extension://kbbgjcgdcibilpahljnlejefcehbljnd/app.js (35)
[7983:7983:1106/060800.124983:INFO:CONSOLE(35)] "label [object Object],[object Object] extra metadata found: 2 {"number":2}", source: chrome-extension://kbbgjcgdcibilpahljnlejefcehbljnd/app.js (35)
[7983:7983:1106/060800.127668:INFO:CONSOLE(35)] "newInfo [object Object]", source: chrome-extension://kbbgjcgdcibilpahljnlejefcehbljnd/app.js (35)
[7983:7983:1106/060800.129230:INFO:CONSOLE(36)] "changeMonitor ["label"]", source: chrome-extension://kbbgjcgdcibilpahljnlejefcehbljnd/app.js (36)
[7983:7983:1106/060804.213480:INFO:CONSOLE(35)] "selector Label, mineExtraMetadata calls extendLabel over 131", source: chrome-extension://kbbgjcgdcibilpahljnlejefcehbljnd/app.js (35)
[7983:7983:1106/060804.227542:INFO:CONSOLE(35)] "label [object Object],[object Object],[object Object] extra metadata found: 3 {"number":3}", source: chrome-extension://kbbgjcgdcibilpahljnlejefcehbljnd/app.js (35)
[7983:7983:1106/060804.227636:INFO:CONSOLE(35)] "newInfo [object Object]", source: chrome-extension://kbbgjcgdcibilpahljnlejefcehbljnd/app.js (35)
[7983:7983:1106/060804.230009:INFO:CONSOLE(36)] "changeMonitor ["label"]", source: chrome-extension://kbbgjcgdcibilpahljnlejefcehbljnd/app.js (36)
[7983:7983:1106/060808.150440:INFO:CONSOLE(35)] "selector Label, mineExtraMetadata calls extendLabel over 131", source: chrome-extension://kbbgjcgdcibilpahljnlejefcehbljnd/app.js (35)
[7983:7983:1106/060808.152217:INFO:CONSOLE(35)] "label [object Object],[object Object],[object Object] extra metadata found: 3 {"number":3}", source: chrome-extension://kbbgjcgdcibilpahljnlejefcehbljnd/app.js (35)
[7983:7983:1106/060808.152830:INFO:CONSOLE(35)] "newInfo [object Object]", source: chrome-extension://kbbgjcgdcibilpahljnlejefcehbljnd/app.js (35)
[7983:7983:1106/060808.153543:INFO:CONSOLE(36)] "changeMonitor ["label"]", source: chrome-extension://kbbgjcgdcibilpahljnlejefcehbljnd/app.js (36)
[7983:7983:1106/060815.410150:INFO:CONSOLE(35)] "sync tot (3/58) {"info":3} with 1 randomUUID(s) with 1 randomUUID(s)", source: chrome-extension://kbbgjcgdcibilpahljnlejefcehbljnd/app.js (35)
[7983:7983:1106/060816.120403:INFO:CONSOLE(35)] "over ["Trump delivers remarks as vote count continuesWatch laterShareCopy linkInfoShopping"]", source: chrome-extension://kbbgjcgdcibilpahljnlejefcehbljnd/app.js (35)
[7983:7983:1106/060816.126128:INFO:CONSOLE(35)] "over  extra metadata found: 0 {}", source: chrome-extension://kbbgjcgdcibilpahljnlejefcehbljnd/app.js (35)
[7983:7983:1106/060816.126302:INFO:CONSOLE(35)] "newInfo [object Object]", source: chrome-extension://kbbgjcgdcibilpahljnlejefcehbljnd/app.js (35)
[7983:7983:1106/060816.208085:INFO:CONSOLE(35)] "selector Label, mineExtraMetadata calls extendLabel over 130", source: chrome-extension://kbbgjcgdcibilpahljnlejefcehbljnd/app.js (35)
[7983:7983:1106/060816.210731:INFO:CONSOLE(35)] "label [object Object],[object Object],[object Object] extra metadata found: 3 {"number":3}", source: chrome-extension://kbbgjcgdcibilpahljnlejefcehbljnd/app.js (35)
[7983:7983:1106/060816.218174:INFO:CONSOLE(35)] "newInfo [object Object]", source: chrome-extension://kbbgjcgdcibilpahljnlejefcehbljnd/app.js (35)
[7983:7983:1106/060816.218317:INFO:CONSOLE(36)] "changeMonitor ["over","label"]", source: chrome-extension://kbbgjcgdcibilpahljnlejefcehbljnd/app.js (36)
[7983:7983:1106/060816.224314:INFO:CONSOLE(1)] "get returns [object Object] local [object Object]", source: chrome-extension://kbbgjcgdcibilpahljnlejefcehbljnd/background.js (1)
[7983:7983:1106/060817.808863:INFO:CONSOLE(35)] "syncResponse [object Object]", source: chrome-extension://kbbgjcgdcibilpahljnlejefcehbljnd/app.js (35)
[7983:7983:1106/060820.165050:INFO:CONSOLE(35)] "selector Label, mineExtraMetadata calls extendLabel over 130", source: chrome-extension://kbbgjcgdcibilpahljnlejefcehbljnd/app.js (35)
[7983:7983:1106/060820.174179:INFO:CONSOLE(35)] "label [object Object],[object Object],[object Object] extra metadata found: 3 {"number":3}", source: chrome-extension://kbbgjcgdcibilpahljnlejefcehbljnd/app.js (35)
[7983:7983:1106/060820.176334:INFO:CONSOLE(35)] "newInfo [object Object]", source: chrome-extension://kbbgjcgdcibilpahljnlejefcehbljnd/app.js (35)
[7983:7983:1106/060820.179105:INFO:CONSOLE(36)] "changeMonitor ["label"]", source: chrome-extension://kbbgjcgdcibilpahljnlejefcehbljnd/app.js (36)
[7983:7983:1106/060824.872046:INFO:CONSOLE(35)] "banner  extra metadata found: 0 {}", source: chrome-extension://kbbgjcgdcibilpahljnlejefcehbljnd/app.js (35)
[7983:7983:1106/060824.905490:INFO:CONSOLE(35)] "newInfo [object Object]", source: chrome-extension://kbbgjcgdcibilpahljnlejefcehbljnd/app.js (35)
[7983:7983:1106/060825.063406:INFO:CONSOLE(35)] "channel  extra metadata found: 0 {}", source: chrome-extension://kbbgjcgdcibilpahljnlejefcehbljnd/app.js (35)
[7983:7983:1106/060825.105723:INFO:CONSOLE(35)] "newInfo [object Object]", source: chrome-extension://kbbgjcgdcibilpahljnlejefcehbljnd/app.js (35)
[7983:7983:1106/060825.128128:INFO:CONSOLE(35)] "title [object Object] extra metadata found: 1 {"innerTitle":1}", source: chrome-extension://kbbgjcgdcibilpahljnlejefcehbljnd/app.js (35)
[7983:7983:1106/060825.141573:INFO:CONSOLE(35)] "newInfo [object Object]", source: chrome-extension://kbbgjcgdcibilpahljnlejefcehbljnd/app.js (35)
[7983:7983:1106/060825.206500:INFO:CONSOLE(35)] "over ["Migliaia di bambini hanno bisogno del tuo aiuto oraWatch laterShareCopy linkInfoShopping"]", source: chrome-extension://kbbgjcgdcibilpahljnlejefcehbljnd/app.js (35)
[7983:7983:1106/060825.260380:INFO:CONSOLE(35)] "over  extra metadata found: 0 {}", source: chrome-extension://kbbgjcgdcibilpahljnlejefcehbljnd/app.js (35)
[7983:7983:1106/060825.291307:INFO:CONSOLE(35)] "newInfo [object Object]", source: chrome-extension://kbbgjcgdcibilpahljnlejefcehbljnd/app.js (35)
[7983:7983:1106/060826.173948:INFO:CONSOLE(35)] "selector Label, mineExtraMetadata calls extendLabel over 111", source: chrome-extension://kbbgjcgdcibilpahljnlejefcehbljnd/app.js (35)
[7983:7983:1106/060826.299113:INFO:CONSOLE(35)] "label [object Object],[object Object] extra metadata found: 2 {"number":2}", source: chrome-extension://kbbgjcgdcibilpahljnlejefcehbljnd/app.js (35)
[7983:7983:1106/060826.446416:INFO:CONSOLE(35)] "newInfo [object Object]", source: chrome-extension://kbbgjcgdcibilpahljnlejefcehbljnd/app.js (35)
[7983:7983:1106/060826.459186:INFO:CONSOLE(36)] "changeMonitor ["banner","channel","title","over","label"]", source: chrome-extension://kbbgjcgdcibilpahljnlejefcehbljnd/app.js (36)
[7983:7983:1106/060832.048246:INFO:CONSOLE(35)] "newVideo [object Object]", source: chrome-extension://kbbgjcgdcibilpahljnlejefcehbljnd/app.js (35)
[7983:7983:1106/060832.083647:INFO:CONSOLE(36)] "-> 1 new href+content sent, selector ytd-app Fri Nov 06 2020 06:08:32 GMT+0100 (Central European Standard Time) size 260745 260745", source: chrome-extension://kbbgjcgdcibilpahljnlejefcehbljnd/app.js (36)
[7983:7983:1106/060833.639901:INFO:CONSOLE(35)] "banner [object Object] extra metadata found: 1 {"banner":1}", source: chrome-extension://kbbgjcgdcibilpahljnlejefcehbljnd/app.js (35)
[7983:7983:1106/060833.648366:INFO:CONSOLE(35)] "newInfo [object Object]", source: chrome-extension://kbbgjcgdcibilpahljnlejefcehbljnd/app.js (35)
[7983:7983:1106/060833.660222:INFO:CONSOLE(35)] "ad [object Object] extra metadata found: 1 {"ad":1}", source: chrome-extension://kbbgjcgdcibilpahljnlejefcehbljnd/app.js (35)
[7983:7983:1106/060833.685413:INFO:CONSOLE(35)] "newInfo [object Object]", source: chrome-extension://kbbgjcgdcibilpahljnlejefcehbljnd/app.js (35)
[7983:7983:1106/060833.700795:INFO:CONSOLE(35)] "channel  extra metadata found: 0 {}", source: chrome-extension://kbbgjcgdcibilpahljnlejefcehbljnd/app.js (35)
[7983:7983:1106/060833.713033:INFO:CONSOLE(35)] "newInfo [object Object]", source: chrome-extension://kbbgjcgdcibilpahljnlejefcehbljnd/app.js (35)
[7983:7983:1106/060833.727363:INFO:CONSOLE(35)] "title [object Object] extra metadata found: 1 {"innerTitle":1}", source: chrome-extension://kbbgjcgdcibilpahljnlejefcehbljnd/app.js (35)
[7983:7983:1106/060833.742002:INFO:CONSOLE(35)] "newInfo [object Object]", source: chrome-extension://kbbgjcgdcibilpahljnlejefcehbljnd/app.js (35)
[7983:7983:1106/060833.769509:INFO:CONSOLE(35)] "over ["Migliaia di bambini hanno bisogno del tuo aiuto oraWatch laterShareCopy linkInfoShopping"]", source: chrome-extension://kbbgjcgdcibilpahljnlejefcehbljnd/app.js (35)
[7983:7983:1106/060833.790639:INFO:CONSOLE(35)] "over  extra metadata found: 0 {}", source: chrome-extension://kbbgjcgdcibilpahljnlejefcehbljnd/app.js (35)
[7983:7983:1106/060833.793605:INFO:CONSOLE(35)] "newInfo [object Object]", source: chrome-extension://kbbgjcgdcibilpahljnlejefcehbljnd/app.js (35)
[7983:7983:1106/060833.975558:INFO:CONSOLE(35)] "selector Label, mineExtraMetadata calls extendLabel over 117", source: chrome-extension://kbbgjcgdcibilpahljnlejefcehbljnd/app.js (35)
[7983:7983:1106/060834.041696:INFO:CONSOLE(35)] "label [object Object],[object Object] extra metadata found: 2 {"number":2}", source: chrome-extension://kbbgjcgdcibilpahljnlejefcehbljnd/app.js (35)
[7983:7983:1106/060834.049958:INFO:CONSOLE(35)] "newInfo [object Object]", source: chrome-extension://kbbgjcgdcibilpahljnlejefcehbljnd/app.js (35)
[7983:7983:1106/060834.058877:INFO:CONSOLE(36)] "changeMonitor ["banner","ad","channel","title","over","label"]", source: chrome-extension://kbbgjcgdcibilpahljnlejefcehbljnd/app.js (36)
[7983:7983:1106/060836.378060:INFO:CONSOLE(35)] "sync tot (15/73) {"info":14,"video":1} with 2 randomUUID(s) with 2 randomUUID(s)", source: chrome-extension://kbbgjcgdcibilpahljnlejefcehbljnd/app.js (35)
[7983:7983:1106/060837.383178:INFO:CONSOLE(35)] "banner [object Object] extra metadata found: 1 {"banner":1}", source: chrome-extension://kbbgjcgdcibilpahljnlejefcehbljnd/app.js (35)
[7983:7983:1106/060837.390192:INFO:CONSOLE(35)] "newInfo [object Object]", source: chrome-extension://kbbgjcgdcibilpahljnlejefcehbljnd/app.js (35)
[7983:7983:1106/060837.400576:INFO:CONSOLE(35)] "ad [object Object] extra metadata found: 1 {"ad":1}", source: chrome-extension://kbbgjcgdcibilpahljnlejefcehbljnd/app.js (35)
[7983:7983:1106/060837.404989:INFO:CONSOLE(35)] "newInfo [object Object]", source: chrome-extension://kbbgjcgdcibilpahljnlejefcehbljnd/app.js (35)
[7983:7983:1106/060837.428559:INFO:CONSOLE(35)] "over ["Migliaia di bambini hanno bisogno del tuo aiuto oraWatch laterShareCopy linkInfoShopping"]", source: chrome-extension://kbbgjcgdcibilpahljnlejefcehbljnd/app.js (35)
[7983:7983:1106/060837.430440:INFO:CONSOLE(35)] "over  extra metadata found: 0 {}", source: chrome-extension://kbbgjcgdcibilpahljnlejefcehbljnd/app.js (35)
[7983:7983:1106/060837.433604:INFO:CONSOLE(35)] "newInfo [object Object]", source: chrome-extension://kbbgjcgdcibilpahljnlejefcehbljnd/app.js (35)
[7983:7983:1106/060837.538765:INFO:CONSOLE(35)] "selector Label, mineExtraMetadata calls extendLabel over 116", source: chrome-extension://kbbgjcgdcibilpahljnlejefcehbljnd/app.js (35)
[7983:7983:1106/060837.555000:INFO:CONSOLE(35)] "label [object Object],[object Object] extra metadata found: 2 {"number":2}", source: chrome-extension://kbbgjcgdcibilpahljnlejefcehbljnd/app.js (35)
[7983:7983:1106/060837.555767:INFO:CONSOLE(35)] "newInfo [object Object]", source: chrome-extension://kbbgjcgdcibilpahljnlejefcehbljnd/app.js (35)
[7983:7983:1106/060837.598496:INFO:CONSOLE(36)] "changeMonitor ["banner","ad","over","label"]", source: chrome-extension://kbbgjcgdcibilpahljnlejefcehbljnd/app.js (36)
[7983:7983:1106/060837.694400:INFO:CONSOLE(1)] "get returns [object Object] local [object Object]", source: chrome-extension://kbbgjcgdcibilpahljnlejefcehbljnd/background.js (1)
[7983:7983:1106/060840.718569:INFO:CONSOLE(35)] "banner [object Object] extra metadata found: 1 {"banner":1}", source: chrome-extension://kbbgjcgdcibilpahljnlejefcehbljnd/app.js (35)
[7983:7983:1106/060840.725571:INFO:CONSOLE(35)] "newInfo [object Object]", source: chrome-extension://kbbgjcgdcibilpahljnlejefcehbljnd/app.js (35)
[7983:7983:1106/060840.741971:INFO:CONSOLE(35)] "ad [object Object] extra metadata found: 1 {"ad":1}", source: chrome-extension://kbbgjcgdcibilpahljnlejefcehbljnd/app.js (35)
[7983:7983:1106/060840.746803:INFO:CONSOLE(35)] "newInfo [object Object]", source: chrome-extension://kbbgjcgdcibilpahljnlejefcehbljnd/app.js (35)
[7983:7983:1106/060840.767573:INFO:CONSOLE(35)] "over ["Migliaia di bambini hanno bisogno del tuo aiuto oraWatch laterShareCopy linkInfoShopping"]", source: chrome-extension://kbbgjcgdcibilpahljnlejefcehbljnd/app.js (35)
[7983:7983:1106/060840.781042:INFO:CONSOLE(35)] "over  extra metadata found: 0 {}", source: chrome-extension://kbbgjcgdcibilpahljnlejefcehbljnd/app.js (35)
[7983:7983:1106/060840.781132:INFO:CONSOLE(35)] "newInfo [object Object]", source: chrome-extension://kbbgjcgdcibilpahljnlejefcehbljnd/app.js (35)
[7983:7983:1106/060840.898478:INFO:CONSOLE(35)] "selector Label, mineExtraMetadata calls extendLabel over 115", source: chrome-extension://kbbgjcgdcibilpahljnlejefcehbljnd/app.js (35)
[7983:7983:1106/060840.938244:INFO:CONSOLE(35)] "label [object Object],[object Object] extra metadata found: 2 {"number":2}", source: chrome-extension://kbbgjcgdcibilpahljnlejefcehbljnd/app.js (35)
[7983:7983:1106/060840.940191:INFO:CONSOLE(35)] "newInfo [object Object]", source: chrome-extension://kbbgjcgdcibilpahljnlejefcehbljnd/app.js (35)
[7983:7983:1106/060840.952329:INFO:CONSOLE(36)] "changeMonitor ["banner","ad","over","label"]", source: chrome-extension://kbbgjcgdcibilpahljnlejefcehbljnd/app.js (36)
[7983:7983:1106/060845.342876:INFO:CONSOLE(35)] "syncResponse [object Object]", source: chrome-extension://kbbgjcgdcibilpahljnlejefcehbljnd/app.js (35)
[7983:7983:1106/060845.691092:INFO:CONSOLE(35)] "banner  extra metadata found: 0 {}", source: chrome-extension://kbbgjcgdcibilpahljnlejefcehbljnd/app.js (35)
[7983:7983:1106/060845.691574:INFO:CONSOLE(35)] "newInfo [object Object]", source: chrome-extension://kbbgjcgdcibilpahljnlejefcehbljnd/app.js (35)
[7983:7983:1106/060845.699080:INFO:CONSOLE(35)] "channel  extra metadata found: 0 {}", source: chrome-extension://kbbgjcgdcibilpahljnlejefcehbljnd/app.js (35)
[7983:7983:1106/060845.699206:INFO:CONSOLE(35)] "newInfo [object Object]", source: chrome-extension://kbbgjcgdcibilpahljnlejefcehbljnd/app.js (35)
[7983:7983:1106/060845.711375:INFO:CONSOLE(35)] "title [object Object] extra metadata found: 1 {"innerTitle":1}", source: chrome-extension://kbbgjcgdcibilpahljnlejefcehbljnd/app.js (35)
[7983:7983:1106/060845.734488:INFO:CONSOLE(35)] "newInfo [object Object]", source: chrome-extension://kbbgjcgdcibilpahljnlejefcehbljnd/app.js (35)
[7983:7983:1106/060845.749967:INFO:CONSOLE(35)] "over ["First lady Melania Trump campaigns in PennsylvaniaWatch laterShareCopy linkInfoShopping"]", source: chrome-extension://kbbgjcgdcibilpahljnlejefcehbljnd/app.js (35)
[7983:7983:1106/060845.750439:INFO:CONSOLE(35)] "over  extra metadata found: 0 {}", source: chrome-extension://kbbgjcgdcibilpahljnlejefcehbljnd/app.js (35)
[7983:7983:1106/060845.754913:INFO:CONSOLE(35)] "newInfo [object Object]", source: chrome-extension://kbbgjcgdcibilpahljnlejefcehbljnd/app.js (35)
[7983:7983:1106/060845.787498:INFO:CONSOLE(35)] "selector Label, mineExtraMetadata calls extendLabel over 116", source: chrome-extension://kbbgjcgdcibilpahljnlejefcehbljnd/app.js (35)
[7983:7983:1106/060845.791831:INFO:CONSOLE(35)] "label [object Object],[object Object] extra metadata found: 2 {"number":2}", source: chrome-extension://kbbgjcgdcibilpahljnlejefcehbljnd/app.js (35)
[7983:7983:1106/060845.793385:INFO:CONSOLE(35)] "newInfo [object Object]", source: chrome-extension://kbbgjcgdcibilpahljnlejefcehbljnd/app.js (35)
[7983:7983:1106/060845.794459:INFO:CONSOLE(36)] "changeMonitor ["banner","channel","title","over","label"]", source: chrome-extension://kbbgjcgdcibilpahljnlejefcehbljnd/app.js (36)
[7983:7983:1106/060848.115448:INFO:CONSOLE(35)] "over ["First lady Melania Trump campaigns in PennsylvaniaWatch laterShareCopy linkInfoShopping"]", source: chrome-extension://kbbgjcgdcibilpahljnlejefcehbljnd/app.js (35)
[7983:7983:1106/060848.119125:INFO:CONSOLE(35)] "over  extra metadata found: 0 {}", source: chrome-extension://kbbgjcgdcibilpahljnlejefcehbljnd/app.js (35)
[7983:7983:1106/060848.121465:INFO:CONSOLE(35)] "newInfo [object Object]", source: chrome-extension://kbbgjcgdcibilpahljnlejefcehbljnd/app.js (35)
[7983:7983:1106/060848.163190:INFO:CONSOLE(35)] "selector Label, mineExtraMetadata calls extendLabel over 116", source: chrome-extension://kbbgjcgdcibilpahljnlejefcehbljnd/app.js (35)
[7983:7983:1106/060848.183078:INFO:CONSOLE(35)] "label [object Object],[object Object] extra metadata found: 2 {"number":2}", source: chrome-extension://kbbgjcgdcibilpahljnlejefcehbljnd/app.js (35)
[7983:7983:1106/060848.188698:INFO:CONSOLE(35)] "newInfo [object Object]", source: chrome-extension://kbbgjcgdcibilpahljnlejefcehbljnd/app.js (35)
[7983:7983:1106/060848.190127:INFO:CONSOLE(36)] "changeMonitor ["over","label"]", source: chrome-extension://kbbgjcgdcibilpahljnlejefcehbljnd/app.js (36)
[7983:7983:1106/060852.164387:INFO:CONSOLE(35)] "selector Label, mineExtraMetadata calls extendLabel over 116", source: chrome-extension://kbbgjcgdcibilpahljnlejefcehbljnd/app.js (35)
[7983:7983:1106/060852.168563:INFO:CONSOLE(35)] "label [object Object],[object Object] extra metadata found: 2 {"number":2}", source: chrome-extension://kbbgjcgdcibilpahljnlejefcehbljnd/app.js (35)
[7983:7983:1106/060852.173241:INFO:CONSOLE(35)] "newInfo [object Object]", source: chrome-extension://kbbgjcgdcibilpahljnlejefcehbljnd/app.js (35)
[7983:7983:1106/060852.174806:INFO:CONSOLE(36)] "changeMonitor ["label"]", source: chrome-extension://kbbgjcgdcibilpahljnlejefcehbljnd/app.js (36)
[7983:7983:1106/060855.377158:INFO:CONSOLE(35)] "sync tot (16/89) {"info":16} with 1 randomUUID(s) with 1 randomUUID(s)", source: chrome-extension://kbbgjcgdcibilpahljnlejefcehbljnd/app.js (35)
[7983:7983:1106/060855.445641:INFO:CONSOLE(1)] "get returns [object Object] local [object Object]", source: chrome-extension://kbbgjcgdcibilpahljnlejefcehbljnd/background.js (1)
[7983:7983:1106/060856.239945:INFO:CONSOLE(35)] "syncResponse [object Object]", source: chrome-extension://kbbgjcgdcibilpahljnlejefcehbljnd/app.js (35)
[7983:7983:1106/060928.177531:INFO:CONSOLE(35)] "over ["First lady Melania Trump campaigns in PennsylvaniaWatch laterShareCopy linkInfoShopping"]", source: chrome-extension://kbbgjcgdcibilpahljnlejefcehbljnd/app.js (35)
[7983:7983:1106/060928.179459:INFO:CONSOLE(35)] "over  extra metadata found: 0 {}", source: chrome-extension://kbbgjcgdcibilpahljnlejefcehbljnd/app.js (35)
[7983:7983:1106/060928.181433:INFO:CONSOLE(35)] "newInfo [object Object]", source: chrome-extension://kbbgjcgdcibilpahljnlejefcehbljnd/app.js (35)
[7983:7983:1106/060928.215451:INFO:CONSOLE(35)] "selector Label, mineExtraMetadata calls extendLabel over 116", source: chrome-extension://kbbgjcgdcibilpahljnlejefcehbljnd/app.js (35)
[7983:7983:1106/060928.269821:INFO:CONSOLE(35)] "label [object Object],[object Object] extra metadata found: 2 {"number":2}", source: chrome-extension://kbbgjcgdcibilpahljnlejefcehbljnd/app.js (35)
[7983:7983:1106/060928.280642:INFO:CONSOLE(35)] "newInfo [object Object]", source: chrome-extension://kbbgjcgdcibilpahljnlejefcehbljnd/app.js (35)
[7983:7983:1106/060928.282461:INFO:CONSOLE(36)] "changeMonitor ["over","label"]", source: chrome-extension://kbbgjcgdcibilpahljnlejefcehbljnd/app.js (36)
[7983:7983:1106/060932.077758:INFO:CONSOLE(35)] "over ["First lady Melania Trump campaigns in PennsylvaniaWatch laterShareCopy linkInfoShopping"]", source: chrome-extension://kbbgjcgdcibilpahljnlejefcehbljnd/app.js (35)
[7983:7983:1106/060932.078845:INFO:CONSOLE(35)] "over  extra metadata found: 0 {}", source: chrome-extension://kbbgjcgdcibilpahljnlejefcehbljnd/app.js (35)
[7983:7983:1106/060932.080197:INFO:CONSOLE(35)] "newInfo [object Object]", source: chrome-extension://kbbgjcgdcibilpahljnlejefcehbljnd/app.js (35)
[7983:7983:1106/060932.329423:INFO:CONSOLE(35)] "selector Label, mineExtraMetadata calls extendLabel over 116", source: chrome-extension://kbbgjcgdcibilpahljnlejefcehbljnd/app.js (35)
[7983:7983:1106/060932.500018:INFO:CONSOLE(35)] "label [object Object],[object Object] extra metadata found: 2 {"number":2}", source: chrome-extension://kbbgjcgdcibilpahljnlejefcehbljnd/app.js (35)
[7983:7983:1106/060932.527135:INFO:CONSOLE(35)] "newInfo [object Object]", source: chrome-extension://kbbgjcgdcibilpahljnlejefcehbljnd/app.js (35)
[7983:7983:1106/060932.559131:INFO:CONSOLE(36)] "changeMonitor ["over","label"]", source: chrome-extension://kbbgjcgdcibilpahljnlejefcehbljnd/app.js (36)
[7983:7983:1106/060935.376479:INFO:CONSOLE(35)] "sync tot (4/93) {"info":4} with 1 randomUUID(s) with 1 randomUUID(s)", source: chrome-extension://kbbgjcgdcibilpahljnlejefcehbljnd/app.js (35)
[7983:7983:1106/060936.743643:INFO:CONSOLE(1)] "get returns [object Object] local [object Object]", source: chrome-extension://kbbgjcgdcibilpahljnlejefcehbljnd/background.js (1)
[7983:7983:1106/060939.027935:INFO:CONSOLE(35)] "syncResponse [object Object]", source: chrome-extension://kbbgjcgdcibilpahljnlejefcehbljnd/app.js (35)
[7983:7983:1106/061144.080993:INFO:CONSOLE(35)] "over ["First lady Melania Trump campaigns in PennsylvaniaWatch laterShareCopy linkInfoShopping"]", source: chrome-extension://kbbgjcgdcibilpahljnlejefcehbljnd/app.js (35)
[7983:7983:1106/061144.104166:INFO:CONSOLE(35)] "over  extra metadata found: 0 {}", source: chrome-extension://kbbgjcgdcibilpahljnlejefcehbljnd/app.js (35)
[7983:7983:1106/061144.115643:INFO:CONSOLE(35)] "newInfo [object Object]", source: chrome-extension://kbbgjcgdcibilpahljnlejefcehbljnd/app.js (35)
[7983:7983:1106/061144.296960:INFO:CONSOLE(35)] "selector Label, mineExtraMetadata calls extendLabel over 116", source: chrome-extension://kbbgjcgdcibilpahljnlejefcehbljnd/app.js (35)
[7983:7983:1106/061144.322202:INFO:CONSOLE(35)] "label [object Object],[object Object] extra metadata found: 2 {"number":2}", source: chrome-extension://kbbgjcgdcibilpahljnlejefcehbljnd/app.js (35)
[7983:7983:1106/061144.328485:INFO:CONSOLE(35)] "newInfo [object Object]", source: chrome-extension://kbbgjcgdcibilpahljnlejefcehbljnd/app.js (35)
[7983:7983:1106/061144.333511:INFO:CONSOLE(36)] "changeMonitor ["over","label"]", source: chrome-extension://kbbgjcgdcibilpahljnlejefcehbljnd/app.js (36)
[7983:7983:1106/061155.377184:INFO:CONSOLE(35)] "sync tot (2/95) {"info":2} with 1 randomUUID(s) with 1 randomUUID(s)", source: chrome-extension://kbbgjcgdcibilpahljnlejefcehbljnd/app.js (35)
[7983:7983:1106/061156.120293:INFO:CONSOLE(1)] "get returns [object Object] local [object Object]", source: chrome-extension://kbbgjcgdcibilpahljnlejefcehbljnd/background.js (1)
[7983:7983:1106/061157.045078:INFO:CONSOLE(35)] "syncResponse [object Object]", source: chrome-extension://kbbgjcgdcibilpahljnlejefcehbljnd/app.js (35)
[7983:7983:1106/061952.104754:INFO:CONSOLE(35)] "selector Label, mineExtraMetadata calls extendLabel over 116", source: chrome-extension://kbbgjcgdcibilpahljnlejefcehbljnd/app.js (35)
[7983:7983:1106/061952.108014:INFO:CONSOLE(35)] "label [object Object],[object Object] extra metadata found: 2 {"number":2}", source: chrome-extension://kbbgjcgdcibilpahljnlejefcehbljnd/app.js (35)
[7983:7983:1106/061952.109808:INFO:CONSOLE(35)] "newInfo [object Object]", source: chrome-extension://kbbgjcgdcibilpahljnlejefcehbljnd/app.js (35)
[7983:7983:1106/061952.112737:INFO:CONSOLE(36)] "changeMonitor ["label"]", source: chrome-extension://kbbgjcgdcibilpahljnlejefcehbljnd/app.js (36)
[7983:7983:1106/061955.377237:INFO:CONSOLE(35)] "sync tot (1/96) {"info":1} with 1 randomUUID(s) with 1 randomUUID(s)", source: chrome-extension://kbbgjcgdcibilpahljnlejefcehbljnd/app.js (35)
[7983:7983:1106/061955.529514:INFO:CONSOLE(1)] "get returns [object Object] local [object Object]", source: chrome-extension://kbbgjcgdcibilpahljnlejefcehbljnd/background.js (1)
[7983:7983:1106/061956.090915:INFO:CONSOLE(35)] "selector Label, mineExtraMetadata calls extendLabel over 116", source: chrome-extension://kbbgjcgdcibilpahljnlejefcehbljnd/app.js (35)
[7983:7983:1106/061956.093883:INFO:CONSOLE(35)] "label [object Object],[object Object] extra metadata found: 2 {"number":2}", source: chrome-extension://kbbgjcgdcibilpahljnlejefcehbljnd/app.js (35)
[7983:7983:1106/061956.096586:INFO:CONSOLE(35)] "newInfo [object Object]", source: chrome-extension://kbbgjcgdcibilpahljnlejefcehbljnd/app.js (35)
[7983:7983:1106/061956.098585:INFO:CONSOLE(36)] "changeMonitor ["label"]", source: chrome-extension://kbbgjcgdcibilpahljnlejefcehbljnd/app.js (36)
[7983:7983:1106/061956.099928:INFO:CONSOLE(35)] "syncResponse [object Object]", source: chrome-extension://kbbgjcgdcibilpahljnlejefcehbljnd/app.js (35)
[7983:7983:1106/062000.124031:INFO:CONSOLE(35)] "selector Label, mineExtraMetadata calls extendLabel over 116", source: chrome-extension://kbbgjcgdcibilpahljnlejefcehbljnd/app.js (35)
[7983:7983:1106/062000.126246:INFO:CONSOLE(35)] "label [object Object],[object Object] extra metadata found: 2 {"number":2}", source: chrome-extension://kbbgjcgdcibilpahljnlejefcehbljnd/app.js (35)
[7983:7983:1106/062000.127394:INFO:CONSOLE(35)] "newInfo [object Object]", source: chrome-extension://kbbgjcgdcibilpahljnlejefcehbljnd/app.js (35)
[7983:7983:1106/062000.128114:INFO:CONSOLE(36)] "changeMonitor ["label"]", source: chrome-extension://kbbgjcgdcibilpahljnlejefcehbljnd/app.js (36)
[7983:7983:1106/062015.376565:INFO:CONSOLE(35)] "sync tot (2/98) {"info":2} with 1 randomUUID(s) with 1 randomUUID(s)", source: chrome-extension://kbbgjcgdcibilpahljnlejefcehbljnd/app.js (35)
[7983:7983:1106/062015.612524:INFO:CONSOLE(1)] "get returns [object Object] local [object Object]", source: chrome-extension://kbbgjcgdcibilpahljnlejefcehbljnd/background.js (1)
[7983:7983:1106/062016.207265:INFO:CONSOLE(35)] "selector Label, mineExtraMetadata calls extendLabel over 116", source: chrome-extension://kbbgjcgdcibilpahljnlejefcehbljnd/app.js (35)
[7983:7983:1106/062016.209905:INFO:CONSOLE(35)] "label [object Object],[object Object] extra metadata found: 2 {"number":2}", source: chrome-extension://kbbgjcgdcibilpahljnlejefcehbljnd/app.js (35)
[7983:7983:1106/062016.210690:INFO:CONSOLE(35)] "newInfo [object Object]", source: chrome-extension://kbbgjcgdcibilpahljnlejefcehbljnd/app.js (35)
[7983:7983:1106/062016.211342:INFO:CONSOLE(36)] "changeMonitor ["label"]", source: chrome-extension://kbbgjcgdcibilpahljnlejefcehbljnd/app.js (36)
[7983:7983:1106/062016.447071:INFO:CONSOLE(35)] "syncResponse [object Object]", source: chrome-extension://kbbgjcgdcibilpahljnlejefcehbljnd/app.js (35)
[7983:7983:1106/062035.377167:INFO:CONSOLE(35)] "sync tot (1/99) {"info":1} with 1 randomUUID(s) with 1 randomUUID(s)", source: chrome-extension://kbbgjcgdcibilpahljnlejefcehbljnd/app.js (35)
[7983:7983:1106/062035.744290:INFO:CONSOLE(1)] "get returns [object Object] local [object Object]", source: chrome-extension://kbbgjcgdcibilpahljnlejefcehbljnd/background.js (1)
[7983:7983:1106/062036.625604:INFO:CONSOLE(35)] "syncResponse [object Object]", source: chrome-extension://kbbgjcgdcibilpahljnlejefcehbljnd/app.js (35)
[7983:7983:1106/062108.115797:INFO:CONSOLE(35)] "selector Label, mineExtraMetadata calls extendLabel over 118", source: chrome-extension://kbbgjcgdcibilpahljnlejefcehbljnd/app.js (35)
[7983:7983:1106/062108.121754:INFO:CONSOLE(35)] "label [object Object],[object Object] extra metadata found: 2 {"number":2}", source: chrome-extension://kbbgjcgdcibilpahljnlejefcehbljnd/app.js (35)
[7983:7983:1106/062108.123007:INFO:CONSOLE(35)] "newInfo [object Object]", source: chrome-extension://kbbgjcgdcibilpahljnlejefcehbljnd/app.js (35)
[7983:7983:1106/062108.123372:INFO:CONSOLE(36)] "changeMonitor ["label"]", source: chrome-extension://kbbgjcgdcibilpahljnlejefcehbljnd/app.js (36)
[7983:7983:1106/062115.374886:INFO:CONSOLE(35)] "sync tot (1/100) {"info":1} with 1 randomUUID(s) with 1 randomUUID(s)", source: chrome-extension://kbbgjcgdcibilpahljnlejefcehbljnd/app.js (35)
[7983:7983:1106/062115.734336:INFO:CONSOLE(1)] "get returns [object Object] local [object Object]", source: chrome-extension://kbbgjcgdcibilpahljnlejefcehbljnd/background.js (1)
[7983:7983:1106/062116.955350:INFO:CONSOLE(35)] "syncResponse [object Object]", source: chrome-extension://kbbgjcgdcibilpahljnlejefcehbljnd/app.js (35)
[7983:7983:1106/062255.709348:INFO:CONSOLE(35)] "windowUnload undefined", source: chrome-extension://kbbgjcgdcibilpahljnlejefcehbljnd/app.js (35)
[7983:7983:1106/062256.187493:WARNING:pref_notifier_impl.cc(40)] Pref observer for media_router.cast_allow_all_ips found at shutdown.
