[8004:8004:1106/055501.268165:INFO:CONSOLE(1)] "get returns [object Object] /settings undefined", source: chrome-extension://kbbgjcgdcibilpahljnlejefcehbljnd/background.js (1)
[8004:8004:1106/055502.188235:INFO:CONSOLE(36)] "yttrex version 1.4.2", source: chrome-extension://kbbgjcgdcibilpahljnlejefcehbljnd/app.js (36)
[8004:8004:1106/055502.192662:INFO:CONSOLE(36)] "[object Object]", source: chrome-extension://kbbgjcgdcibilpahljnlejefcehbljnd/app.js (36)
[8004:8004:1106/055502.206011:INFO:CONSOLE(1)] "get returns [object Object] local [object Object]", source: chrome-extension://kbbgjcgdcibilpahljnlejefcehbljnd/background.js (1)
[8004:8004:1106/055502.206081:INFO:CONSOLE(27)] "sending back from userLookup local [object Object]", source: chrome-extension://kbbgjcgdcibilpahljnlejefcehbljnd/background.js (27)
[8004:8004:1106/055502.469848:INFO:CONSOLE(36)] "app.js gets [object Object] from localLookup", source: chrome-extension://kbbgjcgdcibilpahljnlejefcehbljnd/app.js (36)
[8004:8004:1106/055504.361379:INFO:CONSOLE(8567)] "observer method `collapsedChange_` not defined", source: https://www.youtube.com/s/desktop/62ddf1de/jsbin/desktop_polymer_inlined_html_polymer_flags.vflset/desktop_polymer_inlined_html_polymer_flags.js (8567)
[8004:8004:1106/055507.283366:INFO:CONSOLE(35)] "channel  extra metadata found: 0 {}", source: chrome-extension://kbbgjcgdcibilpahljnlejefcehbljnd/app.js (35)
[8004:8004:1106/055507.283538:INFO:CONSOLE(35)] "newInfo [object Object]", source: chrome-extension://kbbgjcgdcibilpahljnlejefcehbljnd/app.js (35)
[8004:8004:1106/055507.306458:INFO:CONSOLE(35)] "title [object Object] extra metadata found: 1 {"innerTitle":1}", source: chrome-extension://kbbgjcgdcibilpahljnlejefcehbljnd/app.js (35)
[8004:8004:1106/055507.333833:INFO:CONSOLE(35)] "newInfo [object Object]", source: chrome-extension://kbbgjcgdcibilpahljnlejefcehbljnd/app.js (35)
[8004:8004:1106/055507.355770:INFO:CONSOLE(35)] "over ["Will It Be 3 Days Before We Get Election Results? | JRE Election SpecialWatch laterShareCopy linkInfoShopping"]", source: chrome-extension://kbbgjcgdcibilpahljnlejefcehbljnd/app.js (35)
[8004:8004:1106/055507.378989:INFO:CONSOLE(35)] "over  extra metadata found: 0 {}", source: chrome-extension://kbbgjcgdcibilpahljnlejefcehbljnd/app.js (35)
[8004:8004:1106/055507.391025:INFO:CONSOLE(35)] "newInfo [object Object]", source: chrome-extension://kbbgjcgdcibilpahljnlejefcehbljnd/app.js (35)
[8004:8004:1106/055507.677923:INFO:CONSOLE(35)] "selector Label, mineExtraMetadata calls extendLabel over 65", source: chrome-extension://kbbgjcgdcibilpahljnlejefcehbljnd/app.js (35)
[8004:8004:1106/055507.687773:INFO:CONSOLE(35)] "label [object Object],[object Object] extra metadata found: 2 {"number":2}", source: chrome-extension://kbbgjcgdcibilpahljnlejefcehbljnd/app.js (35)
[8004:8004:1106/055507.713204:INFO:CONSOLE(35)] "newInfo [object Object]", source: chrome-extension://kbbgjcgdcibilpahljnlejefcehbljnd/app.js (35)
[8004:8004:1106/055507.724028:INFO:CONSOLE(36)] "changeMonitor ["channel","title","over","label"]", source: chrome-extension://kbbgjcgdcibilpahljnlejefcehbljnd/app.js (36)
[8004:8004:1106/055511.213878:INFO:CONSOLE(35)] "selector Label, mineExtraMetadata calls extendLabel over 81", source: chrome-extension://kbbgjcgdcibilpahljnlejefcehbljnd/app.js (35)
[8004:8004:1106/055511.230514:INFO:CONSOLE(35)] "label [object Object],[object Object] extra metadata found: 2 {"number":2}", source: chrome-extension://kbbgjcgdcibilpahljnlejefcehbljnd/app.js (35)
[8004:8004:1106/055511.234390:INFO:CONSOLE(35)] "newInfo [object Object]", source: chrome-extension://kbbgjcgdcibilpahljnlejefcehbljnd/app.js (35)
[8004:8004:1106/055511.234499:INFO:CONSOLE(36)] "changeMonitor ["label"]", source: chrome-extension://kbbgjcgdcibilpahljnlejefcehbljnd/app.js (36)
[8004:8004:1106/055511.849683:INFO:CONSOLE(35)] "newVideo [object Object]", source: chrome-extension://kbbgjcgdcibilpahljnlejefcehbljnd/app.js (35)
[8004:8004:1106/055511.850662:INFO:CONSOLE(36)] "-> 1 new href+content sent, selector ytd-app Fri Nov 06 2020 05:55:11 GMT+0100 (Central European Standard Time) size 184030 184030", source: chrome-extension://kbbgjcgdcibilpahljnlejefcehbljnd/app.js (36)
[8004:8004:1106/055515.788778:INFO:CONSOLE(35)] "channel  extra metadata found: 0 {}", source: chrome-extension://kbbgjcgdcibilpahljnlejefcehbljnd/app.js (35)
[8004:8004:1106/055515.790267:INFO:CONSOLE(35)] "newInfo [object Object]", source: chrome-extension://kbbgjcgdcibilpahljnlejefcehbljnd/app.js (35)
[8004:8004:1106/055515.840306:INFO:CONSOLE(35)] "title [object Object] extra metadata found: 1 {"innerTitle":1}", source: chrome-extension://kbbgjcgdcibilpahljnlejefcehbljnd/app.js (35)
[8004:8004:1106/055515.842028:INFO:CONSOLE(35)] "newInfo [object Object]", source: chrome-extension://kbbgjcgdcibilpahljnlejefcehbljnd/app.js (35)
[8004:8004:1106/055515.844809:INFO:CONSOLE(35)] "over ["Will It Be 3 Days Before We Get Election Results? | JRE Election SpecialWatch laterShareCopy linkInfoShopping"]", source: chrome-extension://kbbgjcgdcibilpahljnlejefcehbljnd/app.js (35)
[8004:8004:1106/055515.845809:INFO:CONSOLE(35)] "over  extra metadata found: 0 {}", source: chrome-extension://kbbgjcgdcibilpahljnlejefcehbljnd/app.js (35)
[8004:8004:1106/055515.847172:INFO:CONSOLE(35)] "newInfo [object Object]", source: chrome-extension://kbbgjcgdcibilpahljnlejefcehbljnd/app.js (35)
[8004:8004:1106/055515.895995:INFO:CONSOLE(35)] "selector Label, mineExtraMetadata calls extendLabel over 99", source: chrome-extension://kbbgjcgdcibilpahljnlejefcehbljnd/app.js (35)
[8004:8004:1106/055515.930934:INFO:CONSOLE(35)] "label [object Object],[object Object] extra metadata found: 2 {"number":2}", source: chrome-extension://kbbgjcgdcibilpahljnlejefcehbljnd/app.js (35)
[8004:8004:1106/055515.933525:INFO:CONSOLE(35)] "newInfo [object Object]", source: chrome-extension://kbbgjcgdcibilpahljnlejefcehbljnd/app.js (35)
[8004:8004:1106/055515.938805:INFO:CONSOLE(36)] "changeMonitor ["channel","title","over","label"]", source: chrome-extension://kbbgjcgdcibilpahljnlejefcehbljnd/app.js (36)
[8004:8004:1106/055516.648722:INFO:CONSOLE(0)] "The resource https://r1---sn-45nufxc-hm2l.googlevideo.com/generate_204 was preloaded using link preload but not used within a few seconds from the window's load event. Please make sure it has an appropriate `as` value and it is preloaded intentionally.", source: https://www.youtube.com/watch?v=NhuQzto4V_0 (0)
[8004:8004:1106/055516.649371:INFO:CONSOLE(0)] "The resource https://r1---sn-45nufxc-hm2l.googlevideo.com/generate_204?conn2 was preloaded using link preload but not used within a few seconds from the window's load event. Please make sure it has an appropriate `as` value and it is preloaded intentionally.", source: https://www.youtube.com/watch?v=NhuQzto4V_0 (0)
[8004:8004:1106/055516.652668:INFO:CONSOLE(0)] "The resource https://i.ytimg.com/generate_204 was preloaded using link preload but not used within a few seconds from the window's load event. Please make sure it has an appropriate `as` value and it is preloaded intentionally.", source: https://www.youtube.com/watch?v=NhuQzto4V_0 (0)
[8004:8004:1106/055518.960553:INFO:CONSOLE(35)] "over ["Will It Be 3 Days Before We Get Election Results? | JRE Election SpecialWatch laterShareCopy linkInfoShopping"]", source: chrome-extension://kbbgjcgdcibilpahljnlejefcehbljnd/app.js (35)
[8004:8004:1106/055518.961449:INFO:CONSOLE(35)] "over  extra metadata found: 0 {}", source: chrome-extension://kbbgjcgdcibilpahljnlejefcehbljnd/app.js (35)
[8004:8004:1106/055518.962636:INFO:CONSOLE(35)] "newInfo [object Object]", source: chrome-extension://kbbgjcgdcibilpahljnlejefcehbljnd/app.js (35)
[8004:8004:1106/055518.976424:INFO:CONSOLE(35)] "selector Label, mineExtraMetadata calls extendLabel over 99", source: chrome-extension://kbbgjcgdcibilpahljnlejefcehbljnd/app.js (35)
[8004:8004:1106/055518.978827:INFO:CONSOLE(35)] "label [object Object],[object Object] extra metadata found: 2 {"number":2}", source: chrome-extension://kbbgjcgdcibilpahljnlejefcehbljnd/app.js (35)
[8004:8004:1106/055518.982566:INFO:CONSOLE(35)] "newInfo [object Object]", source: chrome-extension://kbbgjcgdcibilpahljnlejefcehbljnd/app.js (35)
[8004:8004:1106/055518.984082:INFO:CONSOLE(36)] "changeMonitor ["over","label"]", source: chrome-extension://kbbgjcgdcibilpahljnlejefcehbljnd/app.js (36)
[8004:8004:1106/055521.624451:INFO:CONSOLE(35)] "newVideo [object Object]", source: chrome-extension://kbbgjcgdcibilpahljnlejefcehbljnd/app.js (35)
[8004:8004:1106/055521.626635:INFO:CONSOLE(36)] "-> 2 new href+content sent, selector ytd-app Fri Nov 06 2020 05:55:21 GMT+0100 (Central European Standard Time) size 220130 184030,220130", source: chrome-extension://kbbgjcgdcibilpahljnlejefcehbljnd/app.js (36)
[8004:8004:1106/055525.529374:INFO:CONSOLE(35)] "sync tot (13/13) {"info":11,"video":2} with 1 randomUUID(s) with 1 randomUUID(s)", source: chrome-extension://kbbgjcgdcibilpahljnlejefcehbljnd/app.js (35)
[8004:8004:1106/055525.873006:INFO:CONSOLE(35)] "selector Label, mineExtraMetadata calls extendLabel over 99", source: chrome-extension://kbbgjcgdcibilpahljnlejefcehbljnd/app.js (35)
[8004:8004:1106/055525.876323:INFO:CONSOLE(35)] "label [object Object],[object Object] extra metadata found: 2 {"number":2}", source: chrome-extension://kbbgjcgdcibilpahljnlejefcehbljnd/app.js (35)
[8004:8004:1106/055525.906476:INFO:CONSOLE(35)] "newInfo [object Object]", source: chrome-extension://kbbgjcgdcibilpahljnlejefcehbljnd/app.js (35)
[8004:8004:1106/055525.910884:INFO:CONSOLE(36)] "changeMonitor ["label"]", source: chrome-extension://kbbgjcgdcibilpahljnlejefcehbljnd/app.js (36)
[8004:8004:1106/055526.698183:INFO:CONSOLE(35)] "selector Label, mineExtraMetadata calls extendLabel over 99", source: chrome-extension://kbbgjcgdcibilpahljnlejefcehbljnd/app.js (35)
[8004:8004:1106/055526.700788:INFO:CONSOLE(35)] "label [object Object],[object Object] extra metadata found: 2 {"number":2}", source: chrome-extension://kbbgjcgdcibilpahljnlejefcehbljnd/app.js (35)
[8004:8004:1106/055526.702241:INFO:CONSOLE(35)] "newInfo [object Object]", source: chrome-extension://kbbgjcgdcibilpahljnlejefcehbljnd/app.js (35)
[8004:8004:1106/055526.882500:INFO:CONSOLE(36)] "changeMonitor ["label"]", source: chrome-extension://kbbgjcgdcibilpahljnlejefcehbljnd/app.js (36)
[8004:8004:1106/055527.860343:INFO:CONSOLE(1)] "get returns [object Object] local [object Object]", source: chrome-extension://kbbgjcgdcibilpahljnlejefcehbljnd/background.js (1)
[8004:8004:1106/055529.771874:INFO:CONSOLE(35)] "newVideo [object Object]", source: chrome-extension://kbbgjcgdcibilpahljnlejefcehbljnd/app.js (35)
[8004:8004:1106/055529.775016:INFO:CONSOLE(36)] "-> 3 new href+content sent, selector ytd-app Fri Nov 06 2020 05:55:29 GMT+0100 (Central European Standard Time) size 221851 184030,220130,221851", source: chrome-extension://kbbgjcgdcibilpahljnlejefcehbljnd/app.js (36)
[8004:8004:1106/055532.405123:INFO:CONSOLE(35)] "over ["Will It Be 3 Days Before We Get Election Results? | JRE Election SpecialWatch laterShareCopy linkInfoShopping"]", source: chrome-extension://kbbgjcgdcibilpahljnlejefcehbljnd/app.js (35)
[8004:8004:1106/055532.407267:INFO:CONSOLE(35)] "over  extra metadata found: 0 {}", source: chrome-extension://kbbgjcgdcibilpahljnlejefcehbljnd/app.js (35)
[8004:8004:1106/055532.413924:INFO:CONSOLE(35)] "newInfo [object Object]", source: chrome-extension://kbbgjcgdcibilpahljnlejefcehbljnd/app.js (35)
[8004:8004:1106/055532.573707:INFO:CONSOLE(35)] "selector Label, mineExtraMetadata calls extendLabel over 99", source: chrome-extension://kbbgjcgdcibilpahljnlejefcehbljnd/app.js (35)
[8004:8004:1106/055532.599848:INFO:CONSOLE(35)] "label [object Object],[object Object] extra metadata found: 2 {"number":2}", source: chrome-extension://kbbgjcgdcibilpahljnlejefcehbljnd/app.js (35)
[8004:8004:1106/055532.668011:INFO:CONSOLE(35)] "newInfo [object Object]", source: chrome-extension://kbbgjcgdcibilpahljnlejefcehbljnd/app.js (35)
[8004:8004:1106/055532.668109:INFO:CONSOLE(36)] "changeMonitor ["over","label"]", source: chrome-extension://kbbgjcgdcibilpahljnlejefcehbljnd/app.js (36)
[8004:8004:1106/055533.439058:INFO:CONSOLE(35)] "syncResponse [object Object]", source: chrome-extension://kbbgjcgdcibilpahljnlejefcehbljnd/app.js (35)
[8004:8004:1106/055535.068450:INFO:CONSOLE(35)] "over ["Will It Be 3 Days Before We Get Election Results? | JRE Election SpecialWatch laterShareCopy linkInfoShopping"]", source: chrome-extension://kbbgjcgdcibilpahljnlejefcehbljnd/app.js (35)
[8004:8004:1106/055535.072968:INFO:CONSOLE(35)] "over  extra metadata found: 0 {}", source: chrome-extension://kbbgjcgdcibilpahljnlejefcehbljnd/app.js (35)
[8004:8004:1106/055535.080813:INFO:CONSOLE(35)] "newInfo [object Object]", source: chrome-extension://kbbgjcgdcibilpahljnlejefcehbljnd/app.js (35)
[8004:8004:1106/055535.180376:INFO:CONSOLE(35)] "selector Label, mineExtraMetadata calls extendLabel over 99", source: chrome-extension://kbbgjcgdcibilpahljnlejefcehbljnd/app.js (35)
[8004:8004:1106/055535.270746:INFO:CONSOLE(35)] "label [object Object],[object Object] extra metadata found: 2 {"number":2}", source: chrome-extension://kbbgjcgdcibilpahljnlejefcehbljnd/app.js (35)
[8004:8004:1106/055535.356864:INFO:CONSOLE(35)] "newInfo [object Object]", source: chrome-extension://kbbgjcgdcibilpahljnlejefcehbljnd/app.js (35)
[8004:8004:1106/055535.394988:INFO:CONSOLE(36)] "changeMonitor ["over","label"]", source: chrome-extension://kbbgjcgdcibilpahljnlejefcehbljnd/app.js (36)
[8004:8004:1106/055539.826855:INFO:CONSOLE(35)] "title [object Object] extra metadata found: 1 {"innerTitle":1}", source: chrome-extension://kbbgjcgdcibilpahljnlejefcehbljnd/app.js (35)
[8004:8004:1106/055539.837558:INFO:CONSOLE(35)] "newInfo [object Object]", source: chrome-extension://kbbgjcgdcibilpahljnlejefcehbljnd/app.js (35)
[8004:8004:1106/055539.843909:INFO:CONSOLE(35)] "over ["Watch laterShareCopy linkInfoShopping"]", source: chrome-extension://kbbgjcgdcibilpahljnlejefcehbljnd/app.js (35)
[8004:8004:1106/055539.882331:INFO:CONSOLE(35)] "over  extra metadata found: 0 {}", source: chrome-extension://kbbgjcgdcibilpahljnlejefcehbljnd/app.js (35)
[8004:8004:1106/055539.921289:INFO:CONSOLE(35)] "newInfo [object Object]", source: chrome-extension://kbbgjcgdcibilpahljnlejefcehbljnd/app.js (35)
[8004:8004:1106/055540.068745:INFO:CONSOLE(35)] "selector Label, mineExtraMetadata calls extendLabel over 98", source: chrome-extension://kbbgjcgdcibilpahljnlejefcehbljnd/app.js (35)
[8004:8004:1106/055540.084368:INFO:CONSOLE(35)] "label [object Object],[object Object] extra metadata found: 2 {"number":2}", source: chrome-extension://kbbgjcgdcibilpahljnlejefcehbljnd/app.js (35)
[8004:8004:1106/055540.144049:INFO:CONSOLE(35)] "newInfo [object Object]", source: chrome-extension://kbbgjcgdcibilpahljnlejefcehbljnd/app.js (35)
[8004:8004:1106/055540.160615:INFO:CONSOLE(36)] "changeMonitor ["title","over","label"]", source: chrome-extension://kbbgjcgdcibilpahljnlejefcehbljnd/app.js (36)
[8004:8004:1106/055540.279087:INFO:CONSOLE(35)] "newVideo [object Object]", source: chrome-extension://kbbgjcgdcibilpahljnlejefcehbljnd/app.js (35)
[8004:8004:1106/055540.326815:INFO:CONSOLE(36)] "-> 4 new href+content sent, selector ytd-app Fri Nov 06 2020 05:55:40 GMT+0100 (Central European Standard Time) size 229520 184030,220130,221851,229520", source: chrome-extension://kbbgjcgdcibilpahljnlejefcehbljnd/app.js (36)
[8004:8004:1106/055542.718411:INFO:CONSOLE(35)] "sync tot (11/24) {"info":9,"video":2} with 1 randomUUID(s) with 1 randomUUID(s)", source: chrome-extension://kbbgjcgdcibilpahljnlejefcehbljnd/app.js (35)
[8004:8004:1106/055542.919549:INFO:CONSOLE(1)] "get returns [object Object] local [object Object]", source: chrome-extension://kbbgjcgdcibilpahljnlejefcehbljnd/background.js (1)
[8004:8004:1106/055543.043882:INFO:CONSOLE(35)] "selector Label, mineExtraMetadata calls extendLabel over 99", source: chrome-extension://kbbgjcgdcibilpahljnlejefcehbljnd/app.js (35)
[8004:8004:1106/055543.058024:INFO:CONSOLE(35)] "label [object Object],[object Object] extra metadata found: 2 {"number":2}", source: chrome-extension://kbbgjcgdcibilpahljnlejefcehbljnd/app.js (35)
[8004:8004:1106/055543.065215:INFO:CONSOLE(35)] "newInfo [object Object]", source: chrome-extension://kbbgjcgdcibilpahljnlejefcehbljnd/app.js (35)
[8004:8004:1106/055543.067309:INFO:CONSOLE(36)] "changeMonitor ["label"]", source: chrome-extension://kbbgjcgdcibilpahljnlejefcehbljnd/app.js (36)
[8004:8004:1106/055545.470124:INFO:CONSOLE(35)] "syncResponse [object Object]", source: chrome-extension://kbbgjcgdcibilpahljnlejefcehbljnd/app.js (35)
[8004:8004:1106/055546.732901:INFO:CONSOLE(35)] "selector Label, mineExtraMetadata calls extendLabel over 105", source: chrome-extension://kbbgjcgdcibilpahljnlejefcehbljnd/app.js (35)
[8004:8004:1106/055546.794116:INFO:CONSOLE(35)] "label [object Object],[object Object] extra metadata found: 2 {"number":2}", source: chrome-extension://kbbgjcgdcibilpahljnlejefcehbljnd/app.js (35)
[8004:8004:1106/055546.807036:INFO:CONSOLE(35)] "newInfo [object Object]", source: chrome-extension://kbbgjcgdcibilpahljnlejefcehbljnd/app.js (35)
[8004:8004:1106/055546.812421:INFO:CONSOLE(36)] "changeMonitor ["label"]", source: chrome-extension://kbbgjcgdcibilpahljnlejefcehbljnd/app.js (36)
[8004:8004:1106/055550.725124:INFO:CONSOLE(35)] "selector Label, mineExtraMetadata calls extendLabel over 113", source: chrome-extension://kbbgjcgdcibilpahljnlejefcehbljnd/app.js (35)
[8004:8004:1106/055550.750109:INFO:CONSOLE(35)] "label [object Object],[object Object] extra metadata found: 2 {"number":2}", source: chrome-extension://kbbgjcgdcibilpahljnlejefcehbljnd/app.js (35)
[8004:8004:1106/055550.753043:INFO:CONSOLE(35)] "newInfo [object Object]", source: chrome-extension://kbbgjcgdcibilpahljnlejefcehbljnd/app.js (35)
[8004:8004:1106/055550.756936:INFO:CONSOLE(36)] "changeMonitor ["label"]", source: chrome-extension://kbbgjcgdcibilpahljnlejefcehbljnd/app.js (36)
[8004:8004:1106/055602.204343:INFO:CONSOLE(35)] "sync tot (3/27) {"info":3} with 1 randomUUID(s) with 1 randomUUID(s)", source: chrome-extension://kbbgjcgdcibilpahljnlejefcehbljnd/app.js (35)
[8004:8004:1106/055602.894842:INFO:CONSOLE(1)] "get returns [object Object] local [object Object]", source: chrome-extension://kbbgjcgdcibilpahljnlejefcehbljnd/background.js (1)
[8004:8004:1106/055604.806626:INFO:CONSOLE(35)] "syncResponse [object Object]", source: chrome-extension://kbbgjcgdcibilpahljnlejefcehbljnd/app.js (35)
[8004:8004:1106/055606.772249:INFO:CONSOLE(35)] "banner  extra metadata found: 0 {}", source: chrome-extension://kbbgjcgdcibilpahljnlejefcehbljnd/app.js (35)
[8004:8004:1106/055606.783585:INFO:CONSOLE(35)] "newInfo [object Object]", source: chrome-extension://kbbgjcgdcibilpahljnlejefcehbljnd/app.js (35)
[8004:8004:1106/055606.817754:INFO:CONSOLE(35)] "over ["Will It Be 3 Days Before We Get Election Results? | JRE Election SpecialWatch laterShareCopy linkInfoShopping"]", source: chrome-extension://kbbgjcgdcibilpahljnlejefcehbljnd/app.js (35)
[8004:8004:1106/055606.833212:INFO:CONSOLE(35)] "over  extra metadata found: 0 {}", source: chrome-extension://kbbgjcgdcibilpahljnlejefcehbljnd/app.js (35)
[8004:8004:1106/055606.840253:INFO:CONSOLE(35)] "newInfo [object Object]", source: chrome-extension://kbbgjcgdcibilpahljnlejefcehbljnd/app.js (35)
[8004:8004:1106/055606.968906:INFO:CONSOLE(35)] "selector Label, mineExtraMetadata calls extendLabel over 117", source: chrome-extension://kbbgjcgdcibilpahljnlejefcehbljnd/app.js (35)
[8004:8004:1106/055606.980033:INFO:CONSOLE(35)] "label [object Object],[object Object] extra metadata found: 2 {"number":2}", source: chrome-extension://kbbgjcgdcibilpahljnlejefcehbljnd/app.js (35)
[8004:8004:1106/055606.989039:INFO:CONSOLE(35)] "newInfo [object Object]", source: chrome-extension://kbbgjcgdcibilpahljnlejefcehbljnd/app.js (35)
[8004:8004:1106/055606.996088:INFO:CONSOLE(36)] "changeMonitor ["banner","over","label"]", source: chrome-extension://kbbgjcgdcibilpahljnlejefcehbljnd/app.js (36)
[8004:8004:1106/055610.487286:INFO:CONSOLE(35)] "over ["Will It Be 3 Days Before We Get Election Results? | JRE Election SpecialWatch laterShareCopy linkInfoShopping"]", source: chrome-extension://kbbgjcgdcibilpahljnlejefcehbljnd/app.js (35)
[8004:8004:1106/055610.488602:INFO:CONSOLE(35)] "over  extra metadata found: 0 {}", source: chrome-extension://kbbgjcgdcibilpahljnlejefcehbljnd/app.js (35)
[8004:8004:1106/055610.490149:INFO:CONSOLE(35)] "newInfo [object Object]", source: chrome-extension://kbbgjcgdcibilpahljnlejefcehbljnd/app.js (35)
[8004:8004:1106/055610.808015:INFO:CONSOLE(35)] "selector Label, mineExtraMetadata calls extendLabel over 117", source: chrome-extension://kbbgjcgdcibilpahljnlejefcehbljnd/app.js (35)
[8004:8004:1106/055610.841226:INFO:CONSOLE(35)] "label [object Object],[object Object] extra metadata found: 2 {"number":2}", source: chrome-extension://kbbgjcgdcibilpahljnlejefcehbljnd/app.js (35)
[8004:8004:1106/055610.865145:INFO:CONSOLE(35)] "newInfo [object Object]", source: chrome-extension://kbbgjcgdcibilpahljnlejefcehbljnd/app.js (35)
[8004:8004:1106/055610.865278:INFO:CONSOLE(36)] "changeMonitor ["over","label"]", source: chrome-extension://kbbgjcgdcibilpahljnlejefcehbljnd/app.js (36)
[8004:8004:1106/055618.531451:INFO:CONSOLE(35)] "banner  extra metadata found: 0 {}", source: chrome-extension://kbbgjcgdcibilpahljnlejefcehbljnd/app.js (35)
[8004:8004:1106/055618.541787:INFO:CONSOLE(35)] "newInfo [object Object]", source: chrome-extension://kbbgjcgdcibilpahljnlejefcehbljnd/app.js (35)
[8004:8004:1106/055618.640978:INFO:CONSOLE(35)] "selector Label, mineExtraMetadata calls extendLabel over 118", source: chrome-extension://kbbgjcgdcibilpahljnlejefcehbljnd/app.js (35)
[8004:8004:1106/055618.651350:INFO:CONSOLE(35)] "label [object Object],[object Object] extra metadata found: 2 {"number":2}", source: chrome-extension://kbbgjcgdcibilpahljnlejefcehbljnd/app.js (35)
[8004:8004:1106/055618.664612:INFO:CONSOLE(35)] "newInfo [object Object]", source: chrome-extension://kbbgjcgdcibilpahljnlejefcehbljnd/app.js (35)
[8004:8004:1106/055618.669773:INFO:CONSOLE(36)] "changeMonitor ["banner","label"]", source: chrome-extension://kbbgjcgdcibilpahljnlejefcehbljnd/app.js (36)
[8004:8004:1106/055622.198238:INFO:CONSOLE(35)] "sync tot (7/34) {"info":7} with 1 randomUUID(s) with 1 randomUUID(s)", source: chrome-extension://kbbgjcgdcibilpahljnlejefcehbljnd/app.js (35)
[8004:8004:1106/055623.740138:INFO:CONSOLE(1)] "get returns [object Object] local [object Object]", source: chrome-extension://kbbgjcgdcibilpahljnlejefcehbljnd/background.js (1)
[8004:8004:1106/055626.630397:INFO:CONSOLE(35)] "over ["Will It Be 3 Days Before We Get Election Results? | JRE Election SpecialWatch laterShareCopy linkInfoShopping"]", source: chrome-extension://kbbgjcgdcibilpahljnlejefcehbljnd/app.js (35)
[8004:8004:1106/055626.630873:INFO:CONSOLE(35)] "over  extra metadata found: 0 {}", source: chrome-extension://kbbgjcgdcibilpahljnlejefcehbljnd/app.js (35)
[8004:8004:1106/055626.631799:INFO:CONSOLE(35)] "newInfo [object Object]", source: chrome-extension://kbbgjcgdcibilpahljnlejefcehbljnd/app.js (35)
[8004:8004:1106/055626.948100:INFO:CONSOLE(35)] "selector Label, mineExtraMetadata calls extendLabel over 118", source: chrome-extension://kbbgjcgdcibilpahljnlejefcehbljnd/app.js (35)
[8004:8004:1106/055626.952582:INFO:CONSOLE(35)] "label [object Object],[object Object] extra metadata found: 2 {"number":2}", source: chrome-extension://kbbgjcgdcibilpahljnlejefcehbljnd/app.js (35)
[8004:8004:1106/055627.009717:INFO:CONSOLE(35)] "newInfo [object Object]", source: chrome-extension://kbbgjcgdcibilpahljnlejefcehbljnd/app.js (35)
[8004:8004:1106/055627.011192:INFO:CONSOLE(36)] "changeMonitor ["over","label"]", source: chrome-extension://kbbgjcgdcibilpahljnlejefcehbljnd/app.js (36)
[8004:8004:1106/055628.449298:INFO:CONSOLE(35)] "syncResponse [object Object]", source: chrome-extension://kbbgjcgdcibilpahljnlejefcehbljnd/app.js (35)
[8004:8004:1106/055630.490768:INFO:CONSOLE(35)] "over ["Will It Be 3 Days Before We Get Election Results? | JRE Election SpecialWatch laterShareCopy linkInfoShopping"]", source: chrome-extension://kbbgjcgdcibilpahljnlejefcehbljnd/app.js (35)
[8004:8004:1106/055630.491333:INFO:CONSOLE(35)] "over  extra metadata found: 0 {}", source: chrome-extension://kbbgjcgdcibilpahljnlejefcehbljnd/app.js (35)
[8004:8004:1106/055630.492257:INFO:CONSOLE(35)] "newInfo [object Object]", source: chrome-extension://kbbgjcgdcibilpahljnlejefcehbljnd/app.js (35)
[8004:8004:1106/055630.781105:INFO:CONSOLE(35)] "selector Label, mineExtraMetadata calls extendLabel over 118", source: chrome-extension://kbbgjcgdcibilpahljnlejefcehbljnd/app.js (35)
[8004:8004:1106/055630.825231:INFO:CONSOLE(35)] "label [object Object],[object Object] extra metadata found: 2 {"number":2}", source: chrome-extension://kbbgjcgdcibilpahljnlejefcehbljnd/app.js (35)
[8004:8004:1106/055630.843099:INFO:CONSOLE(35)] "newInfo [object Object]", source: chrome-extension://kbbgjcgdcibilpahljnlejefcehbljnd/app.js (35)
[8004:8004:1106/055630.844066:INFO:CONSOLE(36)] "changeMonitor ["over","label"]", source: chrome-extension://kbbgjcgdcibilpahljnlejefcehbljnd/app.js (36)
[8004:8004:1106/055642.199848:INFO:CONSOLE(35)] "sync tot (4/38) {"info":4} with 1 randomUUID(s) with 1 randomUUID(s)", source: chrome-extension://kbbgjcgdcibilpahljnlejefcehbljnd/app.js (35)
[8004:8004:1106/055642.229982:INFO:CONSOLE(1)] "get returns [object Object] local [object Object]", source: chrome-extension://kbbgjcgdcibilpahljnlejefcehbljnd/background.js (1)
[8004:8004:1106/055643.232673:INFO:CONSOLE(35)] "syncResponse [object Object]", source: chrome-extension://kbbgjcgdcibilpahljnlejefcehbljnd/app.js (35)
[8004:8004:1106/055646.499159:INFO:CONSOLE(35)] "over ["Will It Be 3 Days Before We Get Election Results? | JRE Election SpecialWatch laterShareCopy linkInfoShopping"]", source: chrome-extension://kbbgjcgdcibilpahljnlejefcehbljnd/app.js (35)
[8004:8004:1106/055646.501940:INFO:CONSOLE(35)] "over  extra metadata found: 0 {}", source: chrome-extension://kbbgjcgdcibilpahljnlejefcehbljnd/app.js (35)
[8004:8004:1106/055646.505015:INFO:CONSOLE(35)] "newInfo [object Object]", source: chrome-extension://kbbgjcgdcibilpahljnlejefcehbljnd/app.js (35)
[8004:8004:1106/055646.594700:INFO:CONSOLE(35)] "selector Label, mineExtraMetadata calls extendLabel over 118", source: chrome-extension://kbbgjcgdcibilpahljnlejefcehbljnd/app.js (35)
[8004:8004:1106/055646.618729:INFO:CONSOLE(35)] "label [object Object],[object Object] extra metadata found: 2 {"number":2}", source: chrome-extension://kbbgjcgdcibilpahljnlejefcehbljnd/app.js (35)
[8004:8004:1106/055646.623749:INFO:CONSOLE(35)] "newInfo [object Object]", source: chrome-extension://kbbgjcgdcibilpahljnlejefcehbljnd/app.js (35)
[8004:8004:1106/055646.635288:INFO:CONSOLE(36)] "changeMonitor ["over","label"]", source: chrome-extension://kbbgjcgdcibilpahljnlejefcehbljnd/app.js (36)
[8004:8004:1106/055702.203978:INFO:CONSOLE(35)] "sync tot (2/40) {"info":2} with 1 randomUUID(s) with 1 randomUUID(s)", source: chrome-extension://kbbgjcgdcibilpahljnlejefcehbljnd/app.js (35)
[8004:8004:1106/055703.206923:INFO:CONSOLE(1)] "get returns [object Object] local [object Object]", source: chrome-extension://kbbgjcgdcibilpahljnlejefcehbljnd/background.js (1)
[8004:8004:1106/055704.925538:INFO:CONSOLE(35)] "syncResponse [object Object]", source: chrome-extension://kbbgjcgdcibilpahljnlejefcehbljnd/app.js (35)
[8004:8004:1106/055706.480476:INFO:CONSOLE(35)] "banner  extra metadata found: 0 {}", source: chrome-extension://kbbgjcgdcibilpahljnlejefcehbljnd/app.js (35)
[8004:8004:1106/055706.482171:INFO:CONSOLE(35)] "newInfo [object Object]", source: chrome-extension://kbbgjcgdcibilpahljnlejefcehbljnd/app.js (35)
[8004:8004:1106/055706.584922:INFO:CONSOLE(35)] "selector Label, mineExtraMetadata calls extendLabel over 118", source: chrome-extension://kbbgjcgdcibilpahljnlejefcehbljnd/app.js (35)
[8004:8004:1106/055706.591649:INFO:CONSOLE(35)] "label [object Object],[object Object] extra metadata found: 2 {"number":2}", source: chrome-extension://kbbgjcgdcibilpahljnlejefcehbljnd/app.js (35)
[8004:8004:1106/055706.612786:INFO:CONSOLE(35)] "newInfo [object Object]", source: chrome-extension://kbbgjcgdcibilpahljnlejefcehbljnd/app.js (35)
[8004:8004:1106/055706.614490:INFO:CONSOLE(36)] "changeMonitor ["banner","label"]", source: chrome-extension://kbbgjcgdcibilpahljnlejefcehbljnd/app.js (36)
[8004:8004:1106/055722.199183:INFO:CONSOLE(35)] "sync tot (2/42) {"info":2} with 1 randomUUID(s) with 1 randomUUID(s)", source: chrome-extension://kbbgjcgdcibilpahljnlejefcehbljnd/app.js (35)
[8004:8004:1106/055723.023895:INFO:CONSOLE(1)] "get returns [object Object] local [object Object]", source: chrome-extension://kbbgjcgdcibilpahljnlejefcehbljnd/background.js (1)
[8004:8004:1106/055725.828253:INFO:CONSOLE(35)] "syncResponse [object Object]", source: chrome-extension://kbbgjcgdcibilpahljnlejefcehbljnd/app.js (35)
[8004:8004:1106/060730.684850:INFO:CONSOLE(35)] "banner  extra metadata found: 0 {}", source: chrome-extension://kbbgjcgdcibilpahljnlejefcehbljnd/app.js (35)
[8004:8004:1106/060730.718046:INFO:CONSOLE(35)] "newInfo [object Object]", source: chrome-extension://kbbgjcgdcibilpahljnlejefcehbljnd/app.js (35)
[8004:8004:1106/060731.300407:INFO:CONSOLE(35)] "selector Label, mineExtraMetadata calls extendLabel over 118", source: chrome-extension://kbbgjcgdcibilpahljnlejefcehbljnd/app.js (35)
[8004:8004:1106/060731.303670:INFO:CONSOLE(35)] "label [object Object],[object Object] extra metadata found: 2 {"number":2}", source: chrome-extension://kbbgjcgdcibilpahljnlejefcehbljnd/app.js (35)
[8004:8004:1106/060731.376768:INFO:CONSOLE(35)] "newInfo [object Object]", source: chrome-extension://kbbgjcgdcibilpahljnlejefcehbljnd/app.js (35)
[8004:8004:1106/060731.387305:INFO:CONSOLE(36)] "changeMonitor ["banner","label"]", source: chrome-extension://kbbgjcgdcibilpahljnlejefcehbljnd/app.js (36)
[8004:8004:1106/060742.198365:INFO:CONSOLE(35)] "sync tot (2/44) {"info":2} with 1 randomUUID(s) with 1 randomUUID(s)", source: chrome-extension://kbbgjcgdcibilpahljnlejefcehbljnd/app.js (35)
[8004:8004:1106/060742.582154:INFO:CONSOLE(1)] "get returns [object Object] local [object Object]", source: chrome-extension://kbbgjcgdcibilpahljnlejefcehbljnd/background.js (1)
[8004:8004:1106/060743.495385:INFO:CONSOLE(35)] "syncResponse [object Object]", source: chrome-extension://kbbgjcgdcibilpahljnlejefcehbljnd/app.js (35)
[8004:8004:1106/060750.517174:INFO:CONSOLE(35)] "selector Label, mineExtraMetadata calls extendLabel over 131", source: chrome-extension://kbbgjcgdcibilpahljnlejefcehbljnd/app.js (35)
[8004:8004:1106/060750.520382:INFO:CONSOLE(35)] "label [object Object],[object Object],[object Object] extra metadata found: 3 {"number":3}", source: chrome-extension://kbbgjcgdcibilpahljnlejefcehbljnd/app.js (35)
[8004:8004:1106/060750.522675:INFO:CONSOLE(35)] "newInfo [object Object]", source: chrome-extension://kbbgjcgdcibilpahljnlejefcehbljnd/app.js (35)
[8004:8004:1106/060750.524446:INFO:CONSOLE(36)] "changeMonitor ["label"]", source: chrome-extension://kbbgjcgdcibilpahljnlejefcehbljnd/app.js (36)
[8004:8004:1106/060758.491402:INFO:CONSOLE(35)] "over ["Will It Be 3 Days Before We Get Election Results? | JRE Election SpecialWatch laterShareCopy linkInfoShopping"]", source: chrome-extension://kbbgjcgdcibilpahljnlejefcehbljnd/app.js (35)
[8004:8004:1106/060758.493523:INFO:CONSOLE(35)] "over  extra metadata found: 0 {}", source: chrome-extension://kbbgjcgdcibilpahljnlejefcehbljnd/app.js (35)
[8004:8004:1106/060758.493677:INFO:CONSOLE(35)] "newInfo [object Object]", source: chrome-extension://kbbgjcgdcibilpahljnlejefcehbljnd/app.js (35)
[8004:8004:1106/060758.539162:INFO:CONSOLE(35)] "selector Label, mineExtraMetadata calls extendLabel over 130", source: chrome-extension://kbbgjcgdcibilpahljnlejefcehbljnd/app.js (35)
[8004:8004:1106/060758.542220:INFO:CONSOLE(35)] "label [object Object],[object Object],[object Object] extra metadata found: 3 {"number":3}", source: chrome-extension://kbbgjcgdcibilpahljnlejefcehbljnd/app.js (35)
[8004:8004:1106/060758.543259:INFO:CONSOLE(35)] "newInfo [object Object]", source: chrome-extension://kbbgjcgdcibilpahljnlejefcehbljnd/app.js (35)
[8004:8004:1106/060758.544346:INFO:CONSOLE(36)] "changeMonitor ["over","label"]", source: chrome-extension://kbbgjcgdcibilpahljnlejefcehbljnd/app.js (36)
[8004:8004:1106/060802.056607:INFO:CONSOLE(35)] "sync tot (3/47) {"info":3} with 1 randomUUID(s) with 1 randomUUID(s)", source: chrome-extension://kbbgjcgdcibilpahljnlejefcehbljnd/app.js (35)
[8004:8004:1106/060802.088464:INFO:CONSOLE(35)] "windowUnload undefined", source: chrome-extension://kbbgjcgdcibilpahljnlejefcehbljnd/app.js (35)
[8004:8004:1106/060808.281980:INFO:CONSOLE(1)] "get returns [object Object] /settings undefined", source: chrome-extension://kbbgjcgdcibilpahljnlejefcehbljnd/background.js (1)
[8004:8004:1106/060808.380177:INFO:CONSOLE(36)] "yttrex version 1.4.2", source: chrome-extension://kbbgjcgdcibilpahljnlejefcehbljnd/app.js (36)
[8004:8004:1106/060808.380296:INFO:CONSOLE(36)] "[object Object]", source: chrome-extension://kbbgjcgdcibilpahljnlejefcehbljnd/app.js (36)
[8004:8004:1106/060808.386817:INFO:CONSOLE(1)] "get returns [object Object] local [object Object]", source: chrome-extension://kbbgjcgdcibilpahljnlejefcehbljnd/background.js (1)
[8004:8004:1106/060808.386889:INFO:CONSOLE(27)] "sending back from userLookup local [object Object]", source: chrome-extension://kbbgjcgdcibilpahljnlejefcehbljnd/background.js (27)
[8004:8004:1106/060808.418149:INFO:CONSOLE(36)] "app.js gets [object Object] from localLookup", source: chrome-extension://kbbgjcgdcibilpahljnlejefcehbljnd/app.js (36)
[8004:8004:1106/060811.177870:INFO:CONSOLE(8567)] "observer method `collapsedChange_` not defined", source: https://www.youtube.com/s/desktop/62ddf1de/jsbin/desktop_polymer_inlined_html_polymer_flags.vflset/desktop_polymer_inlined_html_polymer_flags.js (8567)
[8004:8004:1106/060812.076142:INFO:CONSOLE(0)] "The resource https://r5---sn-45nufxc-hm2l.googlevideo.com/generate_204 was preloaded using link preload but not used within a few seconds from the window's load event. Please make sure it has an appropriate `as` value and it is preloaded intentionally.", source: https://www.youtube.com/watch?v=6R6hxPYWD50 (0)
[8004:8004:1106/060812.076278:INFO:CONSOLE(0)] "The resource https://i.ytimg.com/generate_204 was preloaded using link preload but not used within a few seconds from the window's load event. Please make sure it has an appropriate `as` value and it is preloaded intentionally.", source: https://www.youtube.com/watch?v=6R6hxPYWD50 (0)
[8004:8004:1106/060812.076365:INFO:CONSOLE(0)] "The resource https://r5---sn-45nufxc-hm2l.googlevideo.com/generate_204?conn2 was preloaded using link preload but not used within a few seconds from the window's load event. Please make sure it has an appropriate `as` value and it is preloaded intentionally.", source: https://www.youtube.com/watch?v=6R6hxPYWD50 (0)
[8004:8004:1106/060812.499245:INFO:CONSOLE(35)] "channel  extra metadata found: 0 {}", source: chrome-extension://kbbgjcgdcibilpahljnlejefcehbljnd/app.js (35)
[8004:8004:1106/060812.502650:INFO:CONSOLE(35)] "newInfo [object Object]", source: chrome-extension://kbbgjcgdcibilpahljnlejefcehbljnd/app.js (35)
[8004:8004:1106/060812.517933:INFO:CONSOLE(35)] "title [object Object] extra metadata found: 1 {"innerTitle":1}", source: chrome-extension://kbbgjcgdcibilpahljnlejefcehbljnd/app.js (35)
[8004:8004:1106/060812.522431:INFO:CONSOLE(35)] "newInfo [object Object]", source: chrome-extension://kbbgjcgdcibilpahljnlejefcehbljnd/app.js (35)
[8004:8004:1106/060812.529135:INFO:CONSOLE(35)] "over ["MYTH BUSTED: Did Trump Praise Nazis as “Very Fine People”? | Louder with CrowderWatch laterShareCopy linkInfoShopping"]", source: chrome-extension://kbbgjcgdcibilpahljnlejefcehbljnd/app.js (35)
[8004:8004:1106/060812.530054:INFO:CONSOLE(35)] "over  extra metadata found: 0 {}", source: chrome-extension://kbbgjcgdcibilpahljnlejefcehbljnd/app.js (35)
[8004:8004:1106/060812.531340:INFO:CONSOLE(35)] "newInfo [object Object]", source: chrome-extension://kbbgjcgdcibilpahljnlejefcehbljnd/app.js (35)
[8004:8004:1106/060812.575910:INFO:CONSOLE(35)] "selector Label, mineExtraMetadata calls extendLabel over 64", source: chrome-extension://kbbgjcgdcibilpahljnlejefcehbljnd/app.js (35)
[8004:8004:1106/060812.579185:INFO:CONSOLE(35)] "label [object Object],[object Object] extra metadata found: 2 {"number":2}", source: chrome-extension://kbbgjcgdcibilpahljnlejefcehbljnd/app.js (35)
[8004:8004:1106/060812.604604:INFO:CONSOLE(35)] "newInfo [object Object]", source: chrome-extension://kbbgjcgdcibilpahljnlejefcehbljnd/app.js (35)
[8004:8004:1106/060812.610969:INFO:CONSOLE(36)] "changeMonitor ["channel","title","over","label"]", source: chrome-extension://kbbgjcgdcibilpahljnlejefcehbljnd/app.js (36)
[8004:8004:1106/060816.573941:INFO:CONSOLE(35)] "selector Label, mineExtraMetadata calls extendLabel over 100", source: chrome-extension://kbbgjcgdcibilpahljnlejefcehbljnd/app.js (35)
[8004:8004:1106/060816.589519:INFO:CONSOLE(35)] "label [object Object],[object Object] extra metadata found: 2 {"number":2}", source: chrome-extension://kbbgjcgdcibilpahljnlejefcehbljnd/app.js (35)
[8004:8004:1106/060816.595826:INFO:CONSOLE(35)] "newInfo [object Object]", source: chrome-extension://kbbgjcgdcibilpahljnlejefcehbljnd/app.js (35)
[8004:8004:1106/060816.597770:INFO:CONSOLE(36)] "changeMonitor ["label"]", source: chrome-extension://kbbgjcgdcibilpahljnlejefcehbljnd/app.js (36)
[8004:8004:1106/060817.450059:INFO:CONSOLE(35)] "newVideo [object Object]", source: chrome-extension://kbbgjcgdcibilpahljnlejefcehbljnd/app.js (35)
[8004:8004:1106/060817.452280:INFO:CONSOLE(36)] "-> 1 new href+content sent, selector ytd-app Fri Nov 06 2020 06:08:17 GMT+0100 (Central European Standard Time) size 230942 230942", source: chrome-extension://kbbgjcgdcibilpahljnlejefcehbljnd/app.js (36)
[8004:8004:1106/060820.436170:INFO:CONSOLE(35)] "channel  extra metadata found: 0 {}", source: chrome-extension://kbbgjcgdcibilpahljnlejefcehbljnd/app.js (35)
[8004:8004:1106/060820.436338:INFO:CONSOLE(35)] "newInfo [object Object]", source: chrome-extension://kbbgjcgdcibilpahljnlejefcehbljnd/app.js (35)
[8004:8004:1106/060820.443218:INFO:CONSOLE(35)] "title [object Object] extra metadata found: 1 {"innerTitle":1}", source: chrome-extension://kbbgjcgdcibilpahljnlejefcehbljnd/app.js (35)
[8004:8004:1106/060820.443938:INFO:CONSOLE(35)] "newInfo [object Object]", source: chrome-extension://kbbgjcgdcibilpahljnlejefcehbljnd/app.js (35)
[8004:8004:1106/060820.468640:INFO:CONSOLE(35)] "over ["MYTH BUSTED: Did Trump Praise Nazis as “Very Fine People”? | Louder with CrowderWatch laterShareCopy linkInfoShopping"]", source: chrome-extension://kbbgjcgdcibilpahljnlejefcehbljnd/app.js (35)
[8004:8004:1106/060820.468893:INFO:CONSOLE(35)] "over  extra metadata found: 0 {}", source: chrome-extension://kbbgjcgdcibilpahljnlejefcehbljnd/app.js (35)
[8004:8004:1106/060820.471364:INFO:CONSOLE(35)] "newInfo [object Object]", source: chrome-extension://kbbgjcgdcibilpahljnlejefcehbljnd/app.js (35)
[8004:8004:1106/060820.502661:INFO:CONSOLE(35)] "selector Label, mineExtraMetadata calls extendLabel over 120", source: chrome-extension://kbbgjcgdcibilpahljnlejefcehbljnd/app.js (35)
[8004:8004:1106/060820.515774:INFO:CONSOLE(35)] "label [object Object],[object Object] extra metadata found: 2 {"number":2}", source: chrome-extension://kbbgjcgdcibilpahljnlejefcehbljnd/app.js (35)
[8004:8004:1106/060820.517038:INFO:CONSOLE(35)] "newInfo [object Object]", source: chrome-extension://kbbgjcgdcibilpahljnlejefcehbljnd/app.js (35)
[8004:8004:1106/060820.532824:INFO:CONSOLE(36)] "changeMonitor ["channel","title","over","label"]", source: chrome-extension://kbbgjcgdcibilpahljnlejefcehbljnd/app.js (36)
[8004:8004:1106/060826.897705:INFO:CONSOLE(35)] "newVideo [object Object]", source: chrome-extension://kbbgjcgdcibilpahljnlejefcehbljnd/app.js (35)
[8004:8004:1106/060826.952631:INFO:CONSOLE(36)] "-> 2 new href+content sent, selector ytd-app Fri Nov 06 2020 06:08:26 GMT+0100 (Central European Standard Time) size 245052 230942,245052", source: chrome-extension://kbbgjcgdcibilpahljnlejefcehbljnd/app.js (36)
[8004:8004:1106/060828.385502:INFO:CONSOLE(35)] "sync tot (11/11) {"info":9,"video":2} with 1 randomUUID(s) with 1 randomUUID(s)", source: chrome-extension://kbbgjcgdcibilpahljnlejefcehbljnd/app.js (35)
[8004:8004:1106/060830.528381:INFO:CONSOLE(1)] "get returns [object Object] local [object Object]", source: chrome-extension://kbbgjcgdcibilpahljnlejefcehbljnd/background.js (1)
[8004:8004:1106/060832.451141:INFO:CONSOLE(35)] "over ["MYTH BUSTED: Did Trump Praise Nazis as “Very Fine People”? | Louder with CrowderWatch laterShareCopy linkInfoShopping"]", source: chrome-extension://kbbgjcgdcibilpahljnlejefcehbljnd/app.js (35)
[8004:8004:1106/060832.452427:INFO:CONSOLE(35)] "over  extra metadata found: 0 {}", source: chrome-extension://kbbgjcgdcibilpahljnlejefcehbljnd/app.js (35)
[8004:8004:1106/060832.453624:INFO:CONSOLE(35)] "newInfo [object Object]", source: chrome-extension://kbbgjcgdcibilpahljnlejefcehbljnd/app.js (35)
[8004:8004:1106/060832.680195:INFO:CONSOLE(35)] "selector Label, mineExtraMetadata calls extendLabel over 120", source: chrome-extension://kbbgjcgdcibilpahljnlejefcehbljnd/app.js (35)
[8004:8004:1106/060832.707884:INFO:CONSOLE(35)] "label [object Object],[object Object] extra metadata found: 2 {"number":2}", source: chrome-extension://kbbgjcgdcibilpahljnlejefcehbljnd/app.js (35)
[8004:8004:1106/060832.739634:INFO:CONSOLE(35)] "newInfo [object Object]", source: chrome-extension://kbbgjcgdcibilpahljnlejefcehbljnd/app.js (35)
[8004:8004:1106/060832.745204:INFO:CONSOLE(36)] "changeMonitor ["over","label"]", source: chrome-extension://kbbgjcgdcibilpahljnlejefcehbljnd/app.js (36)
[8004:8004:1106/060836.162038:INFO:CONSOLE(35)] "syncResponse [object Object]", source: chrome-extension://kbbgjcgdcibilpahljnlejefcehbljnd/app.js (35)
[8004:8004:1106/060836.499166:INFO:CONSOLE(35)] "over ["MYTH BUSTED: Did Trump Praise Nazis as “Very Fine People”? | Louder with CrowderWatch laterShareCopy linkInfoShopping"]", source: chrome-extension://kbbgjcgdcibilpahljnlejefcehbljnd/app.js (35)
[8004:8004:1106/060836.526688:INFO:CONSOLE(35)] "over  extra metadata found: 0 {}", source: chrome-extension://kbbgjcgdcibilpahljnlejefcehbljnd/app.js (35)
[8004:8004:1106/060836.527612:INFO:CONSOLE(35)] "newInfo [object Object]", source: chrome-extension://kbbgjcgdcibilpahljnlejefcehbljnd/app.js (35)
[8004:8004:1106/060836.729217:INFO:CONSOLE(35)] "selector Label, mineExtraMetadata calls extendLabel over 120", source: chrome-extension://kbbgjcgdcibilpahljnlejefcehbljnd/app.js (35)
[8004:8004:1106/060836.769894:INFO:CONSOLE(35)] "label [object Object],[object Object] extra metadata found: 2 {"number":2}", source: chrome-extension://kbbgjcgdcibilpahljnlejefcehbljnd/app.js (35)
[8004:8004:1106/060836.789143:INFO:CONSOLE(35)] "newInfo [object Object]", source: chrome-extension://kbbgjcgdcibilpahljnlejefcehbljnd/app.js (35)
[8004:8004:1106/060836.794644:INFO:CONSOLE(36)] "changeMonitor ["over","label"]", source: chrome-extension://kbbgjcgdcibilpahljnlejefcehbljnd/app.js (36)
[8004:8004:1106/060840.440799:INFO:CONSOLE(35)] "over ["MYTH BUSTED: Did Trump Praise Nazis as “Very Fine People”? | Louder with CrowderWatch laterShareCopy linkInfoShopping"]", source: chrome-extension://kbbgjcgdcibilpahljnlejefcehbljnd/app.js (35)
[8004:8004:1106/060840.441938:INFO:CONSOLE(35)] "over  extra metadata found: 0 {}", source: chrome-extension://kbbgjcgdcibilpahljnlejefcehbljnd/app.js (35)
[8004:8004:1106/060840.444069:INFO:CONSOLE(35)] "newInfo [object Object]", source: chrome-extension://kbbgjcgdcibilpahljnlejefcehbljnd/app.js (35)
[8004:8004:1106/060840.538260:INFO:CONSOLE(35)] "selector Label, mineExtraMetadata calls extendLabel over 120", source: chrome-extension://kbbgjcgdcibilpahljnlejefcehbljnd/app.js (35)
[8004:8004:1106/060840.650642:INFO:CONSOLE(35)] "label [object Object],[object Object] extra metadata found: 2 {"number":2}", source: chrome-extension://kbbgjcgdcibilpahljnlejefcehbljnd/app.js (35)
[8004:8004:1106/060840.676979:INFO:CONSOLE(35)] "newInfo [object Object]", source: chrome-extension://kbbgjcgdcibilpahljnlejefcehbljnd/app.js (35)
[8004:8004:1106/060840.686301:INFO:CONSOLE(36)] "changeMonitor ["over","label"]", source: chrome-extension://kbbgjcgdcibilpahljnlejefcehbljnd/app.js (36)
[8004:8004:1106/060844.528891:INFO:CONSOLE(35)] "newVideo [object Object]", source: chrome-extension://kbbgjcgdcibilpahljnlejefcehbljnd/app.js (35)
[8004:8004:1106/060844.531080:INFO:CONSOLE(36)] "-> 3 new href+content sent, selector ytd-app Fri Nov 06 2020 06:08:44 GMT+0100 (Central European Standard Time) size 245053 230942,245052,245053", source: chrome-extension://kbbgjcgdcibilpahljnlejefcehbljnd/app.js (36)
[8004:8004:1106/060848.380779:INFO:CONSOLE(35)] "sync tot (7/18) {"info":6,"video":1} with 1 randomUUID(s) with 1 randomUUID(s)", source: chrome-extension://kbbgjcgdcibilpahljnlejefcehbljnd/app.js (35)
[8004:8004:1106/060848.454539:INFO:CONSOLE(1)] "get returns [object Object] local [object Object]", source: chrome-extension://kbbgjcgdcibilpahljnlejefcehbljnd/background.js (1)
[8004:8004:1106/060850.011474:INFO:CONSOLE(35)] "syncResponse [object Object]", source: chrome-extension://kbbgjcgdcibilpahljnlejefcehbljnd/app.js (35)
[8004:8004:1106/060936.643869:INFO:CONSOLE(35)] "over ["MYTH BUSTED: Did Trump Praise Nazis as “Very Fine People”? | Louder with CrowderWatch laterShareCopy linkInfoShopping"]", source: chrome-extension://kbbgjcgdcibilpahljnlejefcehbljnd/app.js (35)
[8004:8004:1106/060936.690731:INFO:CONSOLE(35)] "over  extra metadata found: 0 {}", source: chrome-extension://kbbgjcgdcibilpahljnlejefcehbljnd/app.js (35)
[8004:8004:1106/060936.694681:INFO:CONSOLE(35)] "newInfo [object Object]", source: chrome-extension://kbbgjcgdcibilpahljnlejefcehbljnd/app.js (35)
[8004:8004:1106/060936.826862:INFO:CONSOLE(35)] "selector Label, mineExtraMetadata calls extendLabel over 120", source: chrome-extension://kbbgjcgdcibilpahljnlejefcehbljnd/app.js (35)
[8004:8004:1106/060936.830973:INFO:CONSOLE(35)] "label [object Object],[object Object] extra metadata found: 2 {"number":2}", source: chrome-extension://kbbgjcgdcibilpahljnlejefcehbljnd/app.js (35)
[8004:8004:1106/060936.862542:INFO:CONSOLE(35)] "newInfo [object Object]", source: chrome-extension://kbbgjcgdcibilpahljnlejefcehbljnd/app.js (35)
[8004:8004:1106/060936.864295:INFO:CONSOLE(36)] "changeMonitor ["over","label"]", source: chrome-extension://kbbgjcgdcibilpahljnlejefcehbljnd/app.js (36)
[8004:8004:1106/060940.431837:INFO:CONSOLE(35)] "over ["MYTH BUSTED: Did Trump Praise Nazis as “Very Fine People”? | Louder with CrowderWatch laterShareCopy linkInfoShopping"]", source: chrome-extension://kbbgjcgdcibilpahljnlejefcehbljnd/app.js (35)
[8004:8004:1106/060940.435566:INFO:CONSOLE(35)] "over  extra metadata found: 0 {}", source: chrome-extension://kbbgjcgdcibilpahljnlejefcehbljnd/app.js (35)
[8004:8004:1106/060940.475439:INFO:CONSOLE(35)] "newInfo [object Object]", source: chrome-extension://kbbgjcgdcibilpahljnlejefcehbljnd/app.js (35)
[8004:8004:1106/060940.694140:INFO:CONSOLE(35)] "selector Label, mineExtraMetadata calls extendLabel over 120", source: chrome-extension://kbbgjcgdcibilpahljnlejefcehbljnd/app.js (35)
[8004:8004:1106/060940.747725:INFO:CONSOLE(35)] "label [object Object],[object Object] extra metadata found: 2 {"number":2}", source: chrome-extension://kbbgjcgdcibilpahljnlejefcehbljnd/app.js (35)
[8004:8004:1106/060940.774028:INFO:CONSOLE(35)] "newInfo [object Object]", source: chrome-extension://kbbgjcgdcibilpahljnlejefcehbljnd/app.js (35)
[8004:8004:1106/060940.787385:INFO:CONSOLE(36)] "changeMonitor ["over","label"]", source: chrome-extension://kbbgjcgdcibilpahljnlejefcehbljnd/app.js (36)
[8004:8004:1106/060948.381007:INFO:CONSOLE(35)] "sync tot (4/22) {"info":4} with 1 randomUUID(s) with 1 randomUUID(s)", source: chrome-extension://kbbgjcgdcibilpahljnlejefcehbljnd/app.js (35)
[8004:8004:1106/060948.938848:INFO:CONSOLE(1)] "get returns [object Object] local [object Object]", source: chrome-extension://kbbgjcgdcibilpahljnlejefcehbljnd/background.js (1)
[8004:8004:1106/060950.279146:INFO:CONSOLE(35)] "syncResponse [object Object]", source: chrome-extension://kbbgjcgdcibilpahljnlejefcehbljnd/app.js (35)
[8004:8004:1106/061136.495554:INFO:CONSOLE(35)] "over ["MYTH BUSTED: Did Trump Praise Nazis as “Very Fine People”? | Louder with CrowderWatch laterShareCopy linkInfoShopping"]", source: chrome-extension://kbbgjcgdcibilpahljnlejefcehbljnd/app.js (35)
[8004:8004:1106/061136.526154:INFO:CONSOLE(35)] "over  extra metadata found: 0 {}", source: chrome-extension://kbbgjcgdcibilpahljnlejefcehbljnd/app.js (35)
[8004:8004:1106/061136.532587:INFO:CONSOLE(35)] "newInfo [object Object]", source: chrome-extension://kbbgjcgdcibilpahljnlejefcehbljnd/app.js (35)
[8004:8004:1106/061136.680452:INFO:CONSOLE(35)] "selector Label, mineExtraMetadata calls extendLabel over 120", source: chrome-extension://kbbgjcgdcibilpahljnlejefcehbljnd/app.js (35)
[8004:8004:1106/061136.701655:INFO:CONSOLE(35)] "label [object Object],[object Object] extra metadata found: 2 {"number":2}", source: chrome-extension://kbbgjcgdcibilpahljnlejefcehbljnd/app.js (35)
[8004:8004:1106/061136.714129:INFO:CONSOLE(35)] "newInfo [object Object]", source: chrome-extension://kbbgjcgdcibilpahljnlejefcehbljnd/app.js (35)
[8004:8004:1106/061136.727665:INFO:CONSOLE(36)] "changeMonitor ["over","label"]", source: chrome-extension://kbbgjcgdcibilpahljnlejefcehbljnd/app.js (36)
[8004:8004:1106/061144.436730:INFO:CONSOLE(35)] "over ["MYTH BUSTED: Did Trump Praise Nazis as “Very Fine People”? | Louder with CrowderWatch laterShareCopy linkInfoShopping"]", source: chrome-extension://kbbgjcgdcibilpahljnlejefcehbljnd/app.js (35)
[8004:8004:1106/061144.438065:INFO:CONSOLE(35)] "over  extra metadata found: 0 {}", source: chrome-extension://kbbgjcgdcibilpahljnlejefcehbljnd/app.js (35)
[8004:8004:1106/061144.440989:INFO:CONSOLE(35)] "newInfo [object Object]", source: chrome-extension://kbbgjcgdcibilpahljnlejefcehbljnd/app.js (35)
[8004:8004:1106/061144.536414:INFO:CONSOLE(35)] "selector Label, mineExtraMetadata calls extendLabel over 120", source: chrome-extension://kbbgjcgdcibilpahljnlejefcehbljnd/app.js (35)
[8004:8004:1106/061144.539846:INFO:CONSOLE(35)] "label [object Object],[object Object] extra metadata found: 2 {"number":2}", source: chrome-extension://kbbgjcgdcibilpahljnlejefcehbljnd/app.js (35)
[8004:8004:1106/061144.553353:INFO:CONSOLE(35)] "newInfo [object Object]", source: chrome-extension://kbbgjcgdcibilpahljnlejefcehbljnd/app.js (35)
[8004:8004:1106/061144.556371:INFO:CONSOLE(36)] "changeMonitor ["over","label"]", source: chrome-extension://kbbgjcgdcibilpahljnlejefcehbljnd/app.js (36)
[8004:8004:1106/061148.382039:INFO:CONSOLE(35)] "sync tot (4/26) {"info":4} with 1 randomUUID(s) with 1 randomUUID(s)", source: chrome-extension://kbbgjcgdcibilpahljnlejefcehbljnd/app.js (35)
[8004:8004:1106/061148.985300:INFO:CONSOLE(1)] "get returns [object Object] local [object Object]", source: chrome-extension://kbbgjcgdcibilpahljnlejefcehbljnd/background.js (1)
[8004:8004:1106/061150.731946:INFO:CONSOLE(35)] "syncResponse [object Object]", source: chrome-extension://kbbgjcgdcibilpahljnlejefcehbljnd/app.js (35)
[8004:8004:1106/061708.606369:INFO:CONSOLE(35)] "selector Label, mineExtraMetadata calls extendLabel over 133", source: chrome-extension://kbbgjcgdcibilpahljnlejefcehbljnd/app.js (35)
[8004:8004:1106/061708.635164:INFO:CONSOLE(35)] "label [object Object],[object Object],[object Object] extra metadata found: 3 {"number":3}", source: chrome-extension://kbbgjcgdcibilpahljnlejefcehbljnd/app.js (35)
[8004:8004:1106/061708.659803:INFO:CONSOLE(35)] "newInfo [object Object]", source: chrome-extension://kbbgjcgdcibilpahljnlejefcehbljnd/app.js (35)
[8004:8004:1106/061708.668566:INFO:CONSOLE(36)] "changeMonitor ["label"]", source: chrome-extension://kbbgjcgdcibilpahljnlejefcehbljnd/app.js (36)
[8004:8004:1106/061715.932179:INFO:CONSOLE(35)] "sync tot (1/27) {"info":1} with 1 randomUUID(s) with 1 randomUUID(s)", source: chrome-extension://kbbgjcgdcibilpahljnlejefcehbljnd/app.js (35)
[8004:8004:1106/061715.934054:INFO:CONSOLE(35)] "windowUnload undefined", source: chrome-extension://kbbgjcgdcibilpahljnlejefcehbljnd/app.js (35)
[8004:8004:1106/061716.263871:INFO:CONSOLE(1)] "get returns [object Object] local [object Object]", source: chrome-extension://kbbgjcgdcibilpahljnlejefcehbljnd/background.js (1)
[9486:12832:1106/061716.206245:WARNING:sync_reader.cc(171)] ASR: No room in socket buffer.: Broken pipe (32)
[8004:8004:1106/061721.533160:INFO:CONSOLE(1)] "get returns [object Object] /settings undefined", source: chrome-extension://kbbgjcgdcibilpahljnlejefcehbljnd/background.js (1)
[8004:8004:1106/061721.631790:INFO:CONSOLE(36)] "yttrex version 1.4.2", source: chrome-extension://kbbgjcgdcibilpahljnlejefcehbljnd/app.js (36)
[8004:8004:1106/061721.633415:INFO:CONSOLE(36)] "[object Object]", source: chrome-extension://kbbgjcgdcibilpahljnlejefcehbljnd/app.js (36)
[8004:8004:1106/061721.638142:INFO:CONSOLE(1)] "get returns [object Object] local [object Object]", source: chrome-extension://kbbgjcgdcibilpahljnlejefcehbljnd/background.js (1)
[8004:8004:1106/061721.638200:INFO:CONSOLE(27)] "sending back from userLookup local [object Object]", source: chrome-extension://kbbgjcgdcibilpahljnlejefcehbljnd/background.js (27)
[8004:8004:1106/061722.714974:INFO:CONSOLE(8567)] "observer method `collapsedChange_` not defined", source: https://www.youtube.com/s/desktop/62ddf1de/jsbin/desktop_polymer_inlined_html_polymer_flags.vflset/desktop_polymer_inlined_html_polymer_flags.js (8567)
[8004:8004:1106/061723.089826:INFO:CONSOLE(36)] "app.js gets [object Object] from localLookup", source: chrome-extension://kbbgjcgdcibilpahljnlejefcehbljnd/app.js (36)
[8004:8004:1106/061727.715816:INFO:CONSOLE(35)] "channel  extra metadata found: 0 {}", source: chrome-extension://kbbgjcgdcibilpahljnlejefcehbljnd/app.js (35)
[8004:8004:1106/061727.720182:INFO:CONSOLE(35)] "newInfo [object Object]", source: chrome-extension://kbbgjcgdcibilpahljnlejefcehbljnd/app.js (35)
[8004:8004:1106/061727.724805:INFO:CONSOLE(35)] "title [object Object] extra metadata found: 1 {"innerTitle":1}", source: chrome-extension://kbbgjcgdcibilpahljnlejefcehbljnd/app.js (35)
[8004:8004:1106/061727.726853:INFO:CONSOLE(35)] "newInfo [object Object]", source: chrome-extension://kbbgjcgdcibilpahljnlejefcehbljnd/app.js (35)
[8004:8004:1106/061727.733325:INFO:CONSOLE(35)] "over ["Having A Gun On You Doesn't Keep You SafeWatch laterShareCopy linkInfoShopping"]", source: chrome-extension://kbbgjcgdcibilpahljnlejefcehbljnd/app.js (35)
[8004:8004:1106/061727.735646:INFO:CONSOLE(35)] "over  extra metadata found: 0 {}", source: chrome-extension://kbbgjcgdcibilpahljnlejefcehbljnd/app.js (35)
[8004:8004:1106/061727.737351:INFO:CONSOLE(35)] "newInfo [object Object]", source: chrome-extension://kbbgjcgdcibilpahljnlejefcehbljnd/app.js (35)
[8004:8004:1106/061727.771009:INFO:CONSOLE(35)] "selector Label, mineExtraMetadata calls extendLabel over 90", source: chrome-extension://kbbgjcgdcibilpahljnlejefcehbljnd/app.js (35)
[8004:8004:1106/061727.775348:INFO:CONSOLE(35)] "label [object Object],[object Object] extra metadata found: 2 {"number":2}", source: chrome-extension://kbbgjcgdcibilpahljnlejefcehbljnd/app.js (35)
[8004:8004:1106/061727.779178:INFO:CONSOLE(35)] "newInfo [object Object]", source: chrome-extension://kbbgjcgdcibilpahljnlejefcehbljnd/app.js (35)
[8004:8004:1106/061727.780516:INFO:CONSOLE(36)] "changeMonitor ["channel","title","over","label"]", source: chrome-extension://kbbgjcgdcibilpahljnlejefcehbljnd/app.js (36)
[8004:8004:1106/061727.923916:INFO:CONSOLE(0)] "The resource https://r3---sn-45nufxc-4jvl.googlevideo.com/generate_204?conn2 was preloaded using link preload but not used within a few seconds from the window's load event. Please make sure it has an appropriate `as` value and it is preloaded intentionally.", source: https://www.youtube.com/watch?v=8DbQjVrHTtc (0)
[8004:8004:1106/061727.924690:INFO:CONSOLE(0)] "The resource https://i.ytimg.com/generate_204 was preloaded using link preload but not used within a few seconds from the window's load event. Please make sure it has an appropriate `as` value and it is preloaded intentionally.", source: https://www.youtube.com/watch?v=8DbQjVrHTtc (0)
[8004:8004:1106/061727.925400:INFO:CONSOLE(0)] "The resource https://r3---sn-45nufxc-4jvl.googlevideo.com/generate_204 was preloaded using link preload but not used within a few seconds from the window's load event. Please make sure it has an appropriate `as` value and it is preloaded intentionally.", source: https://www.youtube.com/watch?v=8DbQjVrHTtc (0)
[8004:8004:1106/061731.410358:INFO:CONSOLE(35)] "selector Label, mineExtraMetadata calls extendLabel over 101", source: chrome-extension://kbbgjcgdcibilpahljnlejefcehbljnd/app.js (35)
[8004:8004:1106/061731.421012:INFO:CONSOLE(35)] "label [object Object],[object Object] extra metadata found: 2 {"number":2}", source: chrome-extension://kbbgjcgdcibilpahljnlejefcehbljnd/app.js (35)
[8004:8004:1106/061731.432077:INFO:CONSOLE(35)] "newInfo [object Object]", source: chrome-extension://kbbgjcgdcibilpahljnlejefcehbljnd/app.js (35)
[8004:8004:1106/061731.433526:INFO:CONSOLE(36)] "changeMonitor ["label"]", source: chrome-extension://kbbgjcgdcibilpahljnlejefcehbljnd/app.js (36)
[8004:8004:1106/061732.183332:INFO:CONSOLE(35)] "newVideo [object Object]", source: chrome-extension://kbbgjcgdcibilpahljnlejefcehbljnd/app.js (35)
[8004:8004:1106/061732.199543:INFO:CONSOLE(36)] "-> 1 new href+content sent, selector ytd-app Fri Nov 06 2020 06:17:32 GMT+0100 (Central European Standard Time) size 239264 239264", source: chrome-extension://kbbgjcgdcibilpahljnlejefcehbljnd/app.js (36)
[8004:8004:1106/061735.118743:INFO:CONSOLE(35)] "channel  extra metadata found: 0 {}", source: chrome-extension://kbbgjcgdcibilpahljnlejefcehbljnd/app.js (35)
[8004:8004:1106/061735.119963:INFO:CONSOLE(35)] "newInfo [object Object]", source: chrome-extension://kbbgjcgdcibilpahljnlejefcehbljnd/app.js (35)
[8004:8004:1106/061735.125897:INFO:CONSOLE(35)] "title [object Object] extra metadata found: 1 {"innerTitle":1}", source: chrome-extension://kbbgjcgdcibilpahljnlejefcehbljnd/app.js (35)
[8004:8004:1106/061735.127204:INFO:CONSOLE(35)] "newInfo [object Object]", source: chrome-extension://kbbgjcgdcibilpahljnlejefcehbljnd/app.js (35)
[8004:8004:1106/061735.134249:INFO:CONSOLE(35)] "over ["Having A Gun On You Doesn't Keep You SafeWatch laterShareCopy linkInfoShopping"]", source: chrome-extension://kbbgjcgdcibilpahljnlejefcehbljnd/app.js (35)
[8004:8004:1106/061735.134947:INFO:CONSOLE(35)] "over  extra metadata found: 0 {}", source: chrome-extension://kbbgjcgdcibilpahljnlejefcehbljnd/app.js (35)
[8004:8004:1106/061735.136135:INFO:CONSOLE(35)] "newInfo [object Object]", source: chrome-extension://kbbgjcgdcibilpahljnlejefcehbljnd/app.js (35)
[8004:8004:1106/061735.156550:INFO:CONSOLE(35)] "selector Label, mineExtraMetadata calls extendLabel over 120", source: chrome-extension://kbbgjcgdcibilpahljnlejefcehbljnd/app.js (35)
[8004:8004:1106/061735.159551:INFO:CONSOLE(35)] "label [object Object],[object Object] extra metadata found: 2 {"number":2}", source: chrome-extension://kbbgjcgdcibilpahljnlejefcehbljnd/app.js (35)
[8004:8004:1106/061735.163525:INFO:CONSOLE(35)] "newInfo [object Object]", source: chrome-extension://kbbgjcgdcibilpahljnlejefcehbljnd/app.js (35)
[8004:8004:1106/061735.165274:INFO:CONSOLE(36)] "changeMonitor ["channel","title","over","label"]", source: chrome-extension://kbbgjcgdcibilpahljnlejefcehbljnd/app.js (36)
[8004:8004:1106/061741.137912:INFO:CONSOLE(35)] "newVideo [object Object]", source: chrome-extension://kbbgjcgdcibilpahljnlejefcehbljnd/app.js (35)
[8004:8004:1106/061741.140134:INFO:CONSOLE(36)] "-> 2 new href+content sent, selector ytd-app Fri Nov 06 2020 06:17:41 GMT+0100 (Central European Standard Time) size 253690 239264,253690", source: chrome-extension://kbbgjcgdcibilpahljnlejefcehbljnd/app.js (36)
[8004:8004:1106/061741.643976:INFO:CONSOLE(35)] "sync tot (11/11) {"info":9,"video":2} with 1 randomUUID(s) with 1 randomUUID(s)", source: chrome-extension://kbbgjcgdcibilpahljnlejefcehbljnd/app.js (35)
[8004:8004:1106/061742.167627:INFO:CONSOLE(1)] "get returns [object Object] local [object Object]", source: chrome-extension://kbbgjcgdcibilpahljnlejefcehbljnd/background.js (1)
[8004:8004:1106/061743.131273:INFO:CONSOLE(35)] "selector Label, mineExtraMetadata calls extendLabel over 120", source: chrome-extension://kbbgjcgdcibilpahljnlejefcehbljnd/app.js (35)
[8004:8004:1106/061743.133119:INFO:CONSOLE(35)] "label [object Object],[object Object] extra metadata found: 2 {"number":2}", source: chrome-extension://kbbgjcgdcibilpahljnlejefcehbljnd/app.js (35)
[8004:8004:1106/061743.133768:INFO:CONSOLE(35)] "newInfo [object Object]", source: chrome-extension://kbbgjcgdcibilpahljnlejefcehbljnd/app.js (35)
[8004:8004:1106/061743.134349:INFO:CONSOLE(36)] "changeMonitor ["label"]", source: chrome-extension://kbbgjcgdcibilpahljnlejefcehbljnd/app.js (36)
[8004:8004:1106/061743.358413:INFO:CONSOLE(35)] "syncResponse [object Object]", source: chrome-extension://kbbgjcgdcibilpahljnlejefcehbljnd/app.js (35)
[8004:8004:1106/061750.141719:INFO:CONSOLE(35)] "newVideo [object Object]", source: chrome-extension://kbbgjcgdcibilpahljnlejefcehbljnd/app.js (35)
[8004:8004:1106/061750.151046:INFO:CONSOLE(36)] "-> 3 new href+content sent, selector ytd-app Fri Nov 06 2020 06:17:50 GMT+0100 (Central European Standard Time) size 253778 239264,253690,253778", source: chrome-extension://kbbgjcgdcibilpahljnlejefcehbljnd/app.js (36)
[8004:8004:1106/061751.120015:INFO:CONSOLE(35)] "over ["Having A Gun On You Doesn't Keep You SafeWatch laterShareCopy linkInfoShoppingSuggested: Long Beach Police Respond To Robbery Suspect"]", source: chrome-extension://kbbgjcgdcibilpahljnlejefcehbljnd/app.js (35)
[8004:8004:1106/061751.125977:INFO:CONSOLE(35)] "over  extra metadata found: 0 {}", source: chrome-extension://kbbgjcgdcibilpahljnlejefcehbljnd/app.js (35)
[8004:8004:1106/061751.129389:INFO:CONSOLE(35)] "newInfo [object Object]", source: chrome-extension://kbbgjcgdcibilpahljnlejefcehbljnd/app.js (35)
[8004:8004:1106/061751.195934:INFO:CONSOLE(35)] "selector Label, mineExtraMetadata calls extendLabel over 120", source: chrome-extension://kbbgjcgdcibilpahljnlejefcehbljnd/app.js (35)
[8004:8004:1106/061751.202495:INFO:CONSOLE(35)] "label [object Object],[object Object] extra metadata found: 2 {"number":2}", source: chrome-extension://kbbgjcgdcibilpahljnlejefcehbljnd/app.js (35)
[8004:8004:1106/061751.212753:INFO:CONSOLE(35)] "newInfo [object Object]", source: chrome-extension://kbbgjcgdcibilpahljnlejefcehbljnd/app.js (35)
[8004:8004:1106/061751.214437:INFO:CONSOLE(36)] "changeMonitor ["over","label"]", source: chrome-extension://kbbgjcgdcibilpahljnlejefcehbljnd/app.js (36)
[8004:8004:1106/061759.117027:INFO:CONSOLE(35)] "over ["Having A Gun On You Doesn't Keep You SafeWatch laterShareCopy linkInfoShoppingSuggested: Long Beach Police Respond To Robbery Suspect"]", source: chrome-extension://kbbgjcgdcibilpahljnlejefcehbljnd/app.js (35)
[8004:8004:1106/061759.118035:INFO:CONSOLE(35)] "over  extra metadata found: 0 {}", source: chrome-extension://kbbgjcgdcibilpahljnlejefcehbljnd/app.js (35)
[8004:8004:1106/061759.119179:INFO:CONSOLE(35)] "newInfo [object Object]", source: chrome-extension://kbbgjcgdcibilpahljnlejefcehbljnd/app.js (35)
[8004:8004:1106/061759.135529:INFO:CONSOLE(35)] "selector Label, mineExtraMetadata calls extendLabel over 120", source: chrome-extension://kbbgjcgdcibilpahljnlejefcehbljnd/app.js (35)
[8004:8004:1106/061759.138071:INFO:CONSOLE(35)] "label [object Object],[object Object] extra metadata found: 2 {"number":2}", source: chrome-extension://kbbgjcgdcibilpahljnlejefcehbljnd/app.js (35)
[8004:8004:1106/061759.138785:INFO:CONSOLE(35)] "newInfo [object Object]", source: chrome-extension://kbbgjcgdcibilpahljnlejefcehbljnd/app.js (35)
[8004:8004:1106/061759.139161:INFO:CONSOLE(36)] "changeMonitor ["over","label"]", source: chrome-extension://kbbgjcgdcibilpahljnlejefcehbljnd/app.js (36)
[8004:8004:1106/061759.156563:INFO:CONSOLE(35)] "newVideo [object Object]", source: chrome-extension://kbbgjcgdcibilpahljnlejefcehbljnd/app.js (35)
[8004:8004:1106/061759.157612:INFO:CONSOLE(36)] "-> 4 new href+content sent, selector ytd-app Fri Nov 06 2020 06:17:59 GMT+0100 (Central European Standard Time) size 253769 239264,253690,253778,253769", source: chrome-extension://kbbgjcgdcibilpahljnlejefcehbljnd/app.js (36)
[8004:8004:1106/061801.644333:INFO:CONSOLE(35)] "sync tot (7/18) {"info":5,"video":2} with 1 randomUUID(s) with 1 randomUUID(s)", source: chrome-extension://kbbgjcgdcibilpahljnlejefcehbljnd/app.js (35)
[8004:8004:1106/061802.320147:INFO:CONSOLE(1)] "get returns [object Object] local [object Object]", source: chrome-extension://kbbgjcgdcibilpahljnlejefcehbljnd/background.js (1)
[8004:8004:1106/061804.233813:INFO:CONSOLE(35)] "syncResponse [object Object]", source: chrome-extension://kbbgjcgdcibilpahljnlejefcehbljnd/app.js (35)
[8004:8004:1106/062139.118579:INFO:CONSOLE(35)] "over ["Having A Gun On You Doesn't Keep You SafeWatch laterShareCopy linkInfoShoppingSuggested: Florida Mom Defends Against Home Invasion"]", source: chrome-extension://kbbgjcgdcibilpahljnlejefcehbljnd/app.js (35)
[8004:8004:1106/062139.121741:INFO:CONSOLE(35)] "over  extra metadata found: 0 {}", source: chrome-extension://kbbgjcgdcibilpahljnlejefcehbljnd/app.js (35)
[8004:8004:1106/062139.124141:INFO:CONSOLE(35)] "newInfo [object Object]", source: chrome-extension://kbbgjcgdcibilpahljnlejefcehbljnd/app.js (35)
[8004:8004:1106/062139.140602:INFO:CONSOLE(35)] "selector Label, mineExtraMetadata calls extendLabel over 120", source: chrome-extension://kbbgjcgdcibilpahljnlejefcehbljnd/app.js (35)
[8004:8004:1106/062139.145049:INFO:CONSOLE(35)] "label [object Object],[object Object] extra metadata found: 2 {"number":2}", source: chrome-extension://kbbgjcgdcibilpahljnlejefcehbljnd/app.js (35)
[8004:8004:1106/062139.147118:INFO:CONSOLE(35)] "newInfo [object Object]", source: chrome-extension://kbbgjcgdcibilpahljnlejefcehbljnd/app.js (35)
[8004:8004:1106/062139.148401:INFO:CONSOLE(36)] "changeMonitor ["over","label"]", source: chrome-extension://kbbgjcgdcibilpahljnlejefcehbljnd/app.js (36)
[8004:8004:1106/062141.643631:INFO:CONSOLE(35)] "sync tot (2/20) {"info":2} with 1 randomUUID(s) with 1 randomUUID(s)", source: chrome-extension://kbbgjcgdcibilpahljnlejefcehbljnd/app.js (35)
[8004:8004:1106/062141.902130:INFO:CONSOLE(1)] "get returns [object Object] local [object Object]", source: chrome-extension://kbbgjcgdcibilpahljnlejefcehbljnd/background.js (1)
[8004:8004:1106/062142.365400:INFO:CONSOLE(35)] "syncResponse [object Object]", source: chrome-extension://kbbgjcgdcibilpahljnlejefcehbljnd/app.js (35)
[8004:8004:1106/062147.116360:INFO:CONSOLE(35)] "over ["Having A Gun On You Doesn't Keep You SafeWatch laterShareCopy linkInfoShoppingSuggested: Florida Mom Defends Against Home Invasion"]", source: chrome-extension://kbbgjcgdcibilpahljnlejefcehbljnd/app.js (35)
[8004:8004:1106/062147.118965:INFO:CONSOLE(35)] "over  extra metadata found: 0 {}", source: chrome-extension://kbbgjcgdcibilpahljnlejefcehbljnd/app.js (35)
[8004:8004:1106/062147.121001:INFO:CONSOLE(35)] "newInfo [object Object]", source: chrome-extension://kbbgjcgdcibilpahljnlejefcehbljnd/app.js (35)
[8004:8004:1106/062147.135662:INFO:CONSOLE(35)] "selector Label, mineExtraMetadata calls extendLabel over 120", source: chrome-extension://kbbgjcgdcibilpahljnlejefcehbljnd/app.js (35)
[8004:8004:1106/062147.140254:INFO:CONSOLE(35)] "label [object Object],[object Object] extra metadata found: 2 {"number":2}", source: chrome-extension://kbbgjcgdcibilpahljnlejefcehbljnd/app.js (35)
[8004:8004:1106/062147.140371:INFO:CONSOLE(35)] "newInfo [object Object]", source: chrome-extension://kbbgjcgdcibilpahljnlejefcehbljnd/app.js (35)
[8004:8004:1106/062147.140433:INFO:CONSOLE(36)] "changeMonitor ["over","label"]", source: chrome-extension://kbbgjcgdcibilpahljnlejefcehbljnd/app.js (36)
[8004:8004:1106/062201.637223:INFO:CONSOLE(35)] "sync tot (2/22) {"info":2} with 1 randomUUID(s) with 1 randomUUID(s)", source: chrome-extension://kbbgjcgdcibilpahljnlejefcehbljnd/app.js (35)
[8004:8004:1106/062202.123067:INFO:CONSOLE(1)] "get returns [object Object] local [object Object]", source: chrome-extension://kbbgjcgdcibilpahljnlejefcehbljnd/background.js (1)
[8004:8004:1106/062202.854491:INFO:CONSOLE(35)] "syncResponse [object Object]", source: chrome-extension://kbbgjcgdcibilpahljnlejefcehbljnd/app.js (35)
[8004:8004:1106/062223.235148:INFO:CONSOLE(35)] "selector Label, mineExtraMetadata calls extendLabel over 120", source: chrome-extension://kbbgjcgdcibilpahljnlejefcehbljnd/app.js (35)
[8004:8004:1106/062223.238686:INFO:CONSOLE(35)] "label [object Object],[object Object] extra metadata found: 2 {"number":2}", source: chrome-extension://kbbgjcgdcibilpahljnlejefcehbljnd/app.js (35)
[8004:8004:1106/062223.241634:INFO:CONSOLE(35)] "newInfo [object Object]", source: chrome-extension://kbbgjcgdcibilpahljnlejefcehbljnd/app.js (35)
[8004:8004:1106/062223.264405:INFO:CONSOLE(36)] "changeMonitor ["label"]", source: chrome-extension://kbbgjcgdcibilpahljnlejefcehbljnd/app.js (36)
[8004:8004:1106/062235.187810:INFO:CONSOLE(35)] "selector Label, mineExtraMetadata calls extendLabel over 133", source: chrome-extension://kbbgjcgdcibilpahljnlejefcehbljnd/app.js (35)
[8004:8004:1106/062235.226950:INFO:CONSOLE(35)] "label [object Object],[object Object],[object Object] extra metadata found: 3 {"number":3}", source: chrome-extension://kbbgjcgdcibilpahljnlejefcehbljnd/app.js (35)
[8004:8004:1106/062235.257244:INFO:CONSOLE(35)] "newInfo [object Object]", source: chrome-extension://kbbgjcgdcibilpahljnlejefcehbljnd/app.js (35)
[8004:8004:1106/062235.258511:INFO:CONSOLE(36)] "changeMonitor ["label"]", source: chrome-extension://kbbgjcgdcibilpahljnlejefcehbljnd/app.js (36)
[8004:8004:1106/062241.636573:INFO:CONSOLE(35)] "sync tot (2/24) {"info":2} with 1 randomUUID(s) with 1 randomUUID(s)", source: chrome-extension://kbbgjcgdcibilpahljnlejefcehbljnd/app.js (35)
[8004:8004:1106/062241.824139:INFO:CONSOLE(1)] "get returns [object Object] local [object Object]", source: chrome-extension://kbbgjcgdcibilpahljnlejefcehbljnd/background.js (1)
[8004:8004:1106/062242.565019:INFO:CONSOLE(35)] "syncResponse [object Object]", source: chrome-extension://kbbgjcgdcibilpahljnlejefcehbljnd/app.js (35)
[8004:8004:1106/062243.132665:INFO:CONSOLE(35)] "over ["Having A Gun On You Doesn't Keep You SafeWatch laterShareCopy linkInfoShoppingSuggested: Florida Mom Defends Against Home Invasion"]", source: chrome-extension://kbbgjcgdcibilpahljnlejefcehbljnd/app.js (35)
[8004:8004:1106/062243.133832:INFO:CONSOLE(35)] "over  extra metadata found: 0 {}", source: chrome-extension://kbbgjcgdcibilpahljnlejefcehbljnd/app.js (35)
[8004:8004:1106/062243.137547:INFO:CONSOLE(35)] "newInfo [object Object]", source: chrome-extension://kbbgjcgdcibilpahljnlejefcehbljnd/app.js (35)
[8004:8004:1106/062243.174754:INFO:CONSOLE(35)] "selector Label, mineExtraMetadata calls extendLabel over 132", source: chrome-extension://kbbgjcgdcibilpahljnlejefcehbljnd/app.js (35)
[8004:8004:1106/062243.178183:INFO:CONSOLE(35)] "label [object Object],[object Object],[object Object] extra metadata found: 3 {"number":3}", source: chrome-extension://kbbgjcgdcibilpahljnlejefcehbljnd/app.js (35)
[8004:8004:1106/062243.179235:INFO:CONSOLE(35)] "newInfo [object Object]", source: chrome-extension://kbbgjcgdcibilpahljnlejefcehbljnd/app.js (35)
[8004:8004:1106/062243.179741:INFO:CONSOLE(36)] "changeMonitor ["over","label"]", source: chrome-extension://kbbgjcgdcibilpahljnlejefcehbljnd/app.js (36)
[8004:8004:1106/062243.260020:INFO:CONSOLE(35)] "sync tot (2/26) {"info":2} with 1 randomUUID(s) with 1 randomUUID(s)", source: chrome-extension://kbbgjcgdcibilpahljnlejefcehbljnd/app.js (35)
[8004:8004:1106/062243.273003:INFO:CONSOLE(1)] "get returns [object Object] local [object Object]", source: chrome-extension://kbbgjcgdcibilpahljnlejefcehbljnd/background.js (1)
[8004:8004:1106/062243.281724:INFO:CONSOLE(35)] "windowUnload undefined", source: chrome-extension://kbbgjcgdcibilpahljnlejefcehbljnd/app.js (35)
[9486:12832:1106/062243.499087:WARNING:sync_reader.cc(171)] ASR: No room in socket buffer.: Broken pipe (32)
[8004:8004:1106/062249.270508:INFO:CONSOLE(8567)] "observer method `collapsedChange_` not defined", source: https://www.youtube.com/s/desktop/62ddf1de/jsbin/desktop_polymer_inlined_html_polymer_flags.vflset/desktop_polymer_inlined_html_polymer_flags.js (8567)
[8004:8004:1106/062250.377769:INFO:CONSOLE(1)] "get returns [object Object] /settings undefined", source: chrome-extension://kbbgjcgdcibilpahljnlejefcehbljnd/background.js (1)
[8004:8004:1106/062250.602676:INFO:CONSOLE(36)] "yttrex version 1.4.2", source: chrome-extension://kbbgjcgdcibilpahljnlejefcehbljnd/app.js (36)
[8004:8004:1106/062250.603003:INFO:CONSOLE(36)] "[object Object]", source: chrome-extension://kbbgjcgdcibilpahljnlejefcehbljnd/app.js (36)
[8004:8004:1106/062250.607762:INFO:CONSOLE(1)] "get returns [object Object] local [object Object]", source: chrome-extension://kbbgjcgdcibilpahljnlejefcehbljnd/background.js (1)
[8004:8004:1106/062250.608339:INFO:CONSOLE(27)] "sending back from userLookup local [object Object]", source: chrome-extension://kbbgjcgdcibilpahljnlejefcehbljnd/background.js (27)
[8004:8004:1106/062250.650757:INFO:CONSOLE(36)] "app.js gets [object Object] from localLookup", source: chrome-extension://kbbgjcgdcibilpahljnlejefcehbljnd/app.js (36)
[8004:8004:1106/062254.131005:INFO:CONSOLE(0)] "The resource https://r4---sn-45nufxc-hm2l.googlevideo.com/generate_204?conn2 was preloaded using link preload but not used within a few seconds from the window's load event. Please make sure it has an appropriate `as` value and it is preloaded intentionally.", source: https://www.youtube.com/watch?v=Zte2eWqCDCI (0)
[8004:8004:1106/062254.145014:INFO:CONSOLE(0)] "The resource https://i.ytimg.com/generate_204 was preloaded using link preload but not used within a few seconds from the window's load event. Please make sure it has an appropriate `as` value and it is preloaded intentionally.", source: https://www.youtube.com/watch?v=Zte2eWqCDCI (0)
[8004:8004:1106/062254.145401:INFO:CONSOLE(0)] "The resource https://r4---sn-45nufxc-hm2l.googlevideo.com/generate_204 was preloaded using link preload but not used within a few seconds from the window's load event. Please make sure it has an appropriate `as` value and it is preloaded intentionally.", source: https://www.youtube.com/watch?v=Zte2eWqCDCI (0)
[8004:8004:1106/062254.663525:INFO:CONSOLE(35)] "banner  extra metadata found: 0 {}", source: chrome-extension://kbbgjcgdcibilpahljnlejefcehbljnd/app.js (35)
[8004:8004:1106/062254.665334:INFO:CONSOLE(35)] "newInfo [object Object]", source: chrome-extension://kbbgjcgdcibilpahljnlejefcehbljnd/app.js (35)
[8004:8004:1106/062254.670745:INFO:CONSOLE(35)] "channel  extra metadata found: 0 {}", source: chrome-extension://kbbgjcgdcibilpahljnlejefcehbljnd/app.js (35)
[8004:8004:1106/062254.671636:INFO:CONSOLE(35)] "newInfo [object Object]", source: chrome-extension://kbbgjcgdcibilpahljnlejefcehbljnd/app.js (35)
[8004:8004:1106/062254.674601:INFO:CONSOLE(35)] "title [object Object] extra metadata found: 1 {"innerTitle":1}", source: chrome-extension://kbbgjcgdcibilpahljnlejefcehbljnd/app.js (35)
[8004:8004:1106/062254.677302:INFO:CONSOLE(35)] "newInfo [object Object]", source: chrome-extension://kbbgjcgdcibilpahljnlejefcehbljnd/app.js (35)
[8004:8004:1106/062254.679424:INFO:CONSOLE(35)] "over ["BLM Leftists Are FURIOUS At Latinos Who Overwhelmingly REJECTED Socialism And Voted TrumpWatch laterShareCopy linkInfoShopping"]", source: chrome-extension://kbbgjcgdcibilpahljnlejefcehbljnd/app.js (35)
[8004:8004:1106/062254.679896:INFO:CONSOLE(35)] "over  extra metadata found: 0 {}", source: chrome-extension://kbbgjcgdcibilpahljnlejefcehbljnd/app.js (35)
[8004:8004:1106/062254.681071:INFO:CONSOLE(35)] "newInfo [object Object]", source: chrome-extension://kbbgjcgdcibilpahljnlejefcehbljnd/app.js (35)
[8004:8004:1106/062254.711040:INFO:CONSOLE(35)] "selector Label, mineExtraMetadata calls extendLabel over 123", source: chrome-extension://kbbgjcgdcibilpahljnlejefcehbljnd/app.js (35)
[8004:8004:1106/062254.717147:INFO:CONSOLE(35)] "label [object Object],[object Object],[object Object],[object Object],[object Object],[object Object] extra metadata found: 6 {"number":6}", source: chrome-extension://kbbgjcgdcibilpahljnlejefcehbljnd/app.js (35)
[8004:8004:1106/062254.724476:INFO:CONSOLE(35)] "newInfo [object Object]", source: chrome-extension://kbbgjcgdcibilpahljnlejefcehbljnd/app.js (35)
[8004:8004:1106/062254.726239:INFO:CONSOLE(36)] "changeMonitor ["banner","channel","title","over","label"]", source: chrome-extension://kbbgjcgdcibilpahljnlejefcehbljnd/app.js (36)
[8004:8004:1106/062258.657193:INFO:CONSOLE(35)] "banner  extra metadata found: 0 {}", source: chrome-extension://kbbgjcgdcibilpahljnlejefcehbljnd/app.js (35)
[8004:8004:1106/062258.657389:INFO:CONSOLE(35)] "newInfo [object Object]", source: chrome-extension://kbbgjcgdcibilpahljnlejefcehbljnd/app.js (35)
[8004:8004:1106/062258.719730:INFO:CONSOLE(35)] "selector Label, mineExtraMetadata calls extendLabel over 131", source: chrome-extension://kbbgjcgdcibilpahljnlejefcehbljnd/app.js (35)
[8004:8004:1106/062258.720975:INFO:CONSOLE(35)] "label [object Object],[object Object],[object Object],[object Object],[object Object],[object Object] extra metadata found: 6 {"number":6}", source: chrome-extension://kbbgjcgdcibilpahljnlejefcehbljnd/app.js (35)
[8004:8004:1106/062258.721719:INFO:CONSOLE(35)] "newInfo [object Object]", source: chrome-extension://kbbgjcgdcibilpahljnlejefcehbljnd/app.js (35)
[8004:8004:1106/062258.722081:INFO:CONSOLE(36)] "changeMonitor ["banner","label"]", source: chrome-extension://kbbgjcgdcibilpahljnlejefcehbljnd/app.js (36)
[8004:8004:1106/062259.661961:INFO:CONSOLE(35)] "newVideo [object Object]", source: chrome-extension://kbbgjcgdcibilpahljnlejefcehbljnd/app.js (35)
[8004:8004:1106/062259.663132:INFO:CONSOLE(36)] "-> 1 new href+content sent, selector ytd-app Fri Nov 06 2020 06:22:59 GMT+0100 (Central European Standard Time) size 285437 285437", source: chrome-extension://kbbgjcgdcibilpahljnlejefcehbljnd/app.js (36)
[8004:8004:1106/062300.893192:INFO:CONSOLE(35)] "sync tot (8/8) {"info":7,"video":1} with 1 randomUUID(s) with 1 randomUUID(s)", source: chrome-extension://kbbgjcgdcibilpahljnlejefcehbljnd/app.js (35)
[8004:8004:1106/062300.900720:INFO:CONSOLE(35)] "windowUnload undefined", source: chrome-extension://kbbgjcgdcibilpahljnlejefcehbljnd/app.js (35)
[8004:8004:1106/062301.220141:WARNING:pref_notifier_impl.cc(40)] Pref observer for media_router.cast_allow_all_ips found at shutdown.
