[7981:7981:1106/055507.175517:INFO:CONSOLE(8567)] "observer method `collapsedChange_` not defined", source: https://www.youtube.com/s/desktop/62ddf1de/jsbin/desktop_polymer_inlined_html_polymer_flags.vflset/desktop_polymer_inlined_html_polymer_flags.js (8567)
[7981:7981:1106/055511.368961:INFO:CONSOLE(0)] "The resource https://r2---sn-45nufxc-hm2l.googlevideo.com/generate_204?conn2 was preloaded using link preload but not used within a few seconds from the window's load event. Please make sure it has an appropriate `as` value and it is preloaded intentionally.", source: https://www.youtube.com/watch?v=EcL6-a62Q9w (0)
[7981:7981:1106/055511.372332:INFO:CONSOLE(0)] "The resource https://i.ytimg.com/generate_204 was preloaded using link preload but not used within a few seconds from the window's load event. Please make sure it has an appropriate `as` value and it is preloaded intentionally.", source: https://www.youtube.com/watch?v=EcL6-a62Q9w (0)
[7981:7981:1106/055511.376002:INFO:CONSOLE(0)] "The resource https://r2---sn-45nufxc-hm2l.googlevideo.com/generate_204 was preloaded using link preload but not used within a few seconds from the window's load event. Please make sure it has an appropriate `as` value and it is preloaded intentionally.", source: https://www.youtube.com/watch?v=EcL6-a62Q9w (0)
[9440:10065:1106/055826.355053:WARNING:sync_reader.cc(171)] ASR: No room in socket buffer.: Broken pipe (32)
[7981:7981:1106/055841.091973:INFO:CONSOLE(8567)] "observer method `collapsedChange_` not defined", source: https://www.youtube.com/s/desktop/62ddf1de/jsbin/desktop_polymer_inlined_html_polymer_flags.vflset/desktop_polymer_inlined_html_polymer_flags.js (8567)
[7981:7981:1106/055851.057277:INFO:CONSOLE(0)] "The resource https://r8---sn-45nufxc-4jve.googlevideo.com/generate_204?conn2 was preloaded using link preload but not used within a few seconds from the window's load event. Please make sure it has an appropriate `as` value and it is preloaded intentionally.", source: https://www.youtube.com/watch?v=hJKVuFgZ_JI (0)
[7981:7981:1106/055851.060728:INFO:CONSOLE(0)] "The resource https://r8---sn-45nufxc-4jve.googlevideo.com/generate_204 was preloaded using link preload but not used within a few seconds from the window's load event. Please make sure it has an appropriate `as` value and it is preloaded intentionally.", source: https://www.youtube.com/watch?v=hJKVuFgZ_JI (0)
[7981:7981:1106/055851.062761:INFO:CONSOLE(0)] "The resource https://i.ytimg.com/generate_204 was preloaded using link preload but not used within a few seconds from the window's load event. Please make sure it has an appropriate `as` value and it is preloaded intentionally.", source: https://www.youtube.com/watch?v=hJKVuFgZ_JI (0)
[7981:7981:1106/060039.739406:INFO:CONSOLE(0)] "[DOM] Input elements should have autocomplete attributes (suggested: "current-password"): (More info: https://goo.gl/9p2vKq) %o", source: https://www.gaia.com/lp/beyond-belief?utm_source=youtube+paid&utm_medium=cpv&utm_campaign=st-beyondbelief&utm_content=bb-s14&utm_term=&ch=st&gclid=EAIaIQobChMIk67FgJHt7AIVWca7CB09aApYEAEYASAAEgIv3fD_BwE (0)
[7981:7981:1106/060040.990520:INFO:CONSOLE(1)] "VIDEOJS: WARN: Calling addRemoteTextTrack without explicitly setting the "manualCleanup" parameter to `true` is deprecated and default to `false` in future version of video.js", source: https://players.brightcove.net/1263232739001/B1lW9lqUw_default/index.min.js (1)
[9440:12931:1106/061618.864217:WARNING:sync_reader.cc(171)] ASR: No room in socket buffer.: Broken pipe (32)
[7981:7981:1106/061926.553609:INFO:CONSOLE(8567)] "observer method `collapsedChange_` not defined", source: https://www.youtube.com/s/desktop/62ddf1de/jsbin/desktop_polymer_inlined_html_polymer_flags.vflset/desktop_polymer_inlined_html_polymer_flags.js (8567)
[7981:7981:1106/061928.803035:INFO:CONSOLE(0)] "The resource https://r2---sn-45nufxc-hm2l.googlevideo.com/generate_204?conn2 was preloaded using link preload but not used within a few seconds from the window's load event. Please make sure it has an appropriate `as` value and it is preloaded intentionally.", source: https://www.youtube.com/watch?v=7UJigExTtYc (0)
[7981:7981:1106/061928.803158:INFO:CONSOLE(0)] "The resource https://i.ytimg.com/generate_204 was preloaded using link preload but not used within a few seconds from the window's load event. Please make sure it has an appropriate `as` value and it is preloaded intentionally.", source: https://www.youtube.com/watch?v=7UJigExTtYc (0)
[7981:7981:1106/061928.803215:INFO:CONSOLE(0)] "The resource https://r2---sn-45nufxc-hm2l.googlevideo.com/generate_204 was preloaded using link preload but not used within a few seconds from the window's load event. Please make sure it has an appropriate `as` value and it is preloaded intentionally.", source: https://www.youtube.com/watch?v=7UJigExTtYc (0)
[7981:7981:1106/062216.963864:INFO:CONSOLE(1)] "VIDEOJS: WARN: A plugin named "reloadSourceOnError" already exists. You may want to avoid re-registering plugins!", source: https://players.brightcove.net/1263232739001/B1lW9lqUw_default/index.min.js (1)
[7981:7981:1106/062218.693483:INFO:CONSOLE(0)] "[DOM] Input elements should have autocomplete attributes (suggested: "current-password"): (More info: https://goo.gl/9p2vKq) %o", source: https://www.gaia.com/lp/initiation?utm_source=youtube+paid&utm_medium=cpv&utm_campaign=st-initiation&utm_content=season1-trailer&utm_term=&ch=st&gclid=EAIaIQobChMIw5rF1pXt7AIVkOi7CB2TkwcqEAEYASAAEgI09PD_BwE (0)
[7981:7981:1106/062218.979858:INFO:CONSOLE(1)] "VIDEOJS: WARN: Calling addRemoteTextTrack without explicitly setting the "manualCleanup" parameter to `true` is deprecated and default to `false` in future version of video.js", source: https://players.brightcove.net/1263232739001/B1lW9lqUw_default/index.min.js (1)
[7981:7981:1106/062219.864132:INFO:CONSOLE(1)] "VIDEOJS: WARN: Calling addRemoteTextTrack without explicitly setting the "manualCleanup" parameter to `true` is deprecated and default to `false` in future version of video.js", source: https://players.brightcove.net/1263232739001/B1lW9lqUw_default/index.min.js (1)
[7981:7981:1106/062250.095522:WARNING:pref_notifier_impl.cc(40)] Pref observer for media_router.cast_allow_all_ips found at shutdown.
