[27523:27523:1106/050128.068669:INFO:CONSOLE(1)] "get returns [object Object] /settings undefined", source: chrome-extension://kbbgjcgdcibilpahljnlejefcehbljnd/background.js (1)
[27523:27523:1106/050128.119875:INFO:CONSOLE(36)] "yttrex version 1.4.2", source: chrome-extension://kbbgjcgdcibilpahljnlejefcehbljnd/app.js (36)
[27523:27523:1106/050128.119986:INFO:CONSOLE(36)] "[object Object]", source: chrome-extension://kbbgjcgdcibilpahljnlejefcehbljnd/app.js (36)
[27523:27523:1106/050128.133189:INFO:CONSOLE(1)] "get returns [object Object] local [object Object]", source: chrome-extension://kbbgjcgdcibilpahljnlejefcehbljnd/background.js (1)
[27523:27523:1106/050128.133252:INFO:CONSOLE(27)] "sending back from userLookup local [object Object]", source: chrome-extension://kbbgjcgdcibilpahljnlejefcehbljnd/background.js (27)
[27523:27523:1106/050128.185067:INFO:CONSOLE(36)] "app.js gets [object Object] from localLookup", source: chrome-extension://kbbgjcgdcibilpahljnlejefcehbljnd/app.js (36)
[27523:27523:1106/050130.992412:INFO:CONSOLE(0)] "The resource https://i.ytimg.com/generate_204 was preloaded using link preload but not used within a few seconds from the window's load event. Please make sure it has an appropriate `as` value and it is preloaded intentionally.", source: https://www.youtube.com/ (0)
[27523:27523:1106/050132.201206:INFO:CONSOLE(35)] "channel  extra metadata found: 0 {}", source: chrome-extension://kbbgjcgdcibilpahljnlejefcehbljnd/app.js (35)
[27523:27523:1106/050132.208577:INFO:CONSOLE(35)] "newInfo [object Object]", source: chrome-extension://kbbgjcgdcibilpahljnlejefcehbljnd/app.js (35)
[27523:27523:1106/050132.216277:INFO:CONSOLE(35)] "title [object Object] extra metadata found: 1 {"innerTitle":1}", source: chrome-extension://kbbgjcgdcibilpahljnlejefcehbljnd/app.js (35)
[27523:27523:1106/050132.218771:INFO:CONSOLE(35)] "newInfo [object Object]", source: chrome-extension://kbbgjcgdcibilpahljnlejefcehbljnd/app.js (35)
[27523:27523:1106/050132.222728:INFO:CONSOLE(35)] "over ["InfoShopping"]", source: chrome-extension://kbbgjcgdcibilpahljnlejefcehbljnd/app.js (35)
[27523:27523:1106/050132.223299:INFO:CONSOLE(35)] "over  extra metadata found: 0 {}", source: chrome-extension://kbbgjcgdcibilpahljnlejefcehbljnd/app.js (35)
[27523:27523:1106/050132.224091:INFO:CONSOLE(35)] "newInfo [object Object]", source: chrome-extension://kbbgjcgdcibilpahljnlejefcehbljnd/app.js (35)
[27523:27523:1106/050132.249651:INFO:CONSOLE(35)] "selector Label, mineExtraMetadata calls extendLabel over 203", source: chrome-extension://kbbgjcgdcibilpahljnlejefcehbljnd/app.js (35)
[27523:27523:1106/050132.253367:INFO:CONSOLE(35)] "label  extra metadata found: 0 {}", source: chrome-extension://kbbgjcgdcibilpahljnlejefcehbljnd/app.js (35)
[27523:27523:1106/050132.254179:INFO:CONSOLE(35)] "newInfo [object Object]", source: chrome-extension://kbbgjcgdcibilpahljnlejefcehbljnd/app.js (35)
[27523:27523:1106/050132.254759:INFO:CONSOLE(36)] "changeMonitor ["channel","title","over","label"]", source: chrome-extension://kbbgjcgdcibilpahljnlejefcehbljnd/app.js (36)
[27523:27523:1106/050137.222202:INFO:CONSOLE(35)] "newVideo [object Object]", source: chrome-extension://kbbgjcgdcibilpahljnlejefcehbljnd/app.js (35)
[27523:27523:1106/050137.223533:INFO:CONSOLE(36)] "-> 1 new href+content sent, selector ytd-app Fri Nov 06 2020 05:01:37 GMT+0100 (Central European Standard Time) size 397718 397718", source: chrome-extension://kbbgjcgdcibilpahljnlejefcehbljnd/app.js (36)
[27523:27523:1106/050140.193981:INFO:CONSOLE(35)] "channel  extra metadata found: 0 {}", source: chrome-extension://kbbgjcgdcibilpahljnlejefcehbljnd/app.js (35)
[27523:27523:1106/050140.195994:INFO:CONSOLE(35)] "newInfo [object Object]", source: chrome-extension://kbbgjcgdcibilpahljnlejefcehbljnd/app.js (35)
[27523:27523:1106/050140.199383:INFO:CONSOLE(35)] "title [object Object] extra metadata found: 1 {"innerTitle":1}", source: chrome-extension://kbbgjcgdcibilpahljnlejefcehbljnd/app.js (35)
[27523:27523:1106/050140.202306:INFO:CONSOLE(35)] "newInfo [object Object]", source: chrome-extension://kbbgjcgdcibilpahljnlejefcehbljnd/app.js (35)
[27523:27523:1106/050140.205877:INFO:CONSOLE(35)] "over ["InfoShopping"]", source: chrome-extension://kbbgjcgdcibilpahljnlejefcehbljnd/app.js (35)
[27523:27523:1106/050140.206701:INFO:CONSOLE(35)] "over  extra metadata found: 0 {}", source: chrome-extension://kbbgjcgdcibilpahljnlejefcehbljnd/app.js (35)
[27523:27523:1106/050140.207942:INFO:CONSOLE(35)] "newInfo [object Object]", source: chrome-extension://kbbgjcgdcibilpahljnlejefcehbljnd/app.js (35)
[27523:27523:1106/050140.221912:INFO:CONSOLE(35)] "selector Label, mineExtraMetadata calls extendLabel over 203", source: chrome-extension://kbbgjcgdcibilpahljnlejefcehbljnd/app.js (35)
[27523:27523:1106/050140.223671:INFO:CONSOLE(35)] "label  extra metadata found: 0 {}", source: chrome-extension://kbbgjcgdcibilpahljnlejefcehbljnd/app.js (35)
[27523:27523:1106/050140.224339:INFO:CONSOLE(35)] "newInfo [object Object]", source: chrome-extension://kbbgjcgdcibilpahljnlejefcehbljnd/app.js (35)
[27523:27523:1106/050140.224858:INFO:CONSOLE(36)] "changeMonitor ["channel","title","over","label"]", source: chrome-extension://kbbgjcgdcibilpahljnlejefcehbljnd/app.js (36)
[27523:27523:1106/050141.300005:INFO:CONSOLE(35)] "sync tot (9/9) {"info":8,"video":1} with 1 randomUUID(s) with 1 randomUUID(s)", source: chrome-extension://kbbgjcgdcibilpahljnlejefcehbljnd/app.js (35)
[27523:27523:1106/050141.310747:INFO:CONSOLE(35)] "windowUnload undefined", source: chrome-extension://kbbgjcgdcibilpahljnlejefcehbljnd/app.js (35)
[27587:27604:1106/050141.333044:WARNING:spdy_session.cc(3384)] Received HEADERS for invalid stream 11
[27523:27523:1106/050141.607729:WARNING:pref_notifier_impl.cc(40)] Pref observer for media_router.cast_allow_all_ips found at shutdown.
