[7982:7982:1106/055502.997116:INFO:CONSOLE(8567)] "observer method `collapsedChange_` not defined", source: https://www.youtube.com/s/desktop/62ddf1de/jsbin/desktop_polymer_inlined_html_polymer_flags.vflset/desktop_polymer_inlined_html_polymer_flags.js (8567)
[7982:7982:1106/055505.210964:INFO:CONSOLE(1)] "get returns [object Object] /settings undefined", source: chrome-extension://kbbgjcgdcibilpahljnlejefcehbljnd/background.js (1)
[7982:7982:1106/055505.712283:INFO:CONSOLE(36)] "yttrex version 1.4.2", source: chrome-extension://kbbgjcgdcibilpahljnlejefcehbljnd/app.js (36)
[7982:7982:1106/055505.712932:INFO:CONSOLE(36)] "[object Object]", source: chrome-extension://kbbgjcgdcibilpahljnlejefcehbljnd/app.js (36)
[7982:7982:1106/055505.721758:INFO:CONSOLE(1)] "get returns [object Object] local [object Object]", source: chrome-extension://kbbgjcgdcibilpahljnlejefcehbljnd/background.js (1)
[7982:7982:1106/055505.722172:INFO:CONSOLE(27)] "sending back from userLookup local [object Object]", source: chrome-extension://kbbgjcgdcibilpahljnlejefcehbljnd/background.js (27)
[7982:7982:1106/055505.928133:INFO:CONSOLE(36)] "app.js gets [object Object] from localLookup", source: chrome-extension://kbbgjcgdcibilpahljnlejefcehbljnd/app.js (36)
[7982:7982:1106/055510.160213:INFO:CONSOLE(35)] "channel  extra metadata found: 0 {}", source: chrome-extension://kbbgjcgdcibilpahljnlejefcehbljnd/app.js (35)
[7982:7982:1106/055510.173616:INFO:CONSOLE(35)] "newInfo [object Object]", source: chrome-extension://kbbgjcgdcibilpahljnlejefcehbljnd/app.js (35)
[7982:7982:1106/055510.187646:INFO:CONSOLE(35)] "title [object Object] extra metadata found: 1 {"innerTitle":1}", source: chrome-extension://kbbgjcgdcibilpahljnlejefcehbljnd/app.js (35)
[7982:7982:1106/055510.194913:INFO:CONSOLE(35)] "newInfo [object Object]", source: chrome-extension://kbbgjcgdcibilpahljnlejefcehbljnd/app.js (35)
[7982:7982:1106/055510.212729:INFO:CONSOLE(35)] "over ["Joe Biden Speaks LIVE about the 2020 Election | Joe Biden For President 2020Watch laterShareCopy linkInfoShopping"]", source: chrome-extension://kbbgjcgdcibilpahljnlejefcehbljnd/app.js (35)
[7982:7982:1106/055510.219903:INFO:CONSOLE(35)] "over  extra metadata found: 0 {}", source: chrome-extension://kbbgjcgdcibilpahljnlejefcehbljnd/app.js (35)
[7982:7982:1106/055510.228795:INFO:CONSOLE(35)] "newInfo [object Object]", source: chrome-extension://kbbgjcgdcibilpahljnlejefcehbljnd/app.js (35)
[7982:7982:1106/055510.328380:INFO:CONSOLE(35)] "selector Label, mineExtraMetadata calls extendLabel over 100", source: chrome-extension://kbbgjcgdcibilpahljnlejefcehbljnd/app.js (35)
[7982:7982:1106/055510.335737:INFO:CONSOLE(35)] "label [object Object],[object Object] extra metadata found: 2 {"number":2}", source: chrome-extension://kbbgjcgdcibilpahljnlejefcehbljnd/app.js (35)
[7982:7982:1106/055510.348899:INFO:CONSOLE(35)] "newInfo [object Object]", source: chrome-extension://kbbgjcgdcibilpahljnlejefcehbljnd/app.js (35)
[7982:7982:1106/055510.349960:INFO:CONSOLE(36)] "changeMonitor ["channel","title","over","label"]", source: chrome-extension://kbbgjcgdcibilpahljnlejefcehbljnd/app.js (36)
[7982:7982:1106/055512.183633:INFO:CONSOLE(0)] "The resource https://r7---sn-45nufxc-4jve.googlevideo.com/generate_204?conn2 was preloaded using link preload but not used within a few seconds from the window's load event. Please make sure it has an appropriate `as` value and it is preloaded intentionally.", source: https://www.youtube.com/watch?v=a49j90calso (0)
[7982:7982:1106/055512.184021:INFO:CONSOLE(0)] "The resource https://i.ytimg.com/generate_204 was preloaded using link preload but not used within a few seconds from the window's load event. Please make sure it has an appropriate `as` value and it is preloaded intentionally.", source: https://www.youtube.com/watch?v=a49j90calso (0)
[7982:7982:1106/055512.184142:INFO:CONSOLE(0)] "The resource https://r7---sn-45nufxc-4jve.googlevideo.com/generate_204 was preloaded using link preload but not used within a few seconds from the window's load event. Please make sure it has an appropriate `as` value and it is preloaded intentionally.", source: https://www.youtube.com/watch?v=a49j90calso (0)
[7982:7982:1106/055513.992314:INFO:CONSOLE(35)] "over ["Joe Biden Speaks LIVE about the 2020 Election | Joe Biden For President 2020Watch laterShareCopy linkInfoShopping"]", source: chrome-extension://kbbgjcgdcibilpahljnlejefcehbljnd/app.js (35)
[7982:7982:1106/055514.005833:INFO:CONSOLE(35)] "over  extra metadata found: 0 {}", source: chrome-extension://kbbgjcgdcibilpahljnlejefcehbljnd/app.js (35)
[7982:7982:1106/055514.008612:INFO:CONSOLE(35)] "newInfo [object Object]", source: chrome-extension://kbbgjcgdcibilpahljnlejefcehbljnd/app.js (35)
[7982:7982:1106/055514.060160:INFO:CONSOLE(35)] "selector Label, mineExtraMetadata calls extendLabel over 100", source: chrome-extension://kbbgjcgdcibilpahljnlejefcehbljnd/app.js (35)
[7982:7982:1106/055514.065685:INFO:CONSOLE(35)] "label [object Object],[object Object] extra metadata found: 2 {"number":2}", source: chrome-extension://kbbgjcgdcibilpahljnlejefcehbljnd/app.js (35)
[7982:7982:1106/055514.067569:INFO:CONSOLE(35)] "newInfo [object Object]", source: chrome-extension://kbbgjcgdcibilpahljnlejefcehbljnd/app.js (35)
[7982:7982:1106/055514.070964:INFO:CONSOLE(36)] "changeMonitor ["over","label"]", source: chrome-extension://kbbgjcgdcibilpahljnlejefcehbljnd/app.js (36)
[7982:7982:1106/055515.063543:INFO:CONSOLE(35)] "newVideo [object Object]", source: chrome-extension://kbbgjcgdcibilpahljnlejefcehbljnd/app.js (35)
[7982:7982:1106/055515.096841:INFO:CONSOLE(36)] "-> 1 new href+content sent, selector ytd-app Fri Nov 06 2020 05:55:15 GMT+0100 (Central European Standard Time) size 228727 228727", source: chrome-extension://kbbgjcgdcibilpahljnlejefcehbljnd/app.js (36)
[7982:7982:1106/055518.922441:INFO:CONSOLE(35)] "channel  extra metadata found: 0 {}", source: chrome-extension://kbbgjcgdcibilpahljnlejefcehbljnd/app.js (35)
[7982:7982:1106/055518.927295:INFO:CONSOLE(35)] "newInfo [object Object]", source: chrome-extension://kbbgjcgdcibilpahljnlejefcehbljnd/app.js (35)
[7982:7982:1106/055518.943400:INFO:CONSOLE(35)] "title [object Object] extra metadata found: 1 {"innerTitle":1}", source: chrome-extension://kbbgjcgdcibilpahljnlejefcehbljnd/app.js (35)
[7982:7982:1106/055518.948004:INFO:CONSOLE(35)] "newInfo [object Object]", source: chrome-extension://kbbgjcgdcibilpahljnlejefcehbljnd/app.js (35)
[7982:7982:1106/055518.958589:INFO:CONSOLE(35)] "over ["Joe Biden Speaks LIVE about the 2020 Election | Joe Biden For President 2020Watch laterShareCopy linkInfoShopping"]", source: chrome-extension://kbbgjcgdcibilpahljnlejefcehbljnd/app.js (35)
[7982:7982:1106/055518.973588:INFO:CONSOLE(35)] "over  extra metadata found: 0 {}", source: chrome-extension://kbbgjcgdcibilpahljnlejefcehbljnd/app.js (35)
[7982:7982:1106/055518.986596:INFO:CONSOLE(35)] "newInfo [object Object]", source: chrome-extension://kbbgjcgdcibilpahljnlejefcehbljnd/app.js (35)
[7982:7982:1106/055519.060867:INFO:CONSOLE(35)] "selector Label, mineExtraMetadata calls extendLabel over 101", source: chrome-extension://kbbgjcgdcibilpahljnlejefcehbljnd/app.js (35)
[7982:7982:1106/055519.073261:INFO:CONSOLE(35)] "label [object Object],[object Object] extra metadata found: 2 {"number":2}", source: chrome-extension://kbbgjcgdcibilpahljnlejefcehbljnd/app.js (35)
[7982:7982:1106/055519.096994:INFO:CONSOLE(35)] "newInfo [object Object]", source: chrome-extension://kbbgjcgdcibilpahljnlejefcehbljnd/app.js (35)
[7982:7982:1106/055519.098419:INFO:CONSOLE(36)] "changeMonitor ["channel","title","over","label"]", source: chrome-extension://kbbgjcgdcibilpahljnlejefcehbljnd/app.js (36)
[7982:7982:1106/055522.230460:INFO:CONSOLE(35)] "selector Label, mineExtraMetadata calls extendLabel over 106", source: chrome-extension://kbbgjcgdcibilpahljnlejefcehbljnd/app.js (35)
[7982:7982:1106/055522.232934:INFO:CONSOLE(35)] "label [object Object],[object Object] extra metadata found: 2 {"number":2}", source: chrome-extension://kbbgjcgdcibilpahljnlejefcehbljnd/app.js (35)
[7982:7982:1106/055522.265065:INFO:CONSOLE(35)] "newInfo [object Object]", source: chrome-extension://kbbgjcgdcibilpahljnlejefcehbljnd/app.js (35)
[7982:7982:1106/055522.287229:INFO:CONSOLE(36)] "changeMonitor ["label"]", source: chrome-extension://kbbgjcgdcibilpahljnlejefcehbljnd/app.js (36)
[7982:7982:1106/055524.112051:INFO:CONSOLE(35)] "newVideo [object Object]", source: chrome-extension://kbbgjcgdcibilpahljnlejefcehbljnd/app.js (35)
[7982:7982:1106/055524.150480:INFO:CONSOLE(36)] "-> 2 new href+content sent, selector ytd-app Fri Nov 06 2020 05:55:24 GMT+0100 (Central European Standard Time) size 239075 228727,239075", source: chrome-extension://kbbgjcgdcibilpahljnlejefcehbljnd/app.js (36)
[7982:7982:1106/055525.738287:INFO:CONSOLE(35)] "sync tot (13/13) {"info":11,"video":2} with 1 randomUUID(s) with 1 randomUUID(s)", source: chrome-extension://kbbgjcgdcibilpahljnlejefcehbljnd/app.js (35)
[7982:7982:1106/055526.296705:INFO:CONSOLE(35)] "selector Label, mineExtraMetadata calls extendLabel over 109", source: chrome-extension://kbbgjcgdcibilpahljnlejefcehbljnd/app.js (35)
[7982:7982:1106/055526.298646:INFO:CONSOLE(35)] "label [object Object],[object Object] extra metadata found: 2 {"number":2}", source: chrome-extension://kbbgjcgdcibilpahljnlejefcehbljnd/app.js (35)
[7982:7982:1106/055526.299452:INFO:CONSOLE(35)] "newInfo [object Object]", source: chrome-extension://kbbgjcgdcibilpahljnlejefcehbljnd/app.js (35)
[7982:7982:1106/055526.371965:INFO:CONSOLE(36)] "changeMonitor ["label"]", source: chrome-extension://kbbgjcgdcibilpahljnlejefcehbljnd/app.js (36)
[7982:7982:1106/055528.006897:INFO:CONSOLE(1)] "get returns [object Object] local [object Object]", source: chrome-extension://kbbgjcgdcibilpahljnlejefcehbljnd/background.js (1)
[7982:7982:1106/055530.232892:INFO:CONSOLE(35)] "selector Label, mineExtraMetadata calls extendLabel over 115", source: chrome-extension://kbbgjcgdcibilpahljnlejefcehbljnd/app.js (35)
[7982:7982:1106/055530.284498:INFO:CONSOLE(35)] "label [object Object],[object Object] extra metadata found: 2 {"number":2}", source: chrome-extension://kbbgjcgdcibilpahljnlejefcehbljnd/app.js (35)
[7982:7982:1106/055530.284652:INFO:CONSOLE(35)] "newInfo [object Object]", source: chrome-extension://kbbgjcgdcibilpahljnlejefcehbljnd/app.js (35)
[7982:7982:1106/055530.284731:INFO:CONSOLE(36)] "changeMonitor ["label"]", source: chrome-extension://kbbgjcgdcibilpahljnlejefcehbljnd/app.js (36)
[7982:7982:1106/055533.153880:INFO:CONSOLE(35)] "newVideo [object Object]", source: chrome-extension://kbbgjcgdcibilpahljnlejefcehbljnd/app.js (35)
[7982:7982:1106/055533.155922:INFO:CONSOLE(36)] "-> 3 new href+content sent, selector ytd-app Fri Nov 06 2020 05:55:33 GMT+0100 (Central European Standard Time) size 247706 228727,239075,247706", source: chrome-extension://kbbgjcgdcibilpahljnlejefcehbljnd/app.js (36)
[7982:7982:1106/055534.105855:INFO:CONSOLE(35)] "over ["Joe Biden Speaks LIVE about the 2020 Election | Joe Biden For President 2020Watch laterShareCopy linkInfoShopping"]", source: chrome-extension://kbbgjcgdcibilpahljnlejefcehbljnd/app.js (35)
[7982:7982:1106/055534.116346:INFO:CONSOLE(35)] "over  extra metadata found: 0 {}", source: chrome-extension://kbbgjcgdcibilpahljnlejefcehbljnd/app.js (35)
[7982:7982:1106/055534.130686:INFO:CONSOLE(35)] "newInfo [object Object]", source: chrome-extension://kbbgjcgdcibilpahljnlejefcehbljnd/app.js (35)
[7982:7982:1106/055534.252533:INFO:CONSOLE(35)] "selector Label, mineExtraMetadata calls extendLabel over 115", source: chrome-extension://kbbgjcgdcibilpahljnlejefcehbljnd/app.js (35)
[7982:7982:1106/055534.269378:INFO:CONSOLE(35)] "label [object Object],[object Object] extra metadata found: 2 {"number":2}", source: chrome-extension://kbbgjcgdcibilpahljnlejefcehbljnd/app.js (35)
[7982:7982:1106/055534.276307:INFO:CONSOLE(35)] "newInfo [object Object]", source: chrome-extension://kbbgjcgdcibilpahljnlejefcehbljnd/app.js (35)
[7982:7982:1106/055534.279823:INFO:CONSOLE(36)] "changeMonitor ["over","label"]", source: chrome-extension://kbbgjcgdcibilpahljnlejefcehbljnd/app.js (36)
[7982:7982:1106/055536.093706:INFO:CONSOLE(35)] "syncResponse [object Object]", source: chrome-extension://kbbgjcgdcibilpahljnlejefcehbljnd/app.js (35)
[7982:7982:1106/055538.024589:INFO:CONSOLE(35)] "over ["Joe Biden Speaks LIVE about the 2020 Election | Joe Biden For President 2020Watch laterShareCopy linkInfoShopping"]", source: chrome-extension://kbbgjcgdcibilpahljnlejefcehbljnd/app.js (35)
[7982:7982:1106/055538.050758:INFO:CONSOLE(35)] "over  extra metadata found: 0 {}", source: chrome-extension://kbbgjcgdcibilpahljnlejefcehbljnd/app.js (35)
[7982:7982:1106/055538.076812:INFO:CONSOLE(35)] "newInfo [object Object]", source: chrome-extension://kbbgjcgdcibilpahljnlejefcehbljnd/app.js (35)
[7982:7982:1106/055538.195353:INFO:CONSOLE(35)] "selector Label, mineExtraMetadata calls extendLabel over 115", source: chrome-extension://kbbgjcgdcibilpahljnlejefcehbljnd/app.js (35)
[7982:7982:1106/055538.197755:INFO:CONSOLE(35)] "label [object Object],[object Object] extra metadata found: 2 {"number":2}", source: chrome-extension://kbbgjcgdcibilpahljnlejefcehbljnd/app.js (35)
[7982:7982:1106/055538.252867:INFO:CONSOLE(35)] "newInfo [object Object]", source: chrome-extension://kbbgjcgdcibilpahljnlejefcehbljnd/app.js (35)
[7982:7982:1106/055538.262375:INFO:CONSOLE(36)] "changeMonitor ["over","label"]", source: chrome-extension://kbbgjcgdcibilpahljnlejefcehbljnd/app.js (36)
[7982:7982:1106/055542.157013:INFO:CONSOLE(35)] "newVideo [object Object]", source: chrome-extension://kbbgjcgdcibilpahljnlejefcehbljnd/app.js (35)
[7982:7982:1106/055542.181145:INFO:CONSOLE(36)] "-> 4 new href+content sent, selector ytd-app Fri Nov 06 2020 05:55:42 GMT+0100 (Central European Standard Time) size 247949 228727,239075,247706,247949", source: chrome-extension://kbbgjcgdcibilpahljnlejefcehbljnd/app.js (36)
[7982:7982:1106/055545.719663:INFO:CONSOLE(35)] "sync tot (8/21) {"info":6,"video":2} with 1 randomUUID(s) with 1 randomUUID(s)", source: chrome-extension://kbbgjcgdcibilpahljnlejefcehbljnd/app.js (35)
[7982:7982:1106/055545.845517:INFO:CONSOLE(1)] "get returns [object Object] local [object Object]", source: chrome-extension://kbbgjcgdcibilpahljnlejefcehbljnd/background.js (1)
[7982:7982:1106/055548.185467:INFO:CONSOLE(35)] "syncResponse [object Object]", source: chrome-extension://kbbgjcgdcibilpahljnlejefcehbljnd/app.js (35)
[7982:7982:1106/055553.952159:INFO:CONSOLE(35)] "over ["Joe Biden Speaks LIVE about the 2020 Election | Joe Biden For President 2020Watch laterShareCopy linkInfoShopping"]", source: chrome-extension://kbbgjcgdcibilpahljnlejefcehbljnd/app.js (35)
[7982:7982:1106/055553.955940:INFO:CONSOLE(35)] "over  extra metadata found: 0 {}", source: chrome-extension://kbbgjcgdcibilpahljnlejefcehbljnd/app.js (35)
[7982:7982:1106/055553.959147:INFO:CONSOLE(35)] "newInfo [object Object]", source: chrome-extension://kbbgjcgdcibilpahljnlejefcehbljnd/app.js (35)
[7982:7982:1106/055554.097932:INFO:CONSOLE(35)] "selector Label, mineExtraMetadata calls extendLabel over 115", source: chrome-extension://kbbgjcgdcibilpahljnlejefcehbljnd/app.js (35)
[7982:7982:1106/055554.107165:INFO:CONSOLE(35)] "label [object Object],[object Object] extra metadata found: 2 {"number":2}", source: chrome-extension://kbbgjcgdcibilpahljnlejefcehbljnd/app.js (35)
[7982:7982:1106/055554.122350:INFO:CONSOLE(35)] "newInfo [object Object]", source: chrome-extension://kbbgjcgdcibilpahljnlejefcehbljnd/app.js (35)
[7982:7982:1106/055554.123780:INFO:CONSOLE(36)] "changeMonitor ["over","label"]", source: chrome-extension://kbbgjcgdcibilpahljnlejefcehbljnd/app.js (36)
[7982:7982:1106/055605.719037:INFO:CONSOLE(35)] "sync tot (2/23) {"info":2} with 1 randomUUID(s) with 1 randomUUID(s)", source: chrome-extension://kbbgjcgdcibilpahljnlejefcehbljnd/app.js (35)
[7982:7982:1106/055606.434145:INFO:CONSOLE(1)] "get returns [object Object] local [object Object]", source: chrome-extension://kbbgjcgdcibilpahljnlejefcehbljnd/background.js (1)
[7982:7982:1106/055607.730364:INFO:CONSOLE(35)] "syncResponse [object Object]", source: chrome-extension://kbbgjcgdcibilpahljnlejefcehbljnd/app.js (35)
[7982:7982:1106/055613.966263:INFO:CONSOLE(35)] "over ["Joe Biden Speaks LIVE about the 2020 Election | Joe Biden For President 2020Watch laterShareCopy linkInfoShopping"]", source: chrome-extension://kbbgjcgdcibilpahljnlejefcehbljnd/app.js (35)
[7982:7982:1106/055613.987682:INFO:CONSOLE(35)] "over  extra metadata found: 0 {}", source: chrome-extension://kbbgjcgdcibilpahljnlejefcehbljnd/app.js (35)
[7982:7982:1106/055614.003609:INFO:CONSOLE(35)] "newInfo [object Object]", source: chrome-extension://kbbgjcgdcibilpahljnlejefcehbljnd/app.js (35)
[7982:7982:1106/055614.246731:INFO:CONSOLE(35)] "selector Label, mineExtraMetadata calls extendLabel over 115", source: chrome-extension://kbbgjcgdcibilpahljnlejefcehbljnd/app.js (35)
[7982:7982:1106/055614.272838:INFO:CONSOLE(35)] "label [object Object],[object Object] extra metadata found: 2 {"number":2}", source: chrome-extension://kbbgjcgdcibilpahljnlejefcehbljnd/app.js (35)
[7982:7982:1106/055614.292505:INFO:CONSOLE(35)] "newInfo [object Object]", source: chrome-extension://kbbgjcgdcibilpahljnlejefcehbljnd/app.js (35)
[7982:7982:1106/055614.300828:INFO:CONSOLE(36)] "changeMonitor ["over","label"]", source: chrome-extension://kbbgjcgdcibilpahljnlejefcehbljnd/app.js (36)
[7982:7982:1106/055625.719038:INFO:CONSOLE(35)] "sync tot (2/25) {"info":2} with 1 randomUUID(s) with 1 randomUUID(s)", source: chrome-extension://kbbgjcgdcibilpahljnlejefcehbljnd/app.js (35)
[7982:7982:1106/055627.854314:INFO:CONSOLE(1)] "get returns [object Object] local [object Object]", source: chrome-extension://kbbgjcgdcibilpahljnlejefcehbljnd/background.js (1)
[7982:7982:1106/055629.974666:INFO:CONSOLE(35)] "over ["Joe Biden Speaks LIVE about the 2020 Election | Joe Biden For President 2020Watch laterShareCopy linkInfoShopping"]", source: chrome-extension://kbbgjcgdcibilpahljnlejefcehbljnd/app.js (35)
[7982:7982:1106/055629.981306:INFO:CONSOLE(35)] "over  extra metadata found: 0 {}", source: chrome-extension://kbbgjcgdcibilpahljnlejefcehbljnd/app.js (35)
[7982:7982:1106/055629.985063:INFO:CONSOLE(35)] "newInfo [object Object]", source: chrome-extension://kbbgjcgdcibilpahljnlejefcehbljnd/app.js (35)
[7982:7982:1106/055630.325103:INFO:CONSOLE(35)] "selector Label, mineExtraMetadata calls extendLabel over 115", source: chrome-extension://kbbgjcgdcibilpahljnlejefcehbljnd/app.js (35)
[7982:7982:1106/055630.355669:INFO:CONSOLE(35)] "label [object Object],[object Object] extra metadata found: 2 {"number":2}", source: chrome-extension://kbbgjcgdcibilpahljnlejefcehbljnd/app.js (35)
[7982:7982:1106/055630.384099:INFO:CONSOLE(35)] "newInfo [object Object]", source: chrome-extension://kbbgjcgdcibilpahljnlejefcehbljnd/app.js (35)
[7982:7982:1106/055630.434504:INFO:CONSOLE(36)] "changeMonitor ["over","label"]", source: chrome-extension://kbbgjcgdcibilpahljnlejefcehbljnd/app.js (36)
[7982:7982:1106/055630.987249:INFO:CONSOLE(35)] "syncResponse [object Object]", source: chrome-extension://kbbgjcgdcibilpahljnlejefcehbljnd/app.js (35)
[7982:7982:1106/055634.048020:INFO:CONSOLE(35)] "over ["Joe Biden Speaks LIVE about the 2020 Election | Joe Biden For President 2020Watch laterShareCopy linkInfoShopping"]", source: chrome-extension://kbbgjcgdcibilpahljnlejefcehbljnd/app.js (35)
[7982:7982:1106/055634.059499:INFO:CONSOLE(35)] "over  extra metadata found: 0 {}", source: chrome-extension://kbbgjcgdcibilpahljnlejefcehbljnd/app.js (35)
[7982:7982:1106/055634.062948:INFO:CONSOLE(35)] "newInfo [object Object]", source: chrome-extension://kbbgjcgdcibilpahljnlejefcehbljnd/app.js (35)
[7982:7982:1106/055634.223553:INFO:CONSOLE(35)] "selector Label, mineExtraMetadata calls extendLabel over 115", source: chrome-extension://kbbgjcgdcibilpahljnlejefcehbljnd/app.js (35)
[7982:7982:1106/055634.225746:INFO:CONSOLE(35)] "label [object Object],[object Object] extra metadata found: 2 {"number":2}", source: chrome-extension://kbbgjcgdcibilpahljnlejefcehbljnd/app.js (35)
[7982:7982:1106/055634.226666:INFO:CONSOLE(35)] "newInfo [object Object]", source: chrome-extension://kbbgjcgdcibilpahljnlejefcehbljnd/app.js (35)
[7982:7982:1106/055634.227102:INFO:CONSOLE(36)] "changeMonitor ["over","label"]", source: chrome-extension://kbbgjcgdcibilpahljnlejefcehbljnd/app.js (36)
[7982:7982:1106/055645.718145:INFO:CONSOLE(35)] "sync tot (4/29) {"info":4} with 1 randomUUID(s) with 1 randomUUID(s)", source: chrome-extension://kbbgjcgdcibilpahljnlejefcehbljnd/app.js (35)
[7982:7982:1106/055645.753315:INFO:CONSOLE(1)] "get returns [object Object] local [object Object]", source: chrome-extension://kbbgjcgdcibilpahljnlejefcehbljnd/background.js (1)
[7982:7982:1106/055646.975358:INFO:CONSOLE(35)] "syncResponse [object Object]", source: chrome-extension://kbbgjcgdcibilpahljnlejefcehbljnd/app.js (35)
[9122:10027:1106/055652.235301:WARNING:sync_reader.cc(171)] ASR: No room in socket buffer.: Broken pipe (32)
[7982:7982:1106/055653.983494:INFO:CONSOLE(35)] "over ["Joe Biden Speaks LIVE about the 2020 Election | Joe Biden For President 2020Watch laterShareCopy linkInfoShopping"]", source: chrome-extension://kbbgjcgdcibilpahljnlejefcehbljnd/app.js (35)
[7982:7982:1106/055653.984911:INFO:CONSOLE(35)] "over  extra metadata found: 0 {}", source: chrome-extension://kbbgjcgdcibilpahljnlejefcehbljnd/app.js (35)
[7982:7982:1106/055654.007483:INFO:CONSOLE(35)] "newInfo [object Object]", source: chrome-extension://kbbgjcgdcibilpahljnlejefcehbljnd/app.js (35)
[7982:7982:1106/055654.181350:INFO:CONSOLE(35)] "selector Label, mineExtraMetadata calls extendLabel over 115", source: chrome-extension://kbbgjcgdcibilpahljnlejefcehbljnd/app.js (35)
[7982:7982:1106/055654.188260:INFO:CONSOLE(35)] "label [object Object],[object Object] extra metadata found: 2 {"number":2}", source: chrome-extension://kbbgjcgdcibilpahljnlejefcehbljnd/app.js (35)
[7982:7982:1106/055654.193311:INFO:CONSOLE(35)] "newInfo [object Object]", source: chrome-extension://kbbgjcgdcibilpahljnlejefcehbljnd/app.js (35)
[7982:7982:1106/055654.196911:INFO:CONSOLE(36)] "changeMonitor ["over","label"]", source: chrome-extension://kbbgjcgdcibilpahljnlejefcehbljnd/app.js (36)
[7982:7982:1106/055705.719584:INFO:CONSOLE(35)] "sync tot (2/31) {"info":2} with 1 randomUUID(s) with 1 randomUUID(s)", source: chrome-extension://kbbgjcgdcibilpahljnlejefcehbljnd/app.js (35)
[7982:7982:1106/055706.358849:INFO:CONSOLE(1)] "get returns [object Object] local [object Object]", source: chrome-extension://kbbgjcgdcibilpahljnlejefcehbljnd/background.js (1)
[7982:7982:1106/055707.706001:INFO:CONSOLE(35)] "syncResponse [object Object]", source: chrome-extension://kbbgjcgdcibilpahljnlejefcehbljnd/app.js (35)
[7982:7982:1106/060326.080990:INFO:CONSOLE(35)] "selector Label, mineExtraMetadata calls extendLabel over 128", source: chrome-extension://kbbgjcgdcibilpahljnlejefcehbljnd/app.js (35)
[7982:7982:1106/060326.095340:INFO:CONSOLE(35)] "label [object Object],[object Object],[object Object] extra metadata found: 3 {"number":3}", source: chrome-extension://kbbgjcgdcibilpahljnlejefcehbljnd/app.js (35)
[7982:7982:1106/060326.112273:INFO:CONSOLE(35)] "newInfo [object Object]", source: chrome-extension://kbbgjcgdcibilpahljnlejefcehbljnd/app.js (35)
[7982:7982:1106/060326.124328:INFO:CONSOLE(36)] "changeMonitor ["label"]", source: chrome-extension://kbbgjcgdcibilpahljnlejefcehbljnd/app.js (36)
[7982:7982:1106/060337.652746:INFO:CONSOLE(35)] "sync tot (1/32) {"info":1} with 1 randomUUID(s) with 1 randomUUID(s)", source: chrome-extension://kbbgjcgdcibilpahljnlejefcehbljnd/app.js (35)
[7982:7982:1106/060337.676843:INFO:CONSOLE(35)] "windowUnload undefined", source: chrome-extension://kbbgjcgdcibilpahljnlejefcehbljnd/app.js (35)
[7982:7982:1106/060338.126819:INFO:CONSOLE(35)] "over ["Joe Biden Speaks LIVE about the 2020 Election | Joe Biden For President 2020Watch laterShareCopy linkInfoShopping"]", source: chrome-extension://kbbgjcgdcibilpahljnlejefcehbljnd/app.js (35)
[7982:7982:1106/060338.126930:INFO:CONSOLE(35)] "over  extra metadata found: 0 {}", source: chrome-extension://kbbgjcgdcibilpahljnlejefcehbljnd/app.js (35)
[7982:7982:1106/060338.126999:INFO:CONSOLE(35)] "newInfo [object Object]", source: chrome-extension://kbbgjcgdcibilpahljnlejefcehbljnd/app.js (35)
[7982:7982:1106/060338.273993:INFO:CONSOLE(35)] "selector Label, mineExtraMetadata calls extendLabel over 127", source: chrome-extension://kbbgjcgdcibilpahljnlejefcehbljnd/app.js (35)
[7982:7982:1106/060338.299348:INFO:CONSOLE(35)] "label [object Object],[object Object],[object Object] extra metadata found: 3 {"number":3}", source: chrome-extension://kbbgjcgdcibilpahljnlejefcehbljnd/app.js (35)
[7982:7982:1106/060338.306078:INFO:CONSOLE(35)] "newInfo [object Object]", source: chrome-extension://kbbgjcgdcibilpahljnlejefcehbljnd/app.js (35)
[7982:7982:1106/060338.312702:INFO:CONSOLE(36)] "changeMonitor ["over","label"]", source: chrome-extension://kbbgjcgdcibilpahljnlejefcehbljnd/app.js (36)
[7982:7982:1106/060359.891092:INFO:CONSOLE(1)] "get returns [object Object] /settings undefined", source: chrome-extension://kbbgjcgdcibilpahljnlejefcehbljnd/background.js (1)
[7982:7982:1106/060400.560353:INFO:CONSOLE(36)] "yttrex version 1.4.2", source: chrome-extension://kbbgjcgdcibilpahljnlejefcehbljnd/app.js (36)
[7982:7982:1106/060400.562672:INFO:CONSOLE(36)] "[object Object]", source: chrome-extension://kbbgjcgdcibilpahljnlejefcehbljnd/app.js (36)
[7982:7982:1106/060400.602696:INFO:CONSOLE(1)] "get returns [object Object] local [object Object]", source: chrome-extension://kbbgjcgdcibilpahljnlejefcehbljnd/background.js (1)
[7982:7982:1106/060400.602871:INFO:CONSOLE(27)] "sending back from userLookup local [object Object]", source: chrome-extension://kbbgjcgdcibilpahljnlejefcehbljnd/background.js (27)
[7982:7982:1106/060401.234675:INFO:CONSOLE(36)] "app.js gets [object Object] from localLookup", source: chrome-extension://kbbgjcgdcibilpahljnlejefcehbljnd/app.js (36)
[7982:7982:1106/060405.271912:INFO:CONSOLE(35)] "banner [object Object] extra metadata found: 1 {"banner":1}", source: chrome-extension://kbbgjcgdcibilpahljnlejefcehbljnd/app.js (35)
[7982:7982:1106/060405.275025:INFO:CONSOLE(35)] "newInfo [object Object]", source: chrome-extension://kbbgjcgdcibilpahljnlejefcehbljnd/app.js (35)
[7982:7982:1106/060405.284522:INFO:CONSOLE(35)] "ad [object Object] extra metadata found: 1 {"ad":1}", source: chrome-extension://kbbgjcgdcibilpahljnlejefcehbljnd/app.js (35)
[7982:7982:1106/060405.286249:INFO:CONSOLE(35)] "newInfo [object Object]", source: chrome-extension://kbbgjcgdcibilpahljnlejefcehbljnd/app.js (35)
[7982:7982:1106/060405.289439:INFO:CONSOLE(35)] "channel  extra metadata found: 0 {}", source: chrome-extension://kbbgjcgdcibilpahljnlejefcehbljnd/app.js (35)
[7982:7982:1106/060405.290183:INFO:CONSOLE(35)] "newInfo [object Object]", source: chrome-extension://kbbgjcgdcibilpahljnlejefcehbljnd/app.js (35)
[7982:7982:1106/060405.291815:INFO:CONSOLE(35)] "title [object Object] extra metadata found: 1 {"innerTitle":1}", source: chrome-extension://kbbgjcgdcibilpahljnlejefcehbljnd/app.js (35)
[7982:7982:1106/060405.292562:INFO:CONSOLE(35)] "newInfo [object Object]", source: chrome-extension://kbbgjcgdcibilpahljnlejefcehbljnd/app.js (35)
[7982:7982:1106/060405.310277:INFO:CONSOLE(35)] "over ["Rowenta Explorer Serie 60Watch laterShareCopy linkInfoShopping"]", source: chrome-extension://kbbgjcgdcibilpahljnlejefcehbljnd/app.js (35)
[7982:7982:1106/060405.310400:INFO:CONSOLE(35)] "over  extra metadata found: 0 {}", source: chrome-extension://kbbgjcgdcibilpahljnlejefcehbljnd/app.js (35)
[7982:7982:1106/060405.312495:INFO:CONSOLE(35)] "newInfo [object Object]", source: chrome-extension://kbbgjcgdcibilpahljnlejefcehbljnd/app.js (35)
[7982:7982:1106/060405.354306:INFO:CONSOLE(35)] "selector Label, mineExtraMetadata calls extendLabel over 100", source: chrome-extension://kbbgjcgdcibilpahljnlejefcehbljnd/app.js (35)
[7982:7982:1106/060405.358078:INFO:CONSOLE(35)] "label [object Object],[object Object] extra metadata found: 2 {"number":2}", source: chrome-extension://kbbgjcgdcibilpahljnlejefcehbljnd/app.js (35)
[7982:7982:1106/060405.359097:INFO:CONSOLE(35)] "newInfo [object Object]", source: chrome-extension://kbbgjcgdcibilpahljnlejefcehbljnd/app.js (35)
[7982:7982:1106/060405.359528:INFO:CONSOLE(36)] "changeMonitor ["banner","ad","channel","title","over","label"]", source: chrome-extension://kbbgjcgdcibilpahljnlejefcehbljnd/app.js (36)
[7982:7982:1106/060406.045323:INFO:CONSOLE(0)] "The resource https://r1---sn-45nufxc-hm2l.googlevideo.com/generate_204 was preloaded using link preload but not used within a few seconds from the window's load event. Please make sure it has an appropriate `as` value and it is preloaded intentionally.", source: https://www.youtube.com/watch?v=8l-HOdPwR1Q (0)
[7982:7982:1106/060406.046510:INFO:CONSOLE(0)] "The resource https://r1---sn-45nufxc-hm2l.googlevideo.com/generate_204?conn2 was preloaded using link preload but not used within a few seconds from the window's load event. Please make sure it has an appropriate `as` value and it is preloaded intentionally.", source: https://www.youtube.com/watch?v=8l-HOdPwR1Q (0)
[7982:7982:1106/060406.046649:INFO:CONSOLE(0)] "The resource https://i.ytimg.com/generate_204 was preloaded using link preload but not used within a few seconds from the window's load event. Please make sure it has an appropriate `as` value and it is preloaded intentionally.", source: https://www.youtube.com/watch?v=8l-HOdPwR1Q (0)
[7982:7982:1106/060409.293431:INFO:CONSOLE(35)] "selector Label, mineExtraMetadata calls extendLabel over 114", source: chrome-extension://kbbgjcgdcibilpahljnlejefcehbljnd/app.js (35)
[7982:7982:1106/060409.296627:INFO:CONSOLE(35)] "label [object Object],[object Object] extra metadata found: 2 {"number":2}", source: chrome-extension://kbbgjcgdcibilpahljnlejefcehbljnd/app.js (35)
[7982:7982:1106/060409.299220:INFO:CONSOLE(35)] "newInfo [object Object]", source: chrome-extension://kbbgjcgdcibilpahljnlejefcehbljnd/app.js (35)
[7982:7982:1106/060409.305152:INFO:CONSOLE(36)] "changeMonitor ["label"]", source: chrome-extension://kbbgjcgdcibilpahljnlejefcehbljnd/app.js (36)
[7982:7982:1106/060410.273509:INFO:CONSOLE(35)] "newVideo [object Object]", source: chrome-extension://kbbgjcgdcibilpahljnlejefcehbljnd/app.js (35)
[7982:7982:1106/060410.276961:INFO:CONSOLE(36)] "-> 1 new href+content sent, selector ytd-app Fri Nov 06 2020 06:04:10 GMT+0100 (Central European Standard Time) size 261209 261209", source: chrome-extension://kbbgjcgdcibilpahljnlejefcehbljnd/app.js (36)
[7982:7982:1106/060413.270572:INFO:CONSOLE(35)] "banner [object Object] extra metadata found: 1 {"banner":1}", source: chrome-extension://kbbgjcgdcibilpahljnlejefcehbljnd/app.js (35)
[7982:7982:1106/060413.272787:INFO:CONSOLE(35)] "newInfo [object Object]", source: chrome-extension://kbbgjcgdcibilpahljnlejefcehbljnd/app.js (35)
[7982:7982:1106/060413.287824:INFO:CONSOLE(35)] "ad [object Object] extra metadata found: 1 {"ad":1}", source: chrome-extension://kbbgjcgdcibilpahljnlejefcehbljnd/app.js (35)
[7982:7982:1106/060413.290282:INFO:CONSOLE(35)] "newInfo [object Object]", source: chrome-extension://kbbgjcgdcibilpahljnlejefcehbljnd/app.js (35)
[7982:7982:1106/060413.296239:INFO:CONSOLE(35)] "channel  extra metadata found: 0 {}", source: chrome-extension://kbbgjcgdcibilpahljnlejefcehbljnd/app.js (35)
[7982:7982:1106/060413.297900:INFO:CONSOLE(35)] "newInfo [object Object]", source: chrome-extension://kbbgjcgdcibilpahljnlejefcehbljnd/app.js (35)
[7982:7982:1106/060413.302486:INFO:CONSOLE(35)] "title [object Object] extra metadata found: 1 {"innerTitle":1}", source: chrome-extension://kbbgjcgdcibilpahljnlejefcehbljnd/app.js (35)
[7982:7982:1106/060413.308880:INFO:CONSOLE(35)] "newInfo [object Object]", source: chrome-extension://kbbgjcgdcibilpahljnlejefcehbljnd/app.js (35)
[7982:7982:1106/060413.311453:INFO:CONSOLE(35)] "over ["Rowenta Explorer Serie 60Watch laterShareCopy linkInfoShopping"]", source: chrome-extension://kbbgjcgdcibilpahljnlejefcehbljnd/app.js (35)
[7982:7982:1106/060413.312050:INFO:CONSOLE(35)] "over  extra metadata found: 0 {}", source: chrome-extension://kbbgjcgdcibilpahljnlejefcehbljnd/app.js (35)
[7982:7982:1106/060413.312886:INFO:CONSOLE(35)] "newInfo [object Object]", source: chrome-extension://kbbgjcgdcibilpahljnlejefcehbljnd/app.js (35)
[7982:7982:1106/060413.359803:INFO:CONSOLE(35)] "selector Label, mineExtraMetadata calls extendLabel over 114", source: chrome-extension://kbbgjcgdcibilpahljnlejefcehbljnd/app.js (35)
[7982:7982:1106/060413.366241:INFO:CONSOLE(35)] "label [object Object],[object Object] extra metadata found: 2 {"number":2}", source: chrome-extension://kbbgjcgdcibilpahljnlejefcehbljnd/app.js (35)
[7982:7982:1106/060413.367464:INFO:CONSOLE(35)] "newInfo [object Object]", source: chrome-extension://kbbgjcgdcibilpahljnlejefcehbljnd/app.js (35)
[7982:7982:1106/060413.368341:INFO:CONSOLE(36)] "changeMonitor ["banner","ad","channel","title","over","label"]", source: chrome-extension://kbbgjcgdcibilpahljnlejefcehbljnd/app.js (36)
[7982:7982:1106/060417.259299:INFO:CONSOLE(35)] "banner  extra metadata found: 0 {}", source: chrome-extension://kbbgjcgdcibilpahljnlejefcehbljnd/app.js (35)
[7982:7982:1106/060417.271748:INFO:CONSOLE(35)] "newInfo [object Object]", source: chrome-extension://kbbgjcgdcibilpahljnlejefcehbljnd/app.js (35)
[7982:7982:1106/060417.292454:INFO:CONSOLE(35)] "over ["Rowenta Explorer Serie 60Watch laterShareCopy linkInfoShopping"]", source: chrome-extension://kbbgjcgdcibilpahljnlejefcehbljnd/app.js (35)
[7982:7982:1106/060417.297103:INFO:CONSOLE(35)] "over  extra metadata found: 0 {}", source: chrome-extension://kbbgjcgdcibilpahljnlejefcehbljnd/app.js (35)
[7982:7982:1106/060417.298132:INFO:CONSOLE(35)] "newInfo [object Object]", source: chrome-extension://kbbgjcgdcibilpahljnlejefcehbljnd/app.js (35)
[7982:7982:1106/060417.369245:INFO:CONSOLE(35)] "selector Label, mineExtraMetadata calls extendLabel over 109", source: chrome-extension://kbbgjcgdcibilpahljnlejefcehbljnd/app.js (35)
[7982:7982:1106/060417.372234:INFO:CONSOLE(35)] "label [object Object],[object Object] extra metadata found: 2 {"number":2}", source: chrome-extension://kbbgjcgdcibilpahljnlejefcehbljnd/app.js (35)
[7982:7982:1106/060417.373614:INFO:CONSOLE(35)] "newInfo [object Object]", source: chrome-extension://kbbgjcgdcibilpahljnlejefcehbljnd/app.js (35)
[7982:7982:1106/060417.374576:INFO:CONSOLE(36)] "changeMonitor ["banner","over","label"]", source: chrome-extension://kbbgjcgdcibilpahljnlejefcehbljnd/app.js (36)
[7982:7982:1106/060419.331529:INFO:CONSOLE(35)] "newVideo [object Object]", source: chrome-extension://kbbgjcgdcibilpahljnlejefcehbljnd/app.js (35)
[7982:7982:1106/060419.346887:INFO:CONSOLE(36)] "-> 2 new href+content sent, selector ytd-app Fri Nov 06 2020 06:04:19 GMT+0100 (Central European Standard Time) size 255600 261209,255600", source: chrome-extension://kbbgjcgdcibilpahljnlejefcehbljnd/app.js (36)
[7982:7982:1106/060420.605680:INFO:CONSOLE(35)] "sync tot (18/18) {"info":16,"video":2} with 1 randomUUID(s) with 1 randomUUID(s)", source: chrome-extension://kbbgjcgdcibilpahljnlejefcehbljnd/app.js (35)
[7982:7982:1106/060421.248178:INFO:CONSOLE(35)] "banner  extra metadata found: 0 {}", source: chrome-extension://kbbgjcgdcibilpahljnlejefcehbljnd/app.js (35)
[7982:7982:1106/060421.249495:INFO:CONSOLE(35)] "newInfo [object Object]", source: chrome-extension://kbbgjcgdcibilpahljnlejefcehbljnd/app.js (35)
[7982:7982:1106/060421.333357:INFO:CONSOLE(1)] "get returns [object Object] local [object Object]", source: chrome-extension://kbbgjcgdcibilpahljnlejefcehbljnd/background.js (1)
[7982:7982:1106/060421.378951:INFO:CONSOLE(35)] "selector Label, mineExtraMetadata calls extendLabel over 109", source: chrome-extension://kbbgjcgdcibilpahljnlejefcehbljnd/app.js (35)
[7982:7982:1106/060421.413222:INFO:CONSOLE(35)] "label [object Object],[object Object] extra metadata found: 2 {"number":2}", source: chrome-extension://kbbgjcgdcibilpahljnlejefcehbljnd/app.js (35)
[7982:7982:1106/060421.414093:INFO:CONSOLE(35)] "newInfo [object Object]", source: chrome-extension://kbbgjcgdcibilpahljnlejefcehbljnd/app.js (35)
[7982:7982:1106/060421.414733:INFO:CONSOLE(36)] "changeMonitor ["banner","label"]", source: chrome-extension://kbbgjcgdcibilpahljnlejefcehbljnd/app.js (36)
[7982:7982:1106/060425.495865:INFO:CONSOLE(35)] "syncResponse [object Object]", source: chrome-extension://kbbgjcgdcibilpahljnlejefcehbljnd/app.js (35)
[7982:7982:1106/060425.899274:INFO:CONSOLE(35)] "banner [object Object] extra metadata found: 1 {"banner":1}", source: chrome-extension://kbbgjcgdcibilpahljnlejefcehbljnd/app.js (35)
[7982:7982:1106/060425.922563:INFO:CONSOLE(35)] "newInfo [object Object]", source: chrome-extension://kbbgjcgdcibilpahljnlejefcehbljnd/app.js (35)
[7982:7982:1106/060425.930883:INFO:CONSOLE(35)] "ad [object Object] extra metadata found: 1 {"ad":1}", source: chrome-extension://kbbgjcgdcibilpahljnlejefcehbljnd/app.js (35)
[7982:7982:1106/060425.936942:INFO:CONSOLE(35)] "newInfo [object Object]", source: chrome-extension://kbbgjcgdcibilpahljnlejefcehbljnd/app.js (35)
[7982:7982:1106/060425.949962:INFO:CONSOLE(35)] "channel  extra metadata found: 0 {}", source: chrome-extension://kbbgjcgdcibilpahljnlejefcehbljnd/app.js (35)
[7982:7982:1106/060425.968912:INFO:CONSOLE(35)] "newInfo [object Object]", source: chrome-extension://kbbgjcgdcibilpahljnlejefcehbljnd/app.js (35)
[7982:7982:1106/060426.029517:INFO:CONSOLE(35)] "title [object Object] extra metadata found: 1 {"innerTitle":1}", source: chrome-extension://kbbgjcgdcibilpahljnlejefcehbljnd/app.js (35)
[7982:7982:1106/060426.035342:INFO:CONSOLE(35)] "newInfo [object Object]", source: chrome-extension://kbbgjcgdcibilpahljnlejefcehbljnd/app.js (35)
[7982:7982:1106/060426.045180:INFO:CONSOLE(35)] "over ["Migliaia di bambini hanno bisogno del tuo aiuto oraWatch laterShareCopy linkInfoShopping"]", source: chrome-extension://kbbgjcgdcibilpahljnlejefcehbljnd/app.js (35)
[7982:7982:1106/060426.058298:INFO:CONSOLE(35)] "over  extra metadata found: 0 {}", source: chrome-extension://kbbgjcgdcibilpahljnlejefcehbljnd/app.js (35)
[7982:7982:1106/060426.063495:INFO:CONSOLE(35)] "newInfo [object Object]", source: chrome-extension://kbbgjcgdcibilpahljnlejefcehbljnd/app.js (35)
[7982:7982:1106/060426.216416:INFO:CONSOLE(35)] "selector Label, mineExtraMetadata calls extendLabel over 116", source: chrome-extension://kbbgjcgdcibilpahljnlejefcehbljnd/app.js (35)
[7982:7982:1106/060426.222671:INFO:CONSOLE(35)] "label [object Object],[object Object] extra metadata found: 2 {"number":2}", source: chrome-extension://kbbgjcgdcibilpahljnlejefcehbljnd/app.js (35)
[7982:7982:1106/060426.228821:INFO:CONSOLE(35)] "newInfo [object Object]", source: chrome-extension://kbbgjcgdcibilpahljnlejefcehbljnd/app.js (35)
[7982:7982:1106/060426.244863:INFO:CONSOLE(36)] "changeMonitor ["banner","ad","channel","title","over","label"]", source: chrome-extension://kbbgjcgdcibilpahljnlejefcehbljnd/app.js (36)
[7982:7982:1106/060428.265917:INFO:CONSOLE(35)] "newVideo [object Object]", source: chrome-extension://kbbgjcgdcibilpahljnlejefcehbljnd/app.js (35)
[7982:7982:1106/060428.269926:INFO:CONSOLE(36)] "-> 3 new href+content sent, selector ytd-app Fri Nov 06 2020 06:04:28 GMT+0100 (Central European Standard Time) size 264811 261209,255600,264811", source: chrome-extension://kbbgjcgdcibilpahljnlejefcehbljnd/app.js (36)
[7982:7982:1106/060429.256504:INFO:CONSOLE(35)] "banner [object Object] extra metadata found: 1 {"banner":1}", source: chrome-extension://kbbgjcgdcibilpahljnlejefcehbljnd/app.js (35)
[7982:7982:1106/060429.270939:INFO:CONSOLE(35)] "newInfo [object Object]", source: chrome-extension://kbbgjcgdcibilpahljnlejefcehbljnd/app.js (35)
[7982:7982:1106/060429.274493:INFO:CONSOLE(35)] "ad [object Object] extra metadata found: 1 {"ad":1}", source: chrome-extension://kbbgjcgdcibilpahljnlejefcehbljnd/app.js (35)
[7982:7982:1106/060429.282241:INFO:CONSOLE(35)] "newInfo [object Object]", source: chrome-extension://kbbgjcgdcibilpahljnlejefcehbljnd/app.js (35)
[7982:7982:1106/060429.308462:INFO:CONSOLE(35)] "over ["Migliaia di bambini hanno bisogno del tuo aiuto oraWatch laterShareCopy linkInfoShopping"]", source: chrome-extension://kbbgjcgdcibilpahljnlejefcehbljnd/app.js (35)
[7982:7982:1106/060429.308863:INFO:CONSOLE(35)] "over  extra metadata found: 0 {}", source: chrome-extension://kbbgjcgdcibilpahljnlejefcehbljnd/app.js (35)
[7982:7982:1106/060429.315606:INFO:CONSOLE(35)] "newInfo [object Object]", source: chrome-extension://kbbgjcgdcibilpahljnlejefcehbljnd/app.js (35)
[7982:7982:1106/060429.408689:INFO:CONSOLE(35)] "selector Label, mineExtraMetadata calls extendLabel over 116", source: chrome-extension://kbbgjcgdcibilpahljnlejefcehbljnd/app.js (35)
[7982:7982:1106/060429.426784:INFO:CONSOLE(35)] "label [object Object],[object Object] extra metadata found: 2 {"number":2}", source: chrome-extension://kbbgjcgdcibilpahljnlejefcehbljnd/app.js (35)
[7982:7982:1106/060429.433581:INFO:CONSOLE(35)] "newInfo [object Object]", source: chrome-extension://kbbgjcgdcibilpahljnlejefcehbljnd/app.js (35)
[7982:7982:1106/060429.434049:INFO:CONSOLE(36)] "changeMonitor ["banner","ad","over","label"]", source: chrome-extension://kbbgjcgdcibilpahljnlejefcehbljnd/app.js (36)
[7982:7982:1106/060430.092860:INFO:CONSOLE(14)] "Uncaught ReferenceError: Imager is not defined", source: https://www.rowenta.it/_ui/addons/smarteditaddon/shared/common/js/adjustComponentRenderingToSE.js?v=20.4 (14)
[8280:8329:1106/060431.051100:WARNING:http_cache_transaction.cc(3019)] Failed to revalidate partial entry
[8280:8329:1106/060431.205758:WARNING:http_cache_transaction.cc(3019)] Failed to revalidate partial entry
[8280:8329:1106/060431.207352:WARNING:http_cache_transaction.cc(3019)] Failed to revalidate partial entry
[7982:7982:1106/060433.268062:INFO:CONSOLE(35)] "banner [object Object] extra metadata found: 1 {"banner":1}", source: chrome-extension://kbbgjcgdcibilpahljnlejefcehbljnd/app.js (35)
[7982:7982:1106/060433.272784:INFO:CONSOLE(35)] "newInfo [object Object]", source: chrome-extension://kbbgjcgdcibilpahljnlejefcehbljnd/app.js (35)
[7982:7982:1106/060433.293031:INFO:CONSOLE(35)] "ad [object Object] extra metadata found: 1 {"ad":1}", source: chrome-extension://kbbgjcgdcibilpahljnlejefcehbljnd/app.js (35)
[7982:7982:1106/060433.293147:INFO:CONSOLE(35)] "newInfo [object Object]", source: chrome-extension://kbbgjcgdcibilpahljnlejefcehbljnd/app.js (35)
[7982:7982:1106/060433.318693:INFO:CONSOLE(35)] "over ["Migliaia di bambini hanno bisogno del tuo aiuto oraWatch laterShareCopy linkInfoShopping"]", source: chrome-extension://kbbgjcgdcibilpahljnlejefcehbljnd/app.js (35)
[7982:7982:1106/060433.318848:INFO:CONSOLE(35)] "over  extra metadata found: 0 {}", source: chrome-extension://kbbgjcgdcibilpahljnlejefcehbljnd/app.js (35)
[7982:7982:1106/060433.336901:INFO:CONSOLE(35)] "newInfo [object Object]", source: chrome-extension://kbbgjcgdcibilpahljnlejefcehbljnd/app.js (35)
[7982:7982:1106/060433.404790:INFO:CONSOLE(35)] "selector Label, mineExtraMetadata calls extendLabel over 116", source: chrome-extension://kbbgjcgdcibilpahljnlejefcehbljnd/app.js (35)
[7982:7982:1106/060433.417776:INFO:CONSOLE(35)] "label [object Object],[object Object] extra metadata found: 2 {"number":2}", source: chrome-extension://kbbgjcgdcibilpahljnlejefcehbljnd/app.js (35)
[7982:7982:1106/060433.422041:INFO:CONSOLE(35)] "newInfo [object Object]", source: chrome-extension://kbbgjcgdcibilpahljnlejefcehbljnd/app.js (35)
[7982:7982:1106/060433.424967:INFO:CONSOLE(36)] "changeMonitor ["banner","ad","over","label"]", source: chrome-extension://kbbgjcgdcibilpahljnlejefcehbljnd/app.js (36)
[7982:7982:1106/060437.889106:INFO:CONSOLE(35)] "banner [object Object] extra metadata found: 1 {"banner":1}", source: chrome-extension://kbbgjcgdcibilpahljnlejefcehbljnd/app.js (35)
[7982:7982:1106/060437.889222:INFO:CONSOLE(35)] "newInfo [object Object]", source: chrome-extension://kbbgjcgdcibilpahljnlejefcehbljnd/app.js (35)
[7982:7982:1106/060437.889278:INFO:CONSOLE(35)] "ad [object Object] extra metadata found: 1 {"ad":1}", source: chrome-extension://kbbgjcgdcibilpahljnlejefcehbljnd/app.js (35)
[7982:7982:1106/060437.889346:INFO:CONSOLE(35)] "newInfo [object Object]", source: chrome-extension://kbbgjcgdcibilpahljnlejefcehbljnd/app.js (35)
[7982:7982:1106/060437.939245:INFO:CONSOLE(35)] "over ["Migliaia di bambini hanno bisogno del tuo aiuto oraWatch laterShareCopy linkInfoShopping"]", source: chrome-extension://kbbgjcgdcibilpahljnlejefcehbljnd/app.js (35)
[7982:7982:1106/060437.942681:INFO:CONSOLE(35)] "over  extra metadata found: 0 {}", source: chrome-extension://kbbgjcgdcibilpahljnlejefcehbljnd/app.js (35)
[7982:7982:1106/060437.997087:INFO:CONSOLE(35)] "newInfo [object Object]", source: chrome-extension://kbbgjcgdcibilpahljnlejefcehbljnd/app.js (35)
[7982:7982:1106/060438.033809:INFO:CONSOLE(35)] "selector Label, mineExtraMetadata calls extendLabel over 116", source: chrome-extension://kbbgjcgdcibilpahljnlejefcehbljnd/app.js (35)
[7982:7982:1106/060438.080210:INFO:CONSOLE(35)] "label [object Object],[object Object] extra metadata found: 2 {"number":2}", source: chrome-extension://kbbgjcgdcibilpahljnlejefcehbljnd/app.js (35)
[7982:7982:1106/060438.081853:INFO:CONSOLE(35)] "newInfo [object Object]", source: chrome-extension://kbbgjcgdcibilpahljnlejefcehbljnd/app.js (35)
[7982:7982:1106/060438.082721:INFO:CONSOLE(36)] "changeMonitor ["banner","ad","over","label"]", source: chrome-extension://kbbgjcgdcibilpahljnlejefcehbljnd/app.js (36)
[7982:7982:1106/060438.161965:INFO:CONSOLE(35)] "newVideo [object Object]", source: chrome-extension://kbbgjcgdcibilpahljnlejefcehbljnd/app.js (35)
[7982:7982:1106/060438.173417:INFO:CONSOLE(36)] "-> 4 new href+content sent, selector ytd-app Fri Nov 06 2020 06:04:38 GMT+0100 (Central European Standard Time) size 264916 261209,255600,264811,264916", source: chrome-extension://kbbgjcgdcibilpahljnlejefcehbljnd/app.js (36)
[7982:7982:1106/060440.604605:INFO:CONSOLE(35)] "sync tot (22/40) {"info":20,"video":2} with 1 randomUUID(s) with 1 randomUUID(s)", source: chrome-extension://kbbgjcgdcibilpahljnlejefcehbljnd/app.js (35)
[7982:7982:1106/060441.261914:INFO:CONSOLE(35)] "banner [object Object] extra metadata found: 1 {"banner":1}", source: chrome-extension://kbbgjcgdcibilpahljnlejefcehbljnd/app.js (35)
[7982:7982:1106/060441.279896:INFO:CONSOLE(35)] "newInfo [object Object]", source: chrome-extension://kbbgjcgdcibilpahljnlejefcehbljnd/app.js (35)
[7982:7982:1106/060441.279994:INFO:CONSOLE(35)] "ad [object Object] extra metadata found: 1 {"ad":1}", source: chrome-extension://kbbgjcgdcibilpahljnlejefcehbljnd/app.js (35)
[7982:7982:1106/060441.280048:INFO:CONSOLE(35)] "newInfo [object Object]", source: chrome-extension://kbbgjcgdcibilpahljnlejefcehbljnd/app.js (35)
[7982:7982:1106/060441.280745:INFO:CONSOLE(35)] "over ["Migliaia di bambini hanno bisogno del tuo aiuto oraWatch laterShareCopy linkInfoShopping"]", source: chrome-extension://kbbgjcgdcibilpahljnlejefcehbljnd/app.js (35)
[7982:7982:1106/060441.280892:INFO:CONSOLE(35)] "over  extra metadata found: 0 {}", source: chrome-extension://kbbgjcgdcibilpahljnlejefcehbljnd/app.js (35)
[7982:7982:1106/060441.294804:INFO:CONSOLE(35)] "newInfo [object Object]", source: chrome-extension://kbbgjcgdcibilpahljnlejefcehbljnd/app.js (35)
[7982:7982:1106/060441.679018:INFO:CONSOLE(35)] "selector Label, mineExtraMetadata calls extendLabel over 116", source: chrome-extension://kbbgjcgdcibilpahljnlejefcehbljnd/app.js (35)
[7982:7982:1106/060441.731726:INFO:CONSOLE(35)] "label [object Object],[object Object] extra metadata found: 2 {"number":2}", source: chrome-extension://kbbgjcgdcibilpahljnlejefcehbljnd/app.js (35)
[7982:7982:1106/060441.740141:INFO:CONSOLE(35)] "newInfo [object Object]", source: chrome-extension://kbbgjcgdcibilpahljnlejefcehbljnd/app.js (35)
[7982:7982:1106/060441.748862:INFO:CONSOLE(36)] "changeMonitor ["banner","ad","over","label"]", source: chrome-extension://kbbgjcgdcibilpahljnlejefcehbljnd/app.js (36)
[7982:7982:1106/060442.931413:INFO:CONSOLE(1)] "get returns [object Object] local [object Object]", source: chrome-extension://kbbgjcgdcibilpahljnlejefcehbljnd/background.js (1)
[7982:7982:1106/060445.248023:INFO:CONSOLE(35)] "banner [object Object] extra metadata found: 1 {"banner":1}", source: chrome-extension://kbbgjcgdcibilpahljnlejefcehbljnd/app.js (35)
[7982:7982:1106/060445.250008:INFO:CONSOLE(35)] "newInfo [object Object]", source: chrome-extension://kbbgjcgdcibilpahljnlejefcehbljnd/app.js (35)
[7982:7982:1106/060445.257117:INFO:CONSOLE(35)] "ad [object Object] extra metadata found: 1 {"ad":1}", source: chrome-extension://kbbgjcgdcibilpahljnlejefcehbljnd/app.js (35)
[7982:7982:1106/060445.266521:INFO:CONSOLE(35)] "newInfo [object Object]", source: chrome-extension://kbbgjcgdcibilpahljnlejefcehbljnd/app.js (35)
[7982:7982:1106/060445.282880:INFO:CONSOLE(35)] "over ["Migliaia di bambini hanno bisogno del tuo aiuto oraWatch laterShareCopy linkInfoShopping"]", source: chrome-extension://kbbgjcgdcibilpahljnlejefcehbljnd/app.js (35)
[7982:7982:1106/060445.295931:INFO:CONSOLE(35)] "over  extra metadata found: 0 {}", source: chrome-extension://kbbgjcgdcibilpahljnlejefcehbljnd/app.js (35)
[7982:7982:1106/060445.317358:INFO:CONSOLE(35)] "newInfo [object Object]", source: chrome-extension://kbbgjcgdcibilpahljnlejefcehbljnd/app.js (35)
[7982:7982:1106/060445.400237:INFO:CONSOLE(35)] "selector Label, mineExtraMetadata calls extendLabel over 116", source: chrome-extension://kbbgjcgdcibilpahljnlejefcehbljnd/app.js (35)
[7982:7982:1106/060445.421319:INFO:CONSOLE(35)] "label [object Object],[object Object] extra metadata found: 2 {"number":2}", source: chrome-extension://kbbgjcgdcibilpahljnlejefcehbljnd/app.js (35)
[7982:7982:1106/060445.423404:INFO:CONSOLE(35)] "newInfo [object Object]", source: chrome-extension://kbbgjcgdcibilpahljnlejefcehbljnd/app.js (35)
[7982:7982:1106/060445.429277:INFO:CONSOLE(36)] "changeMonitor ["banner","ad","over","label"]", source: chrome-extension://kbbgjcgdcibilpahljnlejefcehbljnd/app.js (36)
[7982:7982:1106/060446.126734:INFO:CONSOLE(35)] "syncResponse [object Object]", source: chrome-extension://kbbgjcgdcibilpahljnlejefcehbljnd/app.js (35)
[7982:7982:1106/060449.502795:INFO:CONSOLE(35)] "banner [object Object] extra metadata found: 1 {"banner":1}", source: chrome-extension://kbbgjcgdcibilpahljnlejefcehbljnd/app.js (35)
[7982:7982:1106/060449.503076:INFO:CONSOLE(35)] "newInfo [object Object]", source: chrome-extension://kbbgjcgdcibilpahljnlejefcehbljnd/app.js (35)
[7982:7982:1106/060449.529019:INFO:CONSOLE(35)] "ad [object Object] extra metadata found: 1 {"ad":1}", source: chrome-extension://kbbgjcgdcibilpahljnlejefcehbljnd/app.js (35)
[7982:7982:1106/060449.537956:INFO:CONSOLE(35)] "newInfo [object Object]", source: chrome-extension://kbbgjcgdcibilpahljnlejefcehbljnd/app.js (35)
[7982:7982:1106/060449.601600:INFO:CONSOLE(35)] "selector Label, mineExtraMetadata calls extendLabel over 116", source: chrome-extension://kbbgjcgdcibilpahljnlejefcehbljnd/app.js (35)
[7982:7982:1106/060449.607106:INFO:CONSOLE(35)] "label [object Object],[object Object] extra metadata found: 2 {"number":2}", source: chrome-extension://kbbgjcgdcibilpahljnlejefcehbljnd/app.js (35)
[7982:7982:1106/060449.610431:INFO:CONSOLE(35)] "newInfo [object Object]", source: chrome-extension://kbbgjcgdcibilpahljnlejefcehbljnd/app.js (35)
[7982:7982:1106/060449.618549:INFO:CONSOLE(36)] "changeMonitor ["banner","ad","label"]", source: chrome-extension://kbbgjcgdcibilpahljnlejefcehbljnd/app.js (36)
[7982:7982:1106/060453.253967:INFO:CONSOLE(35)] "banner [object Object] extra metadata found: 1 {"banner":1}", source: chrome-extension://kbbgjcgdcibilpahljnlejefcehbljnd/app.js (35)
[7982:7982:1106/060453.256576:INFO:CONSOLE(35)] "newInfo [object Object]", source: chrome-extension://kbbgjcgdcibilpahljnlejefcehbljnd/app.js (35)
[7982:7982:1106/060453.284903:INFO:CONSOLE(35)] "over ["Migliaia di bambini hanno bisogno del tuo aiuto oraWatch laterShareCopy linkInfoShopping"]", source: chrome-extension://kbbgjcgdcibilpahljnlejefcehbljnd/app.js (35)
[7982:7982:1106/060453.285337:INFO:CONSOLE(35)] "over  extra metadata found: 0 {}", source: chrome-extension://kbbgjcgdcibilpahljnlejefcehbljnd/app.js (35)
[7982:7982:1106/060453.295534:INFO:CONSOLE(35)] "newInfo [object Object]", source: chrome-extension://kbbgjcgdcibilpahljnlejefcehbljnd/app.js (35)
[7982:7982:1106/060453.350856:INFO:CONSOLE(35)] "selector Label, mineExtraMetadata calls extendLabel over 116", source: chrome-extension://kbbgjcgdcibilpahljnlejefcehbljnd/app.js (35)
[7982:7982:1106/060453.361059:INFO:CONSOLE(35)] "label [object Object],[object Object] extra metadata found: 2 {"number":2}", source: chrome-extension://kbbgjcgdcibilpahljnlejefcehbljnd/app.js (35)
[7982:7982:1106/060453.370259:INFO:CONSOLE(35)] "newInfo [object Object]", source: chrome-extension://kbbgjcgdcibilpahljnlejefcehbljnd/app.js (35)
[7982:7982:1106/060453.371950:INFO:CONSOLE(36)] "changeMonitor ["banner","over","label"]", source: chrome-extension://kbbgjcgdcibilpahljnlejefcehbljnd/app.js (36)
[7982:7982:1106/060457.252375:INFO:CONSOLE(35)] "banner [object Object] extra metadata found: 1 {"banner":1}", source: chrome-extension://kbbgjcgdcibilpahljnlejefcehbljnd/app.js (35)
[7982:7982:1106/060457.254993:INFO:CONSOLE(35)] "newInfo [object Object]", source: chrome-extension://kbbgjcgdcibilpahljnlejefcehbljnd/app.js (35)
[7982:7982:1106/060457.286544:INFO:CONSOLE(35)] "ad [object Object] extra metadata found: 1 {"ad":1}", source: chrome-extension://kbbgjcgdcibilpahljnlejefcehbljnd/app.js (35)
[7982:7982:1106/060457.303250:INFO:CONSOLE(35)] "newInfo [object Object]", source: chrome-extension://kbbgjcgdcibilpahljnlejefcehbljnd/app.js (35)
[7982:7982:1106/060457.331706:INFO:CONSOLE(35)] "over ["Migliaia di bambini hanno bisogno del tuo aiuto oraWatch laterShareCopy linkInfoShopping"]", source: chrome-extension://kbbgjcgdcibilpahljnlejefcehbljnd/app.js (35)
[7982:7982:1106/060457.332401:INFO:CONSOLE(35)] "over  extra metadata found: 0 {}", source: chrome-extension://kbbgjcgdcibilpahljnlejefcehbljnd/app.js (35)
[7982:7982:1106/060457.356059:INFO:CONSOLE(35)] "newInfo [object Object]", source: chrome-extension://kbbgjcgdcibilpahljnlejefcehbljnd/app.js (35)
[7982:7982:1106/060457.451053:INFO:CONSOLE(35)] "selector Label, mineExtraMetadata calls extendLabel over 116", source: chrome-extension://kbbgjcgdcibilpahljnlejefcehbljnd/app.js (35)
[7982:7982:1106/060457.454152:INFO:CONSOLE(35)] "label [object Object],[object Object] extra metadata found: 2 {"number":2}", source: chrome-extension://kbbgjcgdcibilpahljnlejefcehbljnd/app.js (35)
[7982:7982:1106/060457.456486:INFO:CONSOLE(35)] "newInfo [object Object]", source: chrome-extension://kbbgjcgdcibilpahljnlejefcehbljnd/app.js (35)
[7982:7982:1106/060457.462641:INFO:CONSOLE(36)] "changeMonitor ["banner","ad","over","label"]", source: chrome-extension://kbbgjcgdcibilpahljnlejefcehbljnd/app.js (36)
[7982:7982:1106/060500.630206:INFO:CONSOLE(35)] "sync tot (18/58) {"info":18} with 1 randomUUID(s) with 1 randomUUID(s)", source: chrome-extension://kbbgjcgdcibilpahljnlejefcehbljnd/app.js (35)
[7982:7982:1106/060500.727244:INFO:CONSOLE(1)] "get returns [object Object] local [object Object]", source: chrome-extension://kbbgjcgdcibilpahljnlejefcehbljnd/background.js (1)
[7982:7982:1106/060501.300855:INFO:CONSOLE(35)] "banner [object Object] extra metadata found: 1 {"banner":1}", source: chrome-extension://kbbgjcgdcibilpahljnlejefcehbljnd/app.js (35)
[7982:7982:1106/060501.303290:INFO:CONSOLE(35)] "newInfo [object Object]", source: chrome-extension://kbbgjcgdcibilpahljnlejefcehbljnd/app.js (35)
[7982:7982:1106/060501.310673:INFO:CONSOLE(35)] "ad [object Object] extra metadata found: 1 {"ad":1}", source: chrome-extension://kbbgjcgdcibilpahljnlejefcehbljnd/app.js (35)
[7982:7982:1106/060501.313626:INFO:CONSOLE(35)] "newInfo [object Object]", source: chrome-extension://kbbgjcgdcibilpahljnlejefcehbljnd/app.js (35)
[7982:7982:1106/060501.401797:INFO:CONSOLE(35)] "over ["Migliaia di bambini hanno bisogno del tuo aiuto oraWatch laterShareCopy linkInfoShopping"]", source: chrome-extension://kbbgjcgdcibilpahljnlejefcehbljnd/app.js (35)
[7982:7982:1106/060501.412686:INFO:CONSOLE(35)] "over  extra metadata found: 0 {}", source: chrome-extension://kbbgjcgdcibilpahljnlejefcehbljnd/app.js (35)
[7982:7982:1106/060501.415069:INFO:CONSOLE(35)] "newInfo [object Object]", source: chrome-extension://kbbgjcgdcibilpahljnlejefcehbljnd/app.js (35)
[7982:7982:1106/060501.440925:INFO:CONSOLE(35)] "selector Label, mineExtraMetadata calls extendLabel over 116", source: chrome-extension://kbbgjcgdcibilpahljnlejefcehbljnd/app.js (35)
[7982:7982:1106/060501.475336:INFO:CONSOLE(35)] "label [object Object],[object Object] extra metadata found: 2 {"number":2}", source: chrome-extension://kbbgjcgdcibilpahljnlejefcehbljnd/app.js (35)
[7982:7982:1106/060501.478531:INFO:CONSOLE(35)] "newInfo [object Object]", source: chrome-extension://kbbgjcgdcibilpahljnlejefcehbljnd/app.js (35)
[7982:7982:1106/060501.487014:INFO:CONSOLE(36)] "changeMonitor ["banner","ad","over","label"]", source: chrome-extension://kbbgjcgdcibilpahljnlejefcehbljnd/app.js (36)
[7982:7982:1106/060502.262912:INFO:CONSOLE(35)] "syncResponse [object Object]", source: chrome-extension://kbbgjcgdcibilpahljnlejefcehbljnd/app.js (35)
[7982:7982:1106/060509.247881:INFO:CONSOLE(35)] "banner [object Object] extra metadata found: 1 {"banner":1}", source: chrome-extension://kbbgjcgdcibilpahljnlejefcehbljnd/app.js (35)
[7982:7982:1106/060509.251556:INFO:CONSOLE(35)] "newInfo [object Object]", source: chrome-extension://kbbgjcgdcibilpahljnlejefcehbljnd/app.js (35)
[7982:7982:1106/060509.254492:INFO:CONSOLE(35)] "ad [object Object] extra metadata found: 1 {"ad":1}", source: chrome-extension://kbbgjcgdcibilpahljnlejefcehbljnd/app.js (35)
[7982:7982:1106/060509.262374:INFO:CONSOLE(35)] "newInfo [object Object]", source: chrome-extension://kbbgjcgdcibilpahljnlejefcehbljnd/app.js (35)
[7982:7982:1106/060509.268153:INFO:CONSOLE(35)] "over ["Migliaia di bambini hanno bisogno del tuo aiuto oraWatch laterShareCopy linkInfoShopping"]", source: chrome-extension://kbbgjcgdcibilpahljnlejefcehbljnd/app.js (35)
[7982:7982:1106/060509.275841:INFO:CONSOLE(35)] "over  extra metadata found: 0 {}", source: chrome-extension://kbbgjcgdcibilpahljnlejefcehbljnd/app.js (35)
[7982:7982:1106/060509.295416:INFO:CONSOLE(35)] "newInfo [object Object]", source: chrome-extension://kbbgjcgdcibilpahljnlejefcehbljnd/app.js (35)
[7982:7982:1106/060509.380703:INFO:CONSOLE(35)] "selector Label, mineExtraMetadata calls extendLabel over 116", source: chrome-extension://kbbgjcgdcibilpahljnlejefcehbljnd/app.js (35)
[7982:7982:1106/060509.427742:INFO:CONSOLE(35)] "label [object Object],[object Object] extra metadata found: 2 {"number":2}", source: chrome-extension://kbbgjcgdcibilpahljnlejefcehbljnd/app.js (35)
[7982:7982:1106/060509.440619:INFO:CONSOLE(35)] "newInfo [object Object]", source: chrome-extension://kbbgjcgdcibilpahljnlejefcehbljnd/app.js (35)
[7982:7982:1106/060509.440782:INFO:CONSOLE(36)] "changeMonitor ["banner","ad","over","label"]", source: chrome-extension://kbbgjcgdcibilpahljnlejefcehbljnd/app.js (36)
[7982:7982:1106/060513.250462:INFO:CONSOLE(35)] "banner [object Object] extra metadata found: 1 {"banner":1}", source: chrome-extension://kbbgjcgdcibilpahljnlejefcehbljnd/app.js (35)
[7982:7982:1106/060513.251475:INFO:CONSOLE(35)] "newInfo [object Object]", source: chrome-extension://kbbgjcgdcibilpahljnlejefcehbljnd/app.js (35)
[7982:7982:1106/060513.266649:INFO:CONSOLE(35)] "ad [object Object] extra metadata found: 1 {"ad":1}", source: chrome-extension://kbbgjcgdcibilpahljnlejefcehbljnd/app.js (35)
[7982:7982:1106/060513.267671:INFO:CONSOLE(35)] "newInfo [object Object]", source: chrome-extension://kbbgjcgdcibilpahljnlejefcehbljnd/app.js (35)
[7982:7982:1106/060513.283499:INFO:CONSOLE(35)] "over ["Migliaia di bambini hanno bisogno del tuo aiuto oraWatch laterShareCopy linkInfoShopping"]", source: chrome-extension://kbbgjcgdcibilpahljnlejefcehbljnd/app.js (35)
[7982:7982:1106/060513.285158:INFO:CONSOLE(35)] "over  extra metadata found: 0 {}", source: chrome-extension://kbbgjcgdcibilpahljnlejefcehbljnd/app.js (35)
[7982:7982:1106/060513.287512:INFO:CONSOLE(35)] "newInfo [object Object]", source: chrome-extension://kbbgjcgdcibilpahljnlejefcehbljnd/app.js (35)
[7982:7982:1106/060513.340146:INFO:CONSOLE(35)] "selector Label, mineExtraMetadata calls extendLabel over 116", source: chrome-extension://kbbgjcgdcibilpahljnlejefcehbljnd/app.js (35)
[7982:7982:1106/060513.350250:INFO:CONSOLE(35)] "label [object Object],[object Object] extra metadata found: 2 {"number":2}", source: chrome-extension://kbbgjcgdcibilpahljnlejefcehbljnd/app.js (35)
[7982:7982:1106/060513.352395:INFO:CONSOLE(35)] "newInfo [object Object]", source: chrome-extension://kbbgjcgdcibilpahljnlejefcehbljnd/app.js (35)
[7982:7982:1106/060513.361903:INFO:CONSOLE(36)] "changeMonitor ["banner","ad","over","label"]", source: chrome-extension://kbbgjcgdcibilpahljnlejefcehbljnd/app.js (36)
[7982:7982:1106/060517.415883:INFO:CONSOLE(35)] "banner  extra metadata found: 0 {}", source: chrome-extension://kbbgjcgdcibilpahljnlejefcehbljnd/app.js (35)
[7982:7982:1106/060517.417323:INFO:CONSOLE(35)] "newInfo [object Object]", source: chrome-extension://kbbgjcgdcibilpahljnlejefcehbljnd/app.js (35)
[7982:7982:1106/060517.424465:INFO:CONSOLE(35)] "channel  extra metadata found: 0 {}", source: chrome-extension://kbbgjcgdcibilpahljnlejefcehbljnd/app.js (35)
[7982:7982:1106/060517.451270:INFO:CONSOLE(35)] "newInfo [object Object]", source: chrome-extension://kbbgjcgdcibilpahljnlejefcehbljnd/app.js (35)
[7982:7982:1106/060517.489521:INFO:CONSOLE(35)] "title [object Object] extra metadata found: 1 {"innerTitle":1}", source: chrome-extension://kbbgjcgdcibilpahljnlejefcehbljnd/app.js (35)
[7982:7982:1106/060517.500542:INFO:CONSOLE(35)] "newInfo [object Object]", source: chrome-extension://kbbgjcgdcibilpahljnlejefcehbljnd/app.js (35)
[7982:7982:1106/060517.515068:INFO:CONSOLE(35)] "over ["Gov. Gavin Newsom's (Josh Meyers) Message for California VotersWatch laterShareCopy linkInfoShopping"]", source: chrome-extension://kbbgjcgdcibilpahljnlejefcehbljnd/app.js (35)
[7982:7982:1106/060517.524618:INFO:CONSOLE(35)] "over  extra metadata found: 0 {}", source: chrome-extension://kbbgjcgdcibilpahljnlejefcehbljnd/app.js (35)
[7982:7982:1106/060517.527159:INFO:CONSOLE(35)] "newInfo [object Object]", source: chrome-extension://kbbgjcgdcibilpahljnlejefcehbljnd/app.js (35)
[7982:7982:1106/060517.588634:INFO:CONSOLE(35)] "selector Label, mineExtraMetadata calls extendLabel over 123", source: chrome-extension://kbbgjcgdcibilpahljnlejefcehbljnd/app.js (35)
[7982:7982:1106/060517.593288:INFO:CONSOLE(35)] "label [object Object],[object Object] extra metadata found: 2 {"number":2}", source: chrome-extension://kbbgjcgdcibilpahljnlejefcehbljnd/app.js (35)
[7982:7982:1106/060517.594202:INFO:CONSOLE(35)] "newInfo [object Object]", source: chrome-extension://kbbgjcgdcibilpahljnlejefcehbljnd/app.js (35)
[7982:7982:1106/060517.596349:INFO:CONSOLE(36)] "changeMonitor ["banner","channel","title","over","label"]", source: chrome-extension://kbbgjcgdcibilpahljnlejefcehbljnd/app.js (36)
[7982:7982:1106/060520.597082:INFO:CONSOLE(35)] "sync tot (17/75) {"info":17} with 1 randomUUID(s) with 1 randomUUID(s)", source: chrome-extension://kbbgjcgdcibilpahljnlejefcehbljnd/app.js (35)
[7982:7982:1106/060520.949439:INFO:CONSOLE(1)] "get returns [object Object] local [object Object]", source: chrome-extension://kbbgjcgdcibilpahljnlejefcehbljnd/background.js (1)
[7982:7982:1106/060521.251377:INFO:CONSOLE(35)] "over ["Gov. Gavin Newsom's (Josh Meyers) Message for California VotersWatch laterShareCopy linkInfoShopping"]", source: chrome-extension://kbbgjcgdcibilpahljnlejefcehbljnd/app.js (35)
[7982:7982:1106/060521.251852:INFO:CONSOLE(35)] "over  extra metadata found: 0 {}", source: chrome-extension://kbbgjcgdcibilpahljnlejefcehbljnd/app.js (35)
[7982:7982:1106/060521.252865:INFO:CONSOLE(35)] "newInfo [object Object]", source: chrome-extension://kbbgjcgdcibilpahljnlejefcehbljnd/app.js (35)
[7982:7982:1106/060521.321694:INFO:CONSOLE(35)] "selector Label, mineExtraMetadata calls extendLabel over 123", source: chrome-extension://kbbgjcgdcibilpahljnlejefcehbljnd/app.js (35)
[7982:7982:1106/060521.322849:INFO:CONSOLE(35)] "label [object Object],[object Object] extra metadata found: 2 {"number":2}", source: chrome-extension://kbbgjcgdcibilpahljnlejefcehbljnd/app.js (35)
[7982:7982:1106/060521.323813:INFO:CONSOLE(35)] "newInfo [object Object]", source: chrome-extension://kbbgjcgdcibilpahljnlejefcehbljnd/app.js (35)
[7982:7982:1106/060521.324500:INFO:CONSOLE(36)] "changeMonitor ["over","label"]", source: chrome-extension://kbbgjcgdcibilpahljnlejefcehbljnd/app.js (36)
[7982:7982:1106/060521.987833:INFO:CONSOLE(35)] "syncResponse [object Object]", source: chrome-extension://kbbgjcgdcibilpahljnlejefcehbljnd/app.js (35)
[7982:7982:1106/060540.597529:INFO:CONSOLE(35)] "sync tot (2/77) {"info":2} with 1 randomUUID(s) with 1 randomUUID(s)", source: chrome-extension://kbbgjcgdcibilpahljnlejefcehbljnd/app.js (35)
[7982:7982:1106/060541.083825:INFO:CONSOLE(1)] "get returns [object Object] local [object Object]", source: chrome-extension://kbbgjcgdcibilpahljnlejefcehbljnd/background.js (1)
[7982:7982:1106/060541.339103:INFO:CONSOLE(35)] "selector Label, mineExtraMetadata calls extendLabel over 123", source: chrome-extension://kbbgjcgdcibilpahljnlejefcehbljnd/app.js (35)
[7982:7982:1106/060541.351307:INFO:CONSOLE(35)] "label [object Object],[object Object] extra metadata found: 2 {"number":2}", source: chrome-extension://kbbgjcgdcibilpahljnlejefcehbljnd/app.js (35)
[7982:7982:1106/060541.356155:INFO:CONSOLE(35)] "newInfo [object Object]", source: chrome-extension://kbbgjcgdcibilpahljnlejefcehbljnd/app.js (35)
[7982:7982:1106/060541.357033:INFO:CONSOLE(36)] "changeMonitor ["label"]", source: chrome-extension://kbbgjcgdcibilpahljnlejefcehbljnd/app.js (36)
[7982:7982:1106/060541.874112:INFO:CONSOLE(35)] "syncResponse [object Object]", source: chrome-extension://kbbgjcgdcibilpahljnlejefcehbljnd/app.js (35)
[7982:7982:1106/060549.287955:INFO:CONSOLE(35)] "selector Label, mineExtraMetadata calls extendLabel over 123", source: chrome-extension://kbbgjcgdcibilpahljnlejefcehbljnd/app.js (35)
[7982:7982:1106/060549.291866:INFO:CONSOLE(35)] "label [object Object],[object Object] extra metadata found: 2 {"number":2}", source: chrome-extension://kbbgjcgdcibilpahljnlejefcehbljnd/app.js (35)
[7982:7982:1106/060549.293973:INFO:CONSOLE(35)] "newInfo [object Object]", source: chrome-extension://kbbgjcgdcibilpahljnlejefcehbljnd/app.js (35)
[7982:7982:1106/060549.295911:INFO:CONSOLE(36)] "changeMonitor ["label"]", source: chrome-extension://kbbgjcgdcibilpahljnlejefcehbljnd/app.js (36)
[7982:7982:1106/060600.599424:INFO:CONSOLE(35)] "sync tot (2/79) {"info":2} with 1 randomUUID(s) with 1 randomUUID(s)", source: chrome-extension://kbbgjcgdcibilpahljnlejefcehbljnd/app.js (35)
[7982:7982:1106/060601.114480:INFO:CONSOLE(1)] "get returns [object Object] local [object Object]", source: chrome-extension://kbbgjcgdcibilpahljnlejefcehbljnd/background.js (1)
[7982:7982:1106/060602.479164:INFO:CONSOLE(35)] "syncResponse [object Object]", source: chrome-extension://kbbgjcgdcibilpahljnlejefcehbljnd/app.js (35)
[7982:7982:1106/060609.348970:INFO:CONSOLE(35)] "selector Label, mineExtraMetadata calls extendLabel over 123", source: chrome-extension://kbbgjcgdcibilpahljnlejefcehbljnd/app.js (35)
[7982:7982:1106/060609.355327:INFO:CONSOLE(35)] "label [object Object],[object Object] extra metadata found: 2 {"number":2}", source: chrome-extension://kbbgjcgdcibilpahljnlejefcehbljnd/app.js (35)
[7982:7982:1106/060609.357328:INFO:CONSOLE(35)] "newInfo [object Object]", source: chrome-extension://kbbgjcgdcibilpahljnlejefcehbljnd/app.js (35)
[7982:7982:1106/060609.357988:INFO:CONSOLE(36)] "changeMonitor ["label"]", source: chrome-extension://kbbgjcgdcibilpahljnlejefcehbljnd/app.js (36)
[7982:7982:1106/060620.598062:INFO:CONSOLE(35)] "sync tot (1/80) {"info":1} with 1 randomUUID(s) with 1 randomUUID(s)", source: chrome-extension://kbbgjcgdcibilpahljnlejefcehbljnd/app.js (35)
[7982:7982:1106/060620.929719:INFO:CONSOLE(1)] "get returns [object Object] local [object Object]", source: chrome-extension://kbbgjcgdcibilpahljnlejefcehbljnd/background.js (1)
[7982:7982:1106/060621.828697:INFO:CONSOLE(35)] "syncResponse [object Object]", source: chrome-extension://kbbgjcgdcibilpahljnlejefcehbljnd/app.js (35)
[7982:7982:1106/060641.408110:INFO:CONSOLE(35)] "selector Label, mineExtraMetadata calls extendLabel over 123", source: chrome-extension://kbbgjcgdcibilpahljnlejefcehbljnd/app.js (35)
[7982:7982:1106/060641.410970:INFO:CONSOLE(35)] "label [object Object],[object Object] extra metadata found: 2 {"number":2}", source: chrome-extension://kbbgjcgdcibilpahljnlejefcehbljnd/app.js (35)
[7982:7982:1106/060641.460765:INFO:CONSOLE(35)] "newInfo [object Object]", source: chrome-extension://kbbgjcgdcibilpahljnlejefcehbljnd/app.js (35)
[7982:7982:1106/060641.464841:INFO:CONSOLE(36)] "changeMonitor ["label"]", source: chrome-extension://kbbgjcgdcibilpahljnlejefcehbljnd/app.js (36)
[7982:7982:1106/060700.596290:INFO:CONSOLE(35)] "sync tot (1/81) {"info":1} with 1 randomUUID(s) with 1 randomUUID(s)", source: chrome-extension://kbbgjcgdcibilpahljnlejefcehbljnd/app.js (35)
[7982:7982:1106/060701.673178:INFO:CONSOLE(1)] "get returns [object Object] local [object Object]", source: chrome-extension://kbbgjcgdcibilpahljnlejefcehbljnd/background.js (1)
[7982:7982:1106/060703.088408:INFO:CONSOLE(35)] "syncResponse [object Object]", source: chrome-extension://kbbgjcgdcibilpahljnlejefcehbljnd/app.js (35)
[7982:7982:1106/060709.410119:INFO:CONSOLE(35)] "selector Label, mineExtraMetadata calls extendLabel over 123", source: chrome-extension://kbbgjcgdcibilpahljnlejefcehbljnd/app.js (35)
[7982:7982:1106/060709.431940:INFO:CONSOLE(35)] "label [object Object],[object Object] extra metadata found: 2 {"number":2}", source: chrome-extension://kbbgjcgdcibilpahljnlejefcehbljnd/app.js (35)
[7982:7982:1106/060709.438214:INFO:CONSOLE(35)] "newInfo [object Object]", source: chrome-extension://kbbgjcgdcibilpahljnlejefcehbljnd/app.js (35)
[7982:7982:1106/060709.440597:INFO:CONSOLE(36)] "changeMonitor ["label"]", source: chrome-extension://kbbgjcgdcibilpahljnlejefcehbljnd/app.js (36)
[7982:7982:1106/060720.603391:INFO:CONSOLE(35)] "sync tot (1/82) {"info":1} with 1 randomUUID(s) with 1 randomUUID(s)", source: chrome-extension://kbbgjcgdcibilpahljnlejefcehbljnd/app.js (35)
[7982:7982:1106/060721.382953:INFO:CONSOLE(1)] "get returns [object Object] local [object Object]", source: chrome-extension://kbbgjcgdcibilpahljnlejefcehbljnd/background.js (1)
[7982:7982:1106/060723.140294:INFO:CONSOLE(35)] "syncResponse [object Object]", source: chrome-extension://kbbgjcgdcibilpahljnlejefcehbljnd/app.js (35)
[7982:7982:1106/061945.304368:INFO:CONSOLE(35)] "selector Label, mineExtraMetadata calls extendLabel over 123", source: chrome-extension://kbbgjcgdcibilpahljnlejefcehbljnd/app.js (35)
[7982:7982:1106/061945.308070:INFO:CONSOLE(35)] "label [object Object],[object Object] extra metadata found: 2 {"number":2}", source: chrome-extension://kbbgjcgdcibilpahljnlejefcehbljnd/app.js (35)
[7982:7982:1106/061945.311761:INFO:CONSOLE(35)] "newInfo [object Object]", source: chrome-extension://kbbgjcgdcibilpahljnlejefcehbljnd/app.js (35)
[7982:7982:1106/061945.316394:INFO:CONSOLE(36)] "changeMonitor ["label"]", source: chrome-extension://kbbgjcgdcibilpahljnlejefcehbljnd/app.js (36)
[7982:7982:1106/061949.323965:INFO:CONSOLE(35)] "selector Label, mineExtraMetadata calls extendLabel over 123", source: chrome-extension://kbbgjcgdcibilpahljnlejefcehbljnd/app.js (35)
[7982:7982:1106/061949.334421:INFO:CONSOLE(35)] "label [object Object],[object Object] extra metadata found: 2 {"number":2}", source: chrome-extension://kbbgjcgdcibilpahljnlejefcehbljnd/app.js (35)
[7982:7982:1106/061949.338771:INFO:CONSOLE(35)] "newInfo [object Object]", source: chrome-extension://kbbgjcgdcibilpahljnlejefcehbljnd/app.js (35)
[7982:7982:1106/061949.343869:INFO:CONSOLE(36)] "changeMonitor ["label"]", source: chrome-extension://kbbgjcgdcibilpahljnlejefcehbljnd/app.js (36)
[7982:7982:1106/062000.596460:INFO:CONSOLE(35)] "sync tot (2/84) {"info":2} with 1 randomUUID(s) with 1 randomUUID(s)", source: chrome-extension://kbbgjcgdcibilpahljnlejefcehbljnd/app.js (35)
[7982:7982:1106/062000.918234:INFO:CONSOLE(1)] "get returns [object Object] local [object Object]", source: chrome-extension://kbbgjcgdcibilpahljnlejefcehbljnd/background.js (1)
[7982:7982:1106/062002.169849:INFO:CONSOLE(35)] "syncResponse [object Object]", source: chrome-extension://kbbgjcgdcibilpahljnlejefcehbljnd/app.js (35)
[7982:7982:1106/062257.021739:INFO:CONSOLE(35)] "windowUnload undefined", source: chrome-extension://kbbgjcgdcibilpahljnlejefcehbljnd/app.js (35)
[7982:7982:1106/062257.444846:WARNING:pref_notifier_impl.cc(40)] Pref observer for media_router.cast_allow_all_ips found at shutdown.
