[6592:6592:1105/000649.140665:INFO:CONSOLE(8560)] "observer method `collapsedChange_` not defined", source: https://www.youtube.com/s/desktop/0a8f585d/jsbin/desktop_polymer_inlined_html_polymer_flags.vflset/desktop_polymer_inlined_html_polymer_flags.js (8560)
[6592:6592:1105/000649.986247:INFO:CONSOLE(1)] "get returns [object Object] /settings undefined", source: chrome-extension://kbbgjcgdcibilpahljnlejefcehbljnd/background.js (1)
[6592:6592:1105/000650.057234:INFO:CONSOLE(36)] "yttrex version 1.4.2", source: chrome-extension://kbbgjcgdcibilpahljnlejefcehbljnd/app.js (36)
[6592:6592:1105/000650.057351:INFO:CONSOLE(36)] "[object Object]", source: chrome-extension://kbbgjcgdcibilpahljnlejefcehbljnd/app.js (36)
[6592:6592:1105/000650.060143:INFO:CONSOLE(1)] "get returns [object Object] local [object Object]", source: chrome-extension://kbbgjcgdcibilpahljnlejefcehbljnd/background.js (1)
[6592:6592:1105/000650.068741:INFO:CONSOLE(27)] "sending back from userLookup local [object Object]", source: chrome-extension://kbbgjcgdcibilpahljnlejefcehbljnd/background.js (27)
[6592:6592:1105/000650.172304:INFO:CONSOLE(36)] "app.js gets [object Object] from localLookup", source: chrome-extension://kbbgjcgdcibilpahljnlejefcehbljnd/app.js (36)
[6592:6592:1105/000653.043989:INFO:CONSOLE(0)] "The resource https://r4---sn-45nufxc-4jve.googlevideo.com/generate_204?conn2 was preloaded using link preload but not used within a few seconds from the window's load event. Please make sure it has an appropriate `as` value and it is preloaded intentionally.", source: https://www.youtube.com/watch?v=qaM80BjvLuA (0)
[6592:6592:1105/000653.044125:INFO:CONSOLE(0)] "The resource https://i.ytimg.com/generate_204 was preloaded using link preload but not used within a few seconds from the window's load event. Please make sure it has an appropriate `as` value and it is preloaded intentionally.", source: https://www.youtube.com/watch?v=qaM80BjvLuA (0)
[6592:6592:1105/000653.044192:INFO:CONSOLE(0)] "The resource https://r4---sn-45nufxc-4jve.googlevideo.com/generate_204 was preloaded using link preload but not used within a few seconds from the window's load event. Please make sure it has an appropriate `as` value and it is preloaded intentionally.", source: https://www.youtube.com/watch?v=qaM80BjvLuA (0)
[6592:6592:1105/000654.182727:INFO:CONSOLE(35)] "channel  extra metadata found: 0 {}", source: chrome-extension://kbbgjcgdcibilpahljnlejefcehbljnd/app.js (35)
[6592:6592:1105/000654.183726:INFO:CONSOLE(35)] "newInfo [object Object]", source: chrome-extension://kbbgjcgdcibilpahljnlejefcehbljnd/app.js (35)
[6592:6592:1105/000654.186230:INFO:CONSOLE(35)] "title [object Object] extra metadata found: 1 {"innerTitle":1}", source: chrome-extension://kbbgjcgdcibilpahljnlejefcehbljnd/app.js (35)
[6592:6592:1105/000654.186702:INFO:CONSOLE(35)] "newInfo [object Object]", source: chrome-extension://kbbgjcgdcibilpahljnlejefcehbljnd/app.js (35)
[6592:6592:1105/000654.189384:INFO:CONSOLE(35)] "over ["What does the first plant on the moon look like？Watch laterShareCopy linkInfoShopping"]", source: chrome-extension://kbbgjcgdcibilpahljnlejefcehbljnd/app.js (35)
[6592:6592:1105/000654.189725:INFO:CONSOLE(35)] "over  extra metadata found: 0 {}", source: chrome-extension://kbbgjcgdcibilpahljnlejefcehbljnd/app.js (35)
[6592:6592:1105/000654.190230:INFO:CONSOLE(35)] "newInfo [object Object]", source: chrome-extension://kbbgjcgdcibilpahljnlejefcehbljnd/app.js (35)
[6592:6592:1105/000654.202605:INFO:CONSOLE(35)] "selector Label, mineExtraMetadata calls extendLabel over 122", source: chrome-extension://kbbgjcgdcibilpahljnlejefcehbljnd/app.js (35)
[6592:6592:1105/000654.205309:INFO:CONSOLE(35)] "label [object Object],[object Object] extra metadata found: 2 {"number":2}", source: chrome-extension://kbbgjcgdcibilpahljnlejefcehbljnd/app.js (35)
[6592:6592:1105/000654.205914:INFO:CONSOLE(35)] "newInfo [object Object]", source: chrome-extension://kbbgjcgdcibilpahljnlejefcehbljnd/app.js (35)
[6592:6592:1105/000654.206241:INFO:CONSOLE(36)] "changeMonitor ["channel","title","over","label"]", source: chrome-extension://kbbgjcgdcibilpahljnlejefcehbljnd/app.js (36)
[6592:6592:1105/000659.190113:INFO:CONSOLE(35)] "newVideo [object Object]", source: chrome-extension://kbbgjcgdcibilpahljnlejefcehbljnd/app.js (35)
[6592:6592:1105/000659.191358:INFO:CONSOLE(36)] "-> 1 new href+content sent, selector ytd-app Thu Nov 05 2020 00:06:59 GMT+0100 (Central European Standard Time) size 243981 243981", source: chrome-extension://kbbgjcgdcibilpahljnlejefcehbljnd/app.js (36)
[6592:6592:1105/000702.181074:INFO:CONSOLE(35)] "channel  extra metadata found: 0 {}", source: chrome-extension://kbbgjcgdcibilpahljnlejefcehbljnd/app.js (35)
[6592:6592:1105/000702.181772:INFO:CONSOLE(35)] "newInfo [object Object]", source: chrome-extension://kbbgjcgdcibilpahljnlejefcehbljnd/app.js (35)
[6592:6592:1105/000702.183732:INFO:CONSOLE(35)] "title [object Object] extra metadata found: 1 {"innerTitle":1}", source: chrome-extension://kbbgjcgdcibilpahljnlejefcehbljnd/app.js (35)
[6592:6592:1105/000702.186067:INFO:CONSOLE(35)] "newInfo [object Object]", source: chrome-extension://kbbgjcgdcibilpahljnlejefcehbljnd/app.js (35)
[6592:6592:1105/000702.191220:INFO:CONSOLE(35)] "over ["What does the first plant on the moon look like？Watch laterShareCopy linkInfoShopping"]", source: chrome-extension://kbbgjcgdcibilpahljnlejefcehbljnd/app.js (35)
[6592:6592:1105/000702.191716:INFO:CONSOLE(35)] "over  extra metadata found: 0 {}", source: chrome-extension://kbbgjcgdcibilpahljnlejefcehbljnd/app.js (35)
[6592:6592:1105/000702.192700:INFO:CONSOLE(35)] "newInfo [object Object]", source: chrome-extension://kbbgjcgdcibilpahljnlejefcehbljnd/app.js (35)
[6592:6592:1105/000702.209778:INFO:CONSOLE(35)] "selector Label, mineExtraMetadata calls extendLabel over 122", source: chrome-extension://kbbgjcgdcibilpahljnlejefcehbljnd/app.js (35)
[6592:6592:1105/000702.212116:INFO:CONSOLE(35)] "label [object Object],[object Object] extra metadata found: 2 {"number":2}", source: chrome-extension://kbbgjcgdcibilpahljnlejefcehbljnd/app.js (35)
[6592:6592:1105/000702.213262:INFO:CONSOLE(35)] "newInfo [object Object]", source: chrome-extension://kbbgjcgdcibilpahljnlejefcehbljnd/app.js (35)
[6592:6592:1105/000702.214162:INFO:CONSOLE(36)] "changeMonitor ["channel","title","over","label"]", source: chrome-extension://kbbgjcgdcibilpahljnlejefcehbljnd/app.js (36)
[6592:6592:1105/000710.061330:INFO:CONSOLE(35)] "sync tot (9/9) {"info":8,"video":1} with 1 randomUUID(s) with 1 randomUUID(s)", source: chrome-extension://kbbgjcgdcibilpahljnlejefcehbljnd/app.js (35)
[6592:6592:1105/000710.609884:INFO:CONSOLE(1)] "get returns [object Object] local [object Object]", source: chrome-extension://kbbgjcgdcibilpahljnlejefcehbljnd/background.js (1)
[6592:6592:1105/000710.633098:INFO:CONSOLE(35)] "windowUnload undefined", source: chrome-extension://kbbgjcgdcibilpahljnlejefcehbljnd/app.js (35)
[6592:6592:1105/000715.083815:INFO:CONSOLE(8560)] "observer method `collapsedChange_` not defined", source: https://www.youtube.com/s/desktop/0a8f585d/jsbin/desktop_polymer_inlined_html_polymer_flags.vflset/desktop_polymer_inlined_html_polymer_flags.js (8560)
[6592:6592:1105/000715.476616:INFO:CONSOLE(1)] "get returns [object Object] /settings undefined", source: chrome-extension://kbbgjcgdcibilpahljnlejefcehbljnd/background.js (1)
[6592:6592:1105/000715.687971:INFO:CONSOLE(36)] "yttrex version 1.4.2", source: chrome-extension://kbbgjcgdcibilpahljnlejefcehbljnd/app.js (36)
[6592:6592:1105/000715.689744:INFO:CONSOLE(36)] "[object Object]", source: chrome-extension://kbbgjcgdcibilpahljnlejefcehbljnd/app.js (36)
[6592:6592:1105/000715.705261:INFO:CONSOLE(1)] "get returns [object Object] local [object Object]", source: chrome-extension://kbbgjcgdcibilpahljnlejefcehbljnd/background.js (1)
[6592:6592:1105/000715.714877:INFO:CONSOLE(27)] "sending back from userLookup local [object Object]", source: chrome-extension://kbbgjcgdcibilpahljnlejefcehbljnd/background.js (27)
[6592:6592:1105/000715.896148:INFO:CONSOLE(36)] "app.js gets [object Object] from localLookup", source: chrome-extension://kbbgjcgdcibilpahljnlejefcehbljnd/app.js (36)
[6592:6592:1105/000719.056807:INFO:CONSOLE(0)] "The resource https://r4---sn-45nufxc-4jve.googlevideo.com/generate_204?conn2 was preloaded using link preload but not used within a few seconds from the window's load event. Please make sure it has an appropriate `as` value and it is preloaded intentionally.", source: https://www.youtube.com/watch?v=qaM80BjvLuA (0)
[6592:6592:1105/000719.058324:INFO:CONSOLE(0)] "The resource https://i.ytimg.com/generate_204 was preloaded using link preload but not used within a few seconds from the window's load event. Please make sure it has an appropriate `as` value and it is preloaded intentionally.", source: https://www.youtube.com/watch?v=qaM80BjvLuA (0)
[6592:6592:1105/000719.058444:INFO:CONSOLE(0)] "The resource https://r4---sn-45nufxc-4jve.googlevideo.com/generate_204 was preloaded using link preload but not used within a few seconds from the window's load event. Please make sure it has an appropriate `as` value and it is preloaded intentionally.", source: https://www.youtube.com/watch?v=qaM80BjvLuA (0)
[6592:6592:1105/000719.905268:INFO:CONSOLE(35)] "channel  extra metadata found: 0 {}", source: chrome-extension://kbbgjcgdcibilpahljnlejefcehbljnd/app.js (35)
[6592:6592:1105/000719.906014:INFO:CONSOLE(35)] "newInfo [object Object]", source: chrome-extension://kbbgjcgdcibilpahljnlejefcehbljnd/app.js (35)
[6592:6592:1105/000719.911387:INFO:CONSOLE(35)] "title [object Object] extra metadata found: 1 {"innerTitle":1}", source: chrome-extension://kbbgjcgdcibilpahljnlejefcehbljnd/app.js (35)
[6592:6592:1105/000719.911591:INFO:CONSOLE(35)] "newInfo [object Object]", source: chrome-extension://kbbgjcgdcibilpahljnlejefcehbljnd/app.js (35)
[6592:6592:1105/000719.914841:INFO:CONSOLE(35)] "over ["What does the first plant on the moon look like？Watch laterShareCopy linkInfoShopping"]", source: chrome-extension://kbbgjcgdcibilpahljnlejefcehbljnd/app.js (35)
[6592:6592:1105/000719.915335:INFO:CONSOLE(35)] "over  extra metadata found: 0 {}", source: chrome-extension://kbbgjcgdcibilpahljnlejefcehbljnd/app.js (35)
[6592:6592:1105/000719.916292:INFO:CONSOLE(35)] "newInfo [object Object]", source: chrome-extension://kbbgjcgdcibilpahljnlejefcehbljnd/app.js (35)
[6592:6592:1105/000719.930900:INFO:CONSOLE(35)] "selector Label, mineExtraMetadata calls extendLabel over 122", source: chrome-extension://kbbgjcgdcibilpahljnlejefcehbljnd/app.js (35)
[6592:6592:1105/000719.934384:INFO:CONSOLE(35)] "label [object Object],[object Object] extra metadata found: 2 {"number":2}", source: chrome-extension://kbbgjcgdcibilpahljnlejefcehbljnd/app.js (35)
[6592:6592:1105/000719.935211:INFO:CONSOLE(35)] "newInfo [object Object]", source: chrome-extension://kbbgjcgdcibilpahljnlejefcehbljnd/app.js (35)
[6592:6592:1105/000719.935575:INFO:CONSOLE(36)] "changeMonitor ["channel","title","over","label"]", source: chrome-extension://kbbgjcgdcibilpahljnlejefcehbljnd/app.js (36)
[6592:6592:1105/000724.908968:INFO:CONSOLE(35)] "newVideo [object Object]", source: chrome-extension://kbbgjcgdcibilpahljnlejefcehbljnd/app.js (35)
[6592:6592:1105/000724.910124:INFO:CONSOLE(36)] "-> 1 new href+content sent, selector ytd-app Thu Nov 05 2020 00:07:24 GMT+0100 (Central European Standard Time) size 246269 246269", source: chrome-extension://kbbgjcgdcibilpahljnlejefcehbljnd/app.js (36)
[6592:6592:1105/000727.906412:INFO:CONSOLE(35)] "channel  extra metadata found: 0 {}", source: chrome-extension://kbbgjcgdcibilpahljnlejefcehbljnd/app.js (35)
[6592:6592:1105/000727.907161:INFO:CONSOLE(35)] "newInfo [object Object]", source: chrome-extension://kbbgjcgdcibilpahljnlejefcehbljnd/app.js (35)
[6592:6592:1105/000727.909366:INFO:CONSOLE(35)] "title [object Object] extra metadata found: 1 {"innerTitle":1}", source: chrome-extension://kbbgjcgdcibilpahljnlejefcehbljnd/app.js (35)
[6592:6592:1105/000727.910643:INFO:CONSOLE(35)] "newInfo [object Object]", source: chrome-extension://kbbgjcgdcibilpahljnlejefcehbljnd/app.js (35)
[6592:6592:1105/000727.916214:INFO:CONSOLE(35)] "over ["What does the first plant on the moon look like？Watch laterShareCopy linkInfoShopping"]", source: chrome-extension://kbbgjcgdcibilpahljnlejefcehbljnd/app.js (35)
[6592:6592:1105/000727.916680:INFO:CONSOLE(35)] "over  extra metadata found: 0 {}", source: chrome-extension://kbbgjcgdcibilpahljnlejefcehbljnd/app.js (35)
[6592:6592:1105/000727.917518:INFO:CONSOLE(35)] "newInfo [object Object]", source: chrome-extension://kbbgjcgdcibilpahljnlejefcehbljnd/app.js (35)
[6592:6592:1105/000727.933211:INFO:CONSOLE(35)] "selector Label, mineExtraMetadata calls extendLabel over 122", source: chrome-extension://kbbgjcgdcibilpahljnlejefcehbljnd/app.js (35)
[6592:6592:1105/000727.933457:INFO:CONSOLE(35)] "label [object Object],[object Object] extra metadata found: 2 {"number":2}", source: chrome-extension://kbbgjcgdcibilpahljnlejefcehbljnd/app.js (35)
[6592:6592:1105/000727.934441:INFO:CONSOLE(35)] "newInfo [object Object]", source: chrome-extension://kbbgjcgdcibilpahljnlejefcehbljnd/app.js (35)
[6592:6592:1105/000727.935132:INFO:CONSOLE(36)] "changeMonitor ["channel","title","over","label"]", source: chrome-extension://kbbgjcgdcibilpahljnlejefcehbljnd/app.js (36)
[6592:6592:1105/000735.691054:INFO:CONSOLE(35)] "sync tot (9/9) {"info":8,"video":1} with 1 randomUUID(s) with 1 randomUUID(s)", source: chrome-extension://kbbgjcgdcibilpahljnlejefcehbljnd/app.js (35)
[6592:6592:1105/000735.808245:INFO:CONSOLE(1)] "get returns [object Object] local [object Object]", source: chrome-extension://kbbgjcgdcibilpahljnlejefcehbljnd/background.js (1)
[6592:6592:1105/000736.438495:INFO:CONSOLE(35)] "syncResponse [object Object]", source: chrome-extension://kbbgjcgdcibilpahljnlejefcehbljnd/app.js (35)
[6592:6592:1105/000736.873451:WARNING:pref_notifier_impl.cc(40)] Pref observer for media_router.cast_allow_all_ips found at shutdown.
